#
# There is insufficient memory for the Java Runtime Environment to continue.
# Native memory allocation (mmap) failed to map 351272960 bytes. Error detail: G1 virtual space
# Possible reasons:
#   The system is out of physical RAM or swap space
#   This process is running with CompressedOops enabled, and the Java Heap may be blocking the growth of the native heap
# Possible solutions:
#   Reduce memory load on the system
#   Increase physical memory or swap space
#   Check if swap backing store is full
#   Decrease Java heap size (-Xmx/-Xms)
#   Decrease number of Java threads
#   Decrease Java thread stack sizes (-Xss)
#   Set larger code cache with -XX:ReservedCodeCacheSize=
#   JVM is running with Unscaled Compressed Oops mode in which the Java heap is
#     placed in the first 4GB address space. The Java Heap base address is the
#     maximum limit for the native heap growth. Please use -XX:HeapBaseMinAddress
#     to set the Java Heap base and to place the Java Heap above 4GB virtual address.
# This output file may be truncated or incomplete.
#
#  Out of Memory Error (os_windows.cpp:3618), pid=17320, tid=4220
#
# JRE version: OpenJDK Runtime Environment Temurin-17.0.14+7 (17.0.14+7) (build 17.0.14+7)
# Java VM: OpenJDK 64-Bit Server VM Temurin-17.0.14+7 (17.0.14+7, mixed mode, sharing, tiered, compressed oops, compressed class ptrs, g1 gc, windows-amd64)
# No core dump will be written. Minidumps are not enabled by default on client versions of Windows
#

---------------  S U M M A R Y ------------

Command Line: --add-opens=java.base/java.lang=ALL-UNNAMED --add-opens=java.base/java.lang.invoke=ALL-UNNAMED --add-opens=java.base/java.util=ALL-UNNAMED --add-opens=java.prefs/java.util.prefs=ALL-UNNAMED --add-exports=jdk.compiler/com.sun.tools.javac.api=ALL-UNNAMED --add-exports=jdk.compiler/com.sun.tools.javac.util=ALL-UNNAMED --add-opens=java.base/java.util=ALL-UNNAMED --add-opens=java.prefs/java.util.prefs=ALL-UNNAMED --add-opens=java.base/java.nio.charset=ALL-UNNAMED --add-opens=java.base/java.net=ALL-UNNAMED --add-opens=java.base/java.util.concurrent.atomic=ALL-UNNAMED --add-opens=java.xml/javax.xml.namespace=ALL-UNNAMED -Xmx2048m -Dfile.encoding=UTF-8 -Duser.country=MX -Duser.language=es -Duser.variant -javaagent:C:\Users\ceiv0\.gradle\wrapper\dists\gradle-8.11.1-bin\bpt9gzteqjrbo1mjrsomdt32c\gradle-8.11.1\lib\agents\gradle-instrumentation-agent-8.11.1.jar org.gradle.launcher.daemon.bootstrap.GradleDaemon 8.11.1

Host: AMD Ryzen 3 5300U with Radeon Graphics         , 8 cores, 5G,  Windows 11 , 64 bit Build 22621 (10.0.22621.5124)
Time: Thu May 15 01:44:39 2025 Hora estándar central (México) elapsed time: 102.578395 seconds (0d 0h 1m 42s)

---------------  T H R E A D  ---------------

Current thread (0x0000021c15392fb0):  VMThread "VM Thread" [stack: 0x00000069df100000,0x00000069df200000] [id=4220]

Stack: [0x00000069df100000,0x00000069df200000]
Native frames: (J=compiled Java code, j=interpreted, Vv=VM code, C=native code)
V  [jvm.dll+0x682eb9]
V  [jvm.dll+0x8399c8]
V  [jvm.dll+0x83b473]
V  [jvm.dll+0x83bae3]
V  [jvm.dll+0x24715f]
V  [jvm.dll+0x67fc99]
V  [jvm.dll+0x674b8a]
V  [jvm.dll+0x304c06]
V  [jvm.dll+0x30c0c6]
V  [jvm.dll+0x35dc3e]
V  [jvm.dll+0x35de7d]
V  [jvm.dll+0x2dbfcc]
V  [jvm.dll+0x2da36f]
V  [jvm.dll+0x2d9adc]
V  [jvm.dll+0x31d2bb]
V  [jvm.dll+0x84031d]
V  [jvm.dll+0x841053]
V  [jvm.dll+0x84157f]
V  [jvm.dll+0x841964]
V  [jvm.dll+0x841a2e]
V  [jvm.dll+0x7e948c]
V  [jvm.dll+0x681d97]
C  [ucrtbase.dll+0x29333]
C  [KERNEL32.DLL+0x1259d]
C  [ntdll.dll+0x5af38]

VM_Operation (0x00000069e30fa260): G1CollectForAllocation, mode: safepoint, requested by thread 0x0000021c6e8d4ec0


---------------  P R O C E S S  ---------------

Threads class SMR info:
_java_thread_list=0x0000021c5bc98a50, length=72, elements={
0x0000021c76e3c250, 0x0000021c15397650, 0x0000021c153984d0, 0x0000021c153a9320,
0x0000021c153a9ee0, 0x0000021c153ac8b0, 0x0000021c153ae280, 0x0000021c153b0030,
0x0000021c153bab00, 0x0000021c153bd510, 0x0000021c155fc8c0, 0x0000021c156b6730,
0x0000021c5c7e44f0, 0x0000021c5c48ba80, 0x0000021c5c7cd830, 0x0000021c5c777880,
0x0000021c5c087f60, 0x0000021c5c088980, 0x0000021c5c0893a0, 0x0000021c5c089dc0,
0x0000021c5c087540, 0x0000021c5dc2ffc0, 0x0000021c5dc31e20, 0x0000021c5eda6000,
0x0000021c5fef0250, 0x0000021c5d0db900, 0x0000021c5d0deba0, 0x0000021c5d0de180,
0x0000021c5d0e0f10, 0x0000021c5d0dbe10, 0x0000021c5d0de690, 0x0000021c5d0dc320,
0x0000021c5d0df0b0, 0x0000021c5d0e1420, 0x0000021c5d0dc830, 0x0000021c5d0e1930,
0x0000021c5d0e2860, 0x0000021c5d0e2350, 0x0000021c5d0db3f0, 0x0000021c5d0dd250,
0x0000021c5d0ddc70, 0x0000021c5d0dffe0, 0x0000021c5d0e0a00, 0x0000021c5d0dd760,
0x0000021c5d0dfad0, 0x0000021c5d0e04f0, 0x0000021c6e8d6810, 0x0000021c6e8d3060,
0x0000021c6e8d3570, 0x0000021c6e8d44a0, 0x0000021c6dc51af0, 0x0000021c6e8d1710,
0x0000021c6e8d58e0, 0x0000021c6e8d2640, 0x0000021c6e8d3f90, 0x0000021c6e8d5df0,
0x0000021c6e8d07e0, 0x0000021c6e8d49b0, 0x0000021c6e8d4ec0, 0x0000021c6e8d3a80,
0x0000021c6e8d2130, 0x0000021c6e8d53d0, 0x0000021c6e8cfdc0, 0x0000021c6e8d6300,
0x0000021c6e8d02d0, 0x0000021c6e8d1200, 0x0000021c6e8d1c20, 0x0000021c5dc309e0,
0x0000021c5dc32d50, 0x0000021c5dc33260, 0x0000021c5dc355d0, 0x0000021c5dc36500
}

Java Threads: ( => current thread )
  0x0000021c76e3c250 JavaThread "main" [_thread_blocked, id=4052, stack(0x00000069deb00000,0x00000069dec00000)]
  0x0000021c15397650 JavaThread "Reference Handler" daemon [_thread_blocked, id=16056, stack(0x00000069df200000,0x00000069df300000)]
  0x0000021c153984d0 JavaThread "Finalizer" daemon [_thread_blocked, id=18364, stack(0x00000069df300000,0x00000069df400000)]
  0x0000021c153a9320 JavaThread "Signal Dispatcher" daemon [_thread_blocked, id=7588, stack(0x00000069df400000,0x00000069df500000)]
  0x0000021c153a9ee0 JavaThread "Attach Listener" daemon [_thread_blocked, id=20032, stack(0x00000069df500000,0x00000069df600000)]
  0x0000021c153ac8b0 JavaThread "Service Thread" daemon [_thread_blocked, id=15152, stack(0x00000069df600000,0x00000069df700000)]
  0x0000021c153ae280 JavaThread "Monitor Deflation Thread" daemon [_thread_blocked, id=18092, stack(0x00000069df700000,0x00000069df800000)]
  0x0000021c153b0030 JavaThread "C2 CompilerThread0" daemon [_thread_blocked, id=16712, stack(0x00000069df800000,0x00000069df900000)]
  0x0000021c153bab00 JavaThread "C1 CompilerThread0" daemon [_thread_blocked, id=18024, stack(0x00000069df900000,0x00000069dfa00000)]
  0x0000021c153bd510 JavaThread "Sweeper thread" daemon [_thread_blocked, id=16552, stack(0x00000069dfa00000,0x00000069dfb00000)]
  0x0000021c155fc8c0 JavaThread "Common-Cleaner" daemon [_thread_blocked, id=8660, stack(0x00000069dfb00000,0x00000069dfc00000)]
  0x0000021c156b6730 JavaThread "Notification Thread" daemon [_thread_blocked, id=18668, stack(0x00000069dfc00000,0x00000069dfd00000)]
  0x0000021c5c7e44f0 JavaThread "Daemon health stats" [_thread_blocked, id=18768, stack(0x00000069e0200000,0x00000069e0300000)]
  0x0000021c5c48ba80 JavaThread "Incoming local TCP Connector on port 53794" [_thread_in_native, id=7292, stack(0x00000069e0300000,0x00000069e0400000)]
  0x0000021c5c7cd830 JavaThread "Daemon periodic checks" [_thread_blocked, id=13196, stack(0x00000069e0400000,0x00000069e0500000)]
  0x0000021c5c777880 JavaThread "Daemon" [_thread_blocked, id=3940, stack(0x00000069e0500000,0x00000069e0600000)]
  0x0000021c5c087f60 JavaThread "Daemon worker" [_thread_blocked, id=12880, stack(0x00000069e0800000,0x00000069e0900000)]
  0x0000021c5c088980 JavaThread "Cache worker for journal cache (C:\Users\ceiv0\.gradle\caches\journal-1)" [_thread_blocked, id=16424, stack(0x00000069e0f00000,0x00000069e1000000)]
  0x0000021c5c0893a0 JavaThread "File lock request listener" [_thread_in_native, id=19336, stack(0x00000069e1000000,0x00000069e1100000)]
  0x0000021c5c089dc0 JavaThread "Cache worker for file hash cache (C:\Users\ceiv0\.gradle\caches\8.11.1\fileHashes)" [_thread_blocked, id=7460, stack(0x00000069e1100000,0x00000069e1200000)]
  0x0000021c5c087540 JavaThread "Cache worker for file content cache (C:\Users\ceiv0\.gradle\caches\8.11.1\fileContent)" [_thread_blocked, id=14356, stack(0x00000069e1200000,0x00000069e1300000)]
  0x0000021c5dc2ffc0 JavaThread "File watcher server" daemon [_thread_blocked, id=17008, stack(0x00000069e1600000,0x00000069e1700000)]
  0x0000021c5dc31e20 JavaThread "File watcher consumer" daemon [_thread_blocked, id=11768, stack(0x00000069e1700000,0x00000069e1800000)]
  0x0000021c5eda6000 JavaThread "Memory manager" [_thread_blocked, id=9020, stack(0x00000069e3400000,0x00000069e3500000)]
  0x0000021c5fef0250 JavaThread "included builds" [_thread_blocked, id=15748, stack(0x00000069e3700000,0x00000069e3800000)]
  0x0000021c5d0db900 JavaThread "VFS cleanup" [_thread_blocked, id=13948, stack(0x00000069e0900000,0x00000069e0a00000)]
  0x0000021c5d0deba0 JavaThread "Handler for socket connection from /127.0.0.1:53794 to /127.0.0.1:53806" [_thread_in_native, id=20088, stack(0x00000069de800000,0x00000069de900000)]
  0x0000021c5d0de180 JavaThread "Cancel handler" [_thread_blocked, id=19592, stack(0x00000069de900000,0x00000069dea00000)]
  0x0000021c5d0e0f10 JavaThread "Asynchronous log dispatcher for DefaultDaemonConnection: socket connection from /127.0.0.1:53794 to /127.0.0.1:53806" [_thread_blocked, id=16216, stack(0x00000069dea00000,0x00000069deb00000)]
  0x0000021c5d0dbe10 JavaThread "Stdin handler" [_thread_blocked, id=16992, stack(0x00000069e0600000,0x00000069e0700000)]
  0x0000021c5d0de690 JavaThread "Daemon client event forwarder" [_thread_blocked, id=748, stack(0x00000069e0700000,0x00000069e0800000)]
  0x0000021c5d0dc320 JavaThread "Cache worker for file hash cache (C:\Users\ceiv0\OneDrive\Documentos\GitHub\SkulfulHarmony\.gradle\8.11.1\fileHashes)" [_thread_blocked, id=18856, stack(0x00000069e0a00000,0x00000069e0b00000)]
  0x0000021c5d0df0b0 JavaThread "Cache worker for Build Output Cleanup Cache (C:\Users\ceiv0\OneDrive\Documentos\GitHub\SkulfulHarmony\.gradle\buildOutputCleanup)" [_thread_blocked, id=19564, stack(0x00000069e0b00000,0x00000069e0c00000)]
  0x0000021c5d0e1420 JavaThread "Cache worker for checksums cache (C:\Users\ceiv0\OneDrive\Documentos\GitHub\SkulfulHarmony\.gradle\8.11.1\checksums)" [_thread_blocked, id=15984, stack(0x00000069e1300000,0x00000069e1400000)]
  0x0000021c5d0dc830 JavaThread "Cache worker for cache directory md-rule (C:\Users\ceiv0\.gradle\caches\8.11.1\md-rule)" [_thread_blocked, id=17276, stack(0x00000069e1400000,0x00000069e1500000)]
  0x0000021c5d0e1930 JavaThread "Cache worker for cache directory md-supplier (C:\Users\ceiv0\.gradle\caches\8.11.1\md-supplier)" [_thread_blocked, id=17560, stack(0x00000069e1800000,0x00000069e1900000)]
  0x0000021c5d0e2860 JavaThread "Unconstrained build operations" [_thread_blocked, id=3624, stack(0x00000069e1900000,0x00000069e1a00000)]
  0x0000021c5d0e2350 JavaThread "Unconstrained build operations Thread 2" [_thread_blocked, id=10700, stack(0x00000069e1a00000,0x00000069e1b00000)]
  0x0000021c5d0db3f0 JavaThread "Unconstrained build operations Thread 3" [_thread_blocked, id=19924, stack(0x00000069e1c00000,0x00000069e1d00000)]
  0x0000021c5d0dd250 JavaThread "Unconstrained build operations Thread 4" [_thread_blocked, id=18012, stack(0x00000069e1d00000,0x00000069e1e00000)]
  0x0000021c5d0ddc70 JavaThread "Unconstrained build operations Thread 5" [_thread_blocked, id=18368, stack(0x00000069e1e00000,0x00000069e1f00000)]
  0x0000021c5d0dffe0 JavaThread "Unconstrained build operations Thread 6" [_thread_blocked, id=19040, stack(0x00000069e1f00000,0x00000069e2000000)]
  0x0000021c5d0e0a00 JavaThread "Unconstrained build operations Thread 7" [_thread_blocked, id=14824, stack(0x00000069e2000000,0x00000069e2100000)]
  0x0000021c5d0dd760 JavaThread "Unconstrained build operations Thread 8" [_thread_blocked, id=10260, stack(0x00000069e2100000,0x00000069e2200000)]
  0x0000021c5d0dfad0 JavaThread "Unconstrained build operations Thread 9" [_thread_blocked, id=11208, stack(0x00000069e2200000,0x00000069e2300000)]
  0x0000021c5d0e04f0 JavaThread "Unconstrained build operations Thread 10" [_thread_blocked, id=5628, stack(0x00000069e2300000,0x00000069e2400000)]
  0x0000021c6e8d6810 JavaThread "Unconstrained build operations Thread 11" [_thread_blocked, id=7304, stack(0x00000069e2400000,0x00000069e2500000)]
  0x0000021c6e8d3060 JavaThread "Unconstrained build operations Thread 12" [_thread_blocked, id=11680, stack(0x00000069e2500000,0x00000069e2600000)]
  0x0000021c6e8d3570 JavaThread "Unconstrained build operations Thread 13" [_thread_blocked, id=18844, stack(0x00000069e2600000,0x00000069e2700000)]
  0x0000021c6e8d44a0 JavaThread "Unconstrained build operations Thread 14" [_thread_blocked, id=17644, stack(0x00000069e2700000,0x00000069e2800000)]
  0x0000021c6dc51af0 JavaThread "C2 CompilerThread1" daemon [_thread_blocked, id=12868, stack(0x00000069e2800000,0x00000069e2900000)]
  0x0000021c6e8d1710 JavaThread "build event listener" [_thread_blocked, id=1680, stack(0x00000069e2900000,0x00000069e2a00000)]
  0x0000021c6e8d58e0 JavaThread "included builds" [_thread_blocked, id=13780, stack(0x00000069e2a00000,0x00000069e2b00000)]
  0x0000021c6e8d2640 JavaThread "Execution worker" [_thread_blocked, id=17640, stack(0x00000069e2b00000,0x00000069e2c00000)]
  0x0000021c6e8d3f90 JavaThread "Execution worker Thread 2" [_thread_blocked, id=19920, stack(0x00000069e2c00000,0x00000069e2d00000)]
  0x0000021c6e8d5df0 JavaThread "Execution worker Thread 3" [_thread_blocked, id=2844, stack(0x00000069e2d00000,0x00000069e2e00000)]
  0x0000021c6e8d07e0 JavaThread "Execution worker Thread 4" [_thread_blocked, id=18528, stack(0x00000069e2e00000,0x00000069e2f00000)]
  0x0000021c6e8d49b0 JavaThread "Execution worker Thread 5" [_thread_blocked, id=12632, stack(0x00000069e2f00000,0x00000069e3000000)]
  0x0000021c6e8d4ec0 JavaThread "Execution worker Thread 6" [_thread_blocked, id=19880, stack(0x00000069e3000000,0x00000069e3100000)]
  0x0000021c6e8d3a80 JavaThread "Execution worker Thread 7" [_thread_blocked, id=10640, stack(0x00000069e3300000,0x00000069e3400000)]
  0x0000021c6e8d2130 JavaThread "Cache worker for execution history cache (C:\Users\ceiv0\OneDrive\Documentos\GitHub\SkulfulHarmony\.gradle\8.11.1\executionHistory)" [_thread_blocked, id=19188, stack(0x00000069e3800000,0x00000069e3900000)]
  0x0000021c6e8d53d0 JavaThread "Unconstrained build operations Thread 15" [_thread_blocked, id=17772, stack(0x00000069e3900000,0x00000069e3a00000)]
  0x0000021c6e8cfdc0 JavaThread "Unconstrained build operations Thread 16" [_thread_blocked, id=9000, stack(0x00000069e3a00000,0x00000069e3b00000)]
  0x0000021c6e8d6300 JavaThread "WorkerExecutor Queue" [_thread_blocked, id=2720, stack(0x00000069e3b00000,0x00000069e3c00000)]
  0x0000021c6e8d02d0 JavaThread "Unconstrained build operations Thread 17" [_thread_blocked, id=7880, stack(0x00000069e3c00000,0x00000069e3d00000)]
  0x0000021c6e8d1200 JavaThread "Unconstrained build operations Thread 18" [_thread_blocked, id=9440, stack(0x00000069e3d00000,0x00000069e3e00000)]
  0x0000021c6e8d1c20 JavaThread "Unconstrained build operations Thread 19" [_thread_blocked, id=19796, stack(0x00000069e3e00000,0x00000069e3f00000)]
  0x0000021c5dc309e0 JavaThread "Unconstrained build operations Thread 20" [_thread_blocked, id=19464, stack(0x00000069e3f00000,0x00000069e4000000)]
  0x0000021c5dc32d50 JavaThread "Unconstrained build operations Thread 21" [_thread_blocked, id=15796, stack(0x00000069e4000000,0x00000069e4100000)]
  0x0000021c5dc33260 JavaThread "Unconstrained build operations Thread 22" [_thread_blocked, id=11000, stack(0x00000069e4100000,0x00000069e4200000)]
  0x0000021c5dc355d0 JavaThread "Unconstrained build operations Thread 23" [_thread_blocked, id=2072, stack(0x00000069e4200000,0x00000069e4300000)]
  0x0000021c5dc36500 JavaThread "WorkerExecutor Queue Thread 2" [_thread_blocked, id=13408, stack(0x00000069e4300000,0x00000069e4400000)]

Other Threads:
=>0x0000021c15392fb0 VMThread "VM Thread" [stack: 0x00000069df100000,0x00000069df200000] [id=4220]
  0x0000021c76e3d0d0 WatcherThread [stack: 0x00000069dfd00000,0x00000069dfe00000] [id=2636]
  0x0000021c76e96c10 GCTaskThread "GC Thread#0" [stack: 0x00000069dec00000,0x00000069ded00000] [id=16972]
  0x0000021c5b274550 GCTaskThread "GC Thread#1" [stack: 0x00000069dfe00000,0x00000069dff00000] [id=15948]
  0x0000021c5b10bd70 GCTaskThread "GC Thread#2" [stack: 0x00000069dff00000,0x00000069e0000000] [id=16348]
  0x0000021c5b9b0030 GCTaskThread "GC Thread#3" [stack: 0x00000069e0000000,0x00000069e0100000] [id=19828]
  0x0000021c5b9b02f0 GCTaskThread "GC Thread#4" [stack: 0x00000069e0100000,0x00000069e0200000] [id=6244]
  0x0000021c5b4af780 GCTaskThread "GC Thread#5" [stack: 0x00000069e0c00000,0x00000069e0d00000] [id=19304]
  0x0000021c5c5289c0 GCTaskThread "GC Thread#6" [stack: 0x00000069e0d00000,0x00000069e0e00000] [id=18096]
  0x0000021c5c679350 GCTaskThread "GC Thread#7" [stack: 0x00000069e0e00000,0x00000069e0f00000] [id=1064]
  0x0000021c76ea7b60 ConcurrentGCThread "G1 Main Marker" [stack: 0x00000069ded00000,0x00000069dee00000] [id=15080]
  0x0000021c76ea8580 ConcurrentGCThread "G1 Conc#0" [stack: 0x00000069dee00000,0x00000069def00000] [id=10612]
  0x0000021c5cd8e9d0 ConcurrentGCThread "G1 Conc#1" [stack: 0x00000069e1500000,0x00000069e1600000] [id=2908]
  0x0000021c152520c0 ConcurrentGCThread "G1 Refine#0" [stack: 0x00000069def00000,0x00000069df000000] [id=7084]
  0x0000021c5c8dd770 ConcurrentGCThread "G1 Refine#1" [stack: 0x00000069e1b00000,0x00000069e1c00000] [id=18320]
  0x0000021c5e0984e0 ConcurrentGCThread "G1 Refine#2" [stack: 0x00000069e3100000,0x00000069e3200000] [id=11820]
  0x0000021c5e87d010 ConcurrentGCThread "G1 Refine#3" [stack: 0x00000069e3200000,0x00000069e3300000] [id=15688]
  0x0000021c15252900 ConcurrentGCThread "G1 Service" [stack: 0x00000069df000000,0x00000069df100000] [id=10872]

Threads with active compile tasks:
C2 CompilerThread0   102698 22721       4       com.sun.org.apache.xerces.internal.dom.ParentNode::internalInsertBefore (651 bytes)
C2 CompilerThread1   102698 22720       4       com.android.ide.common.resources.NodeUtils::updateNamespace (167 bytes)

VM state: at safepoint (normal execution)

VM Mutex/Monitor currently owned by a thread:  ([mutex/lock_event])
[0x0000021c76e37130] Threads_lock - owner thread: 0x0000021c15392fb0
[0x0000021c76e376d0] Heap_lock - owner thread: 0x0000021c6e8d4ec0

Heap address: 0x0000000080000000, size: 2048 MB, Compressed Oops mode: 32-bit

CDS archive(s) mapped at: [0x0000021c16000000-0x0000021c16bb0000-0x0000021c16bb0000), size 12255232, SharedBaseAddress: 0x0000021c16000000, ArchiveRelocationMode: 1.
Compressed class space mapped at: 0x0000021c17000000-0x0000021c57000000, reserved size: 1073741824
Narrow klass base: 0x0000021c16000000, Narrow klass shift: 0, Narrow klass range: 0x100000000

GC Precious Log:
 CPUs: 8 total, 8 available
 Memory: 6005M
 Large Page Support: Disabled
 NUMA Support: Disabled
 Compressed Oops: Enabled (32-bit)
 Heap Region Size: 1M
 Heap Min Capacity: 8M
 Heap Initial Capacity: 94M
 Heap Max Capacity: 2G
 Pre-touch: Disabled
 Parallel Workers: 8
 Concurrent Workers: 2
 Concurrent Refinement Workers: 8
 Periodic GC: Disabled

Heap:
 garbage-first heap   total 267264K, used 177477K [0x0000000080000000, 0x0000000100000000)
  region size 1024K, 6 young (6144K), 6 survivors (6144K)
 Metaspace       used 152570K, committed 153664K, reserved 1245184K
  class space    used 19857K, committed 20416K, reserved 1048576K

Heap Regions: E=young(eden), S=young(survivor), O=old, HS=humongous(starts), HC=humongous(continues), CS=collection set, F=free, OA=open archive, CA=closed archive, TAMS=top-at-mark-start (previous, next)
|   0|0x0000000080000000, 0x00000000800fffe8, 0x0000000080100000| 99%| O|  |TAMS 0x0000000080000000, 0x0000000080000000| Untracked 
|   1|0x0000000080100000, 0x0000000080200000, 0x0000000080200000|100%|HS|  |TAMS 0x0000000080200000, 0x0000000080100000| Untracked 
|   2|0x0000000080200000, 0x0000000080300000, 0x0000000080300000|100%|HC|  |TAMS 0x0000000080300000, 0x0000000080200000| Untracked 
|   3|0x0000000080300000, 0x0000000080400000, 0x0000000080400000|100%|HC|  |TAMS 0x0000000080400000, 0x0000000080300000| Untracked 
|   4|0x0000000080400000, 0x00000000804ffff8, 0x0000000080500000| 99%| O|  |TAMS 0x0000000080400000, 0x0000000080400000| Untracked 
|   5|0x0000000080500000, 0x00000000805ffff8, 0x0000000080600000| 99%| O|  |TAMS 0x0000000080500000, 0x0000000080500000| Untracked 
|   6|0x0000000080600000, 0x00000000806fffe8, 0x0000000080700000| 99%| O|  |TAMS 0x0000000080600000, 0x0000000080600000| Untracked 
|   7|0x0000000080700000, 0x0000000080800000, 0x0000000080800000|100%|HS|  |TAMS 0x0000000080800000, 0x0000000080700000| Untracked 
|   8|0x0000000080800000, 0x00000000808dd8e0, 0x0000000080900000| 86%| O|  |TAMS 0x0000000080800000, 0x0000000080800000| Untracked 
|   9|0x0000000080900000, 0x00000000809ffff0, 0x0000000080a00000| 99%| O|  |TAMS 0x0000000080900000, 0x0000000080900000| Untracked 
|  10|0x0000000080a00000, 0x0000000080b00000, 0x0000000080b00000|100%| O|  |TAMS 0x0000000080b00000, 0x0000000080a00000| Untracked 
|  11|0x0000000080b00000, 0x0000000080bfe010, 0x0000000080c00000| 99%| O|  |TAMS 0x0000000080b00000, 0x0000000080b00000| Untracked 
|  12|0x0000000080c00000, 0x0000000080cfffd0, 0x0000000080d00000| 99%| O|  |TAMS 0x0000000080c00000, 0x0000000080c00000| Untracked 
|  13|0x0000000080d00000, 0x0000000080e00000, 0x0000000080e00000|100%| O|  |TAMS 0x0000000080e00000, 0x0000000080d00000| Untracked 
|  14|0x0000000080e00000, 0x0000000080efffd8, 0x0000000080f00000| 99%| O|  |TAMS 0x0000000080e00000, 0x0000000080e00000| Untracked 
|  15|0x0000000080f00000, 0x0000000081000000, 0x0000000081000000|100%| O|  |TAMS 0x0000000081000000, 0x0000000080f00000| Untracked 
|  16|0x0000000081000000, 0x00000000810fffe0, 0x0000000081100000| 99%| O|  |TAMS 0x0000000081000000, 0x0000000081000000| Untracked 
|  17|0x0000000081100000, 0x00000000811fffc8, 0x0000000081200000| 99%| O|  |TAMS 0x0000000081100000, 0x0000000081100000| Untracked 
|  18|0x0000000081200000, 0x0000000081300000, 0x0000000081300000|100%| O|  |TAMS 0x0000000081300000, 0x0000000081200000| Untracked 
|  19|0x0000000081300000, 0x00000000813ffff0, 0x0000000081400000| 99%| O|  |TAMS 0x0000000081300000, 0x0000000081300000| Untracked 
|  20|0x0000000081400000, 0x0000000081500000, 0x0000000081500000|100%| O|  |TAMS 0x0000000081500000, 0x0000000081400000| Untracked 
|  21|0x0000000081500000, 0x00000000815fe060, 0x0000000081600000| 99%| O|  |TAMS 0x0000000081500000, 0x0000000081500000| Untracked 
|  22|0x0000000081600000, 0x0000000081700000, 0x0000000081700000|100%| O|  |TAMS 0x0000000081700000, 0x0000000081600000| Untracked 
|  23|0x0000000081700000, 0x0000000081800000, 0x0000000081800000|100%| O|  |TAMS 0x0000000081800000, 0x0000000081700000| Untracked 
|  24|0x0000000081800000, 0x0000000081900000, 0x0000000081900000|100%| O|  |TAMS 0x0000000081900000, 0x0000000081800000| Untracked 
|  25|0x0000000081900000, 0x0000000081a00000, 0x0000000081a00000|100%| O|  |TAMS 0x0000000081a00000, 0x0000000081900000| Untracked 
|  26|0x0000000081a00000, 0x0000000081b00000, 0x0000000081b00000|100%| O|  |TAMS 0x0000000081b00000, 0x0000000081a00000| Untracked 
|  27|0x0000000081b00000, 0x0000000081c00000, 0x0000000081c00000|100%| O|  |TAMS 0x0000000081c00000, 0x0000000081b00000| Untracked 
|  28|0x0000000081c00000, 0x0000000081d00000, 0x0000000081d00000|100%| O|  |TAMS 0x0000000081c00000, 0x0000000081c00000| Untracked 
|  29|0x0000000081d00000, 0x0000000081e00000, 0x0000000081e00000|100%| O|  |TAMS 0x0000000081e00000, 0x0000000081d00000| Untracked 
|  30|0x0000000081e00000, 0x0000000081efffe0, 0x0000000081f00000| 99%| O|  |TAMS 0x0000000081e00000, 0x0000000081e00000| Untracked 
|  31|0x0000000081f00000, 0x0000000081fffff0, 0x0000000082000000| 99%| O|  |TAMS 0x0000000081f00000, 0x0000000081f00000| Untracked 
|  32|0x0000000082000000, 0x0000000082100000, 0x0000000082100000|100%|HS|  |TAMS 0x0000000082100000, 0x0000000082000000| Untracked 
|  33|0x0000000082100000, 0x0000000082200000, 0x0000000082200000|100%| O|  |TAMS 0x0000000082200000, 0x0000000082100000| Untracked 
|  34|0x0000000082200000, 0x00000000822ffff8, 0x0000000082300000| 99%| O|  |TAMS 0x0000000082200000, 0x0000000082200000| Untracked 
|  35|0x0000000082300000, 0x000000008239a680, 0x0000000082400000| 60%| O|  |TAMS 0x0000000082300000, 0x0000000082300000| Untracked 
|  36|0x0000000082400000, 0x0000000082500000, 0x0000000082500000|100%| O|  |TAMS 0x0000000082400000, 0x0000000082400000| Untracked 
|  37|0x0000000082500000, 0x0000000082600000, 0x0000000082600000|100%| O|  |TAMS 0x0000000082600000, 0x0000000082500000| Untracked 
|  38|0x0000000082600000, 0x00000000826ffff0, 0x0000000082700000| 99%| O|  |TAMS 0x0000000082600000, 0x0000000082600000| Untracked 
|  39|0x0000000082700000, 0x00000000827fff90, 0x0000000082800000| 99%| O|  |TAMS 0x0000000082700000, 0x0000000082700000| Untracked 
|  40|0x0000000082800000, 0x00000000828ffff0, 0x0000000082900000| 99%| O|  |TAMS 0x0000000082800000, 0x0000000082800000| Untracked 
|  41|0x0000000082900000, 0x0000000082a00000, 0x0000000082a00000|100%| O|  |TAMS 0x0000000082900000, 0x0000000082900000| Untracked 
|  42|0x0000000082a00000, 0x0000000082b00000, 0x0000000082b00000|100%| O|  |TAMS 0x0000000082a00000, 0x0000000082a00000| Untracked 
|  43|0x0000000082b00000, 0x0000000082c00000, 0x0000000082c00000|100%| O|  |TAMS 0x0000000082c00000, 0x0000000082b00000| Untracked 
|  44|0x0000000082c00000, 0x0000000082d00000, 0x0000000082d00000|100%| O|  |TAMS 0x0000000082d00000, 0x0000000082c00000| Untracked 
|  45|0x0000000082d00000, 0x0000000082e00000, 0x0000000082e00000|100%| O|  |TAMS 0x0000000082e00000, 0x0000000082d00000| Untracked 
|  46|0x0000000082e00000, 0x0000000082f00000, 0x0000000082f00000|100%| O|  |TAMS 0x0000000082f00000, 0x0000000082e00000| Untracked 
|  47|0x0000000082f00000, 0x0000000083000000, 0x0000000083000000|100%| O|  |TAMS 0x0000000083000000, 0x0000000082f00000| Untracked 
|  48|0x0000000083000000, 0x0000000083100000, 0x0000000083100000|100%| O|  |TAMS 0x0000000083100000, 0x0000000083000000| Untracked 
|  49|0x0000000083100000, 0x00000000831ffff0, 0x0000000083200000| 99%| O|  |TAMS 0x0000000083100000, 0x0000000083100000| Untracked 
|  50|0x0000000083200000, 0x0000000083300000, 0x0000000083300000|100%| O|  |TAMS 0x0000000083300000, 0x0000000083200000| Untracked 
|  51|0x0000000083300000, 0x0000000083400000, 0x0000000083400000|100%| O|  |TAMS 0x0000000083400000, 0x0000000083300000| Untracked 
|  52|0x0000000083400000, 0x0000000083500000, 0x0000000083500000|100%| O|  |TAMS 0x0000000083500000, 0x0000000083400000| Untracked 
|  53|0x0000000083500000, 0x0000000083600000, 0x0000000083600000|100%| O|  |TAMS 0x0000000083600000, 0x0000000083500000| Untracked 
|  54|0x0000000083600000, 0x00000000836ffcb8, 0x0000000083700000| 99%| O|  |TAMS 0x0000000083600000, 0x0000000083600000| Untracked 
|  55|0x0000000083700000, 0x00000000837fffd8, 0x0000000083800000| 99%| O|  |TAMS 0x0000000083700000, 0x0000000083700000| Untracked 
|  56|0x0000000083800000, 0x00000000838fffd8, 0x0000000083900000| 99%| O|  |TAMS 0x0000000083800000, 0x0000000083800000| Untracked 
|  57|0x0000000083900000, 0x0000000083a00000, 0x0000000083a00000|100%| O|  |TAMS 0x0000000083a00000, 0x0000000083900000| Untracked 
|  58|0x0000000083a00000, 0x0000000083b00000, 0x0000000083b00000|100%| O|  |TAMS 0x0000000083b00000, 0x0000000083a00000| Untracked 
|  59|0x0000000083b00000, 0x0000000083c00000, 0x0000000083c00000|100%| O|  |TAMS 0x0000000083b00000, 0x0000000083b00000| Untracked 
|  60|0x0000000083c00000, 0x0000000083cffff0, 0x0000000083d00000| 99%| O|  |TAMS 0x0000000083c00000, 0x0000000083c00000| Untracked 
|  61|0x0000000083d00000, 0x0000000083dfdbe0, 0x0000000083e00000| 99%| O|  |TAMS 0x0000000083d00000, 0x0000000083d00000| Untracked 
|  62|0x0000000083e00000, 0x0000000083f00000, 0x0000000083f00000|100%| O|  |TAMS 0x0000000083f00000, 0x0000000083e00000| Untracked 
|  63|0x0000000083f00000, 0x0000000083ff9f28, 0x0000000084000000| 97%| O|  |TAMS 0x0000000083f00000, 0x0000000083f00000| Untracked 
|  64|0x0000000084000000, 0x00000000840fffc0, 0x0000000084100000| 99%| O|  |TAMS 0x0000000084000000, 0x0000000084000000| Untracked 
|  65|0x0000000084100000, 0x00000000841f93e0, 0x0000000084200000| 97%| O|  |TAMS 0x0000000084100000, 0x0000000084100000| Untracked 
|  66|0x0000000084200000, 0x00000000842ffff0, 0x0000000084300000| 99%| O|  |TAMS 0x0000000084200000, 0x0000000084200000| Untracked 
|  67|0x0000000084300000, 0x00000000843ffff8, 0x0000000084400000| 99%| O|  |TAMS 0x0000000084300000, 0x0000000084300000| Untracked 
|  68|0x0000000084400000, 0x00000000844fffe0, 0x0000000084500000| 99%| O|  |TAMS 0x0000000084400000, 0x0000000084400000| Untracked 
|  69|0x0000000084500000, 0x00000000845ffff0, 0x0000000084600000| 99%| O|  |TAMS 0x0000000084500000, 0x0000000084500000| Untracked 
|  70|0x0000000084600000, 0x0000000084700000, 0x0000000084700000|100%| O|  |TAMS 0x0000000084600000, 0x0000000084600000| Untracked 
|  71|0x0000000084700000, 0x00000000847ffff8, 0x0000000084800000| 99%| O|  |TAMS 0x0000000084700000, 0x0000000084700000| Untracked 
|  72|0x0000000084800000, 0x0000000084900000, 0x0000000084900000|100%| O|  |TAMS 0x0000000084900000, 0x0000000084800000| Untracked 
|  73|0x0000000084900000, 0x0000000084a00000, 0x0000000084a00000|100%| O|  |TAMS 0x0000000084a00000, 0x0000000084900000| Untracked 
|  74|0x0000000084a00000, 0x0000000084b00000, 0x0000000084b00000|100%| O|  |TAMS 0x0000000084b00000, 0x0000000084a00000| Untracked 
|  75|0x0000000084b00000, 0x0000000084bfff98, 0x0000000084c00000| 99%| O|  |TAMS 0x0000000084b00000, 0x0000000084b00000| Untracked 
|  76|0x0000000084c00000, 0x0000000084cffff8, 0x0000000084d00000| 99%| O|  |TAMS 0x0000000084c00000, 0x0000000084c00000| Untracked 
|  77|0x0000000084d00000, 0x0000000084e00000, 0x0000000084e00000|100%|HS|  |TAMS 0x0000000084e00000, 0x0000000084d00000| Untracked 
|  78|0x0000000084e00000, 0x0000000084f00000, 0x0000000084f00000|100%|HS|  |TAMS 0x0000000084f00000, 0x0000000084e00000| Untracked 
|  79|0x0000000084f00000, 0x0000000084ffffd0, 0x0000000085000000| 99%| O|  |TAMS 0x0000000084f00000, 0x0000000084f00000| Untracked 
|  80|0x0000000085000000, 0x0000000085100000, 0x0000000085100000|100%|HS|  |TAMS 0x0000000085100000, 0x0000000085000000| Untracked 
|  81|0x0000000085100000, 0x00000000851fed08, 0x0000000085200000| 99%| O|  |TAMS 0x0000000085100000, 0x0000000085100000| Untracked 
|  82|0x0000000085200000, 0x00000000852ffff8, 0x0000000085300000| 99%| O|  |TAMS 0x0000000085200000, 0x0000000085200000| Untracked 
|  83|0x0000000085300000, 0x00000000853fa0b8, 0x0000000085400000| 97%| O|  |TAMS 0x0000000085300000, 0x0000000085300000| Untracked 
|  84|0x0000000085400000, 0x00000000854ffff8, 0x0000000085500000| 99%| O|  |TAMS 0x0000000085400000, 0x0000000085400000| Untracked 
|  85|0x0000000085500000, 0x00000000855fffc0, 0x0000000085600000| 99%| O|  |TAMS 0x0000000085500000, 0x0000000085500000| Untracked 
|  86|0x0000000085600000, 0x00000000856fffd8, 0x0000000085700000| 99%| O|  |TAMS 0x0000000085600000, 0x0000000085600000| Untracked 
|  87|0x0000000085700000, 0x0000000085800000, 0x0000000085800000|100%| O|  |TAMS 0x0000000085700000, 0x0000000085700000| Untracked 
|  88|0x0000000085800000, 0x0000000085900000, 0x0000000085900000|100%| O|  |TAMS 0x0000000085800000, 0x0000000085800000| Untracked 
|  89|0x0000000085900000, 0x0000000085a00000, 0x0000000085a00000|100%|HS|  |TAMS 0x0000000085a00000, 0x0000000085900000| Untracked 
|  90|0x0000000085a00000, 0x0000000085b00000, 0x0000000085b00000|100%|HS|  |TAMS 0x0000000085b00000, 0x0000000085a00000| Untracked 
|  91|0x0000000085b00000, 0x0000000085c00000, 0x0000000085c00000|100%| O|  |TAMS 0x0000000085b00000, 0x0000000085b00000| Untracked 
|  92|0x0000000085c00000, 0x0000000085d00000, 0x0000000085d00000|100%| O|  |TAMS 0x0000000085c00000, 0x0000000085c00000| Untracked 
|  93|0x0000000085d00000, 0x0000000085e00000, 0x0000000085e00000|100%| O|  |TAMS 0x0000000085d00000, 0x0000000085d00000| Untracked 
|  94|0x0000000085e00000, 0x0000000085effff8, 0x0000000085f00000| 99%| O|  |TAMS 0x0000000085e00000, 0x0000000085e00000| Untracked 
|  95|0x0000000085f00000, 0x0000000086000000, 0x0000000086000000|100%| O|  |TAMS 0x0000000086000000, 0x0000000085f00000| Untracked 
|  96|0x0000000086000000, 0x00000000860ffff0, 0x0000000086100000| 99%| O|  |TAMS 0x0000000086000000, 0x0000000086000000| Untracked 
|  97|0x0000000086100000, 0x00000000861ffff0, 0x0000000086200000| 99%| O|  |TAMS 0x0000000086100000, 0x0000000086100000| Untracked 
|  98|0x0000000086200000, 0x0000000086300000, 0x0000000086300000|100%| O|  |TAMS 0x0000000086300000, 0x0000000086200000| Untracked 
|  99|0x0000000086300000, 0x000000008635f558, 0x0000000086400000| 37%| O|  |TAMS 0x0000000086300000, 0x0000000086300000| Untracked 
| 100|0x0000000086400000, 0x0000000086500000, 0x0000000086500000|100%|HS|  |TAMS 0x0000000086500000, 0x0000000086400000| Untracked 
| 101|0x0000000086500000, 0x0000000086600000, 0x0000000086600000|100%| O|  |TAMS 0x0000000086500000, 0x0000000086500000| Untracked 
| 102|0x0000000086600000, 0x00000000866a2de8, 0x0000000086700000| 63%| O|  |TAMS 0x0000000086600000, 0x0000000086600000| Untracked 
| 103|0x0000000086700000, 0x0000000086728120, 0x0000000086800000| 15%| O|  |TAMS 0x0000000086700000, 0x0000000086700000| Untracked 
| 104|0x0000000086800000, 0x0000000086887dd0, 0x0000000086900000| 53%| O|  |TAMS 0x0000000086800000, 0x0000000086800000| Untracked 
| 105|0x0000000086900000, 0x000000008695fdc0, 0x0000000086a00000| 37%| O|  |TAMS 0x0000000086900000, 0x0000000086900000| Untracked 
| 106|0x0000000086a00000, 0x0000000086b00000, 0x0000000086b00000|100%| O|  |TAMS 0x0000000086b00000, 0x0000000086a00000| Untracked 
| 107|0x0000000086b00000, 0x0000000086c00000, 0x0000000086c00000|100%| O|  |TAMS 0x0000000086c00000, 0x0000000086b00000| Untracked 
| 108|0x0000000086c00000, 0x0000000086d00000, 0x0000000086d00000|100%| O|  |TAMS 0x0000000086d00000, 0x0000000086c00000| Untracked 
| 109|0x0000000086d00000, 0x0000000086e00000, 0x0000000086e00000|100%| O|  |TAMS 0x0000000086e00000, 0x0000000086d00000| Untracked 
| 110|0x0000000086e00000, 0x0000000086e6e308, 0x0000000086f00000| 43%| O|  |TAMS 0x0000000086e00000, 0x0000000086e00000| Untracked 
| 111|0x0000000086f00000, 0x0000000087000000, 0x0000000087000000|100%| O|  |TAMS 0x0000000087000000, 0x0000000086f00000| Untracked 
| 112|0x0000000087000000, 0x0000000087100000, 0x0000000087100000|100%| O|  |TAMS 0x0000000087100000, 0x0000000087000000| Untracked 
| 113|0x0000000087100000, 0x0000000087200000, 0x0000000087200000|100%| O|  |TAMS 0x0000000087100000, 0x0000000087100000| Untracked 
| 114|0x0000000087200000, 0x0000000087300000, 0x0000000087300000|100%| O|  |TAMS 0x0000000087300000, 0x0000000087200000| Untracked 
| 115|0x0000000087300000, 0x0000000087400000, 0x0000000087400000|100%| O|  |TAMS 0x0000000087400000, 0x0000000087300000| Untracked 
| 116|0x0000000087400000, 0x0000000087500000, 0x0000000087500000|100%| O|  |TAMS 0x0000000087400000, 0x0000000087400000| Untracked 
| 117|0x0000000087500000, 0x0000000087600000, 0x0000000087600000|100%| O|  |TAMS 0x0000000087500000, 0x0000000087500000| Untracked 
| 118|0x0000000087600000, 0x0000000087700000, 0x0000000087700000|100%| O|  |TAMS 0x0000000087600000, 0x0000000087600000| Untracked 
| 119|0x0000000087700000, 0x0000000087800000, 0x0000000087800000|100%| O|  |TAMS 0x0000000087700000, 0x0000000087700000| Untracked 
| 120|0x0000000087800000, 0x0000000087900000, 0x0000000087900000|100%| O|  |TAMS 0x0000000087800000, 0x0000000087800000| Untracked 
| 121|0x0000000087900000, 0x0000000087a00000, 0x0000000087a00000|100%| O|  |TAMS 0x0000000087900000, 0x0000000087900000| Untracked 
| 122|0x0000000087a00000, 0x0000000087b00000, 0x0000000087b00000|100%| O|  |TAMS 0x0000000087a00000, 0x0000000087a00000| Untracked 
| 123|0x0000000087b00000, 0x0000000087c00000, 0x0000000087c00000|100%| O|  |TAMS 0x0000000087b00000, 0x0000000087b00000| Untracked 
| 124|0x0000000087c00000, 0x0000000087d00000, 0x0000000087d00000|100%|HS|  |TAMS 0x0000000087c00000, 0x0000000087c00000| Complete 
| 125|0x0000000087d00000, 0x0000000087e00000, 0x0000000087e00000|100%|HC|  |TAMS 0x0000000087d00000, 0x0000000087d00000| Complete 
| 126|0x0000000087e00000, 0x0000000087f00000, 0x0000000087f00000|100%| O|  |TAMS 0x0000000087e00000, 0x0000000087e00000| Untracked 
| 127|0x0000000087f00000, 0x0000000088000000, 0x0000000088000000|100%| O|  |TAMS 0x0000000087f00000, 0x0000000087f00000| Untracked 
| 128|0x0000000088000000, 0x0000000088100000, 0x0000000088100000|100%| O|  |TAMS 0x0000000088100000, 0x0000000088000000| Untracked 
| 129|0x0000000088100000, 0x0000000088200000, 0x0000000088200000|100%| O|  |TAMS 0x0000000088200000, 0x0000000088100000| Untracked 
| 130|0x0000000088200000, 0x0000000088300000, 0x0000000088300000|100%| O|  |TAMS 0x0000000088300000, 0x0000000088200000| Untracked 
| 131|0x0000000088300000, 0x0000000088400000, 0x0000000088400000|100%| O|  |TAMS 0x0000000088400000, 0x0000000088300000| Untracked 
| 132|0x0000000088400000, 0x0000000088500000, 0x0000000088500000|100%| O|  |TAMS 0x0000000088500000, 0x0000000088400000| Untracked 
| 133|0x0000000088500000, 0x0000000088600000, 0x0000000088600000|100%| O|  |TAMS 0x0000000088500000, 0x0000000088500000| Untracked 
| 134|0x0000000088600000, 0x0000000088700000, 0x0000000088700000|100%| O|  |TAMS 0x0000000088600000, 0x0000000088600000| Untracked 
| 135|0x0000000088700000, 0x0000000088800000, 0x0000000088800000|100%| O|  |TAMS 0x0000000088700000, 0x0000000088700000| Untracked 
| 136|0x0000000088800000, 0x0000000088900000, 0x0000000088900000|100%| O|  |TAMS 0x0000000088800000, 0x0000000088800000| Untracked 
| 137|0x0000000088900000, 0x0000000088a00000, 0x0000000088a00000|100%| O|  |TAMS 0x0000000088900000, 0x0000000088900000| Untracked 
| 138|0x0000000088a00000, 0x0000000088b00000, 0x0000000088b00000|100%| O|  |TAMS 0x0000000088a00000, 0x0000000088a00000| Untracked 
| 139|0x0000000088b00000, 0x0000000088c00000, 0x0000000088c00000|100%| O|  |TAMS 0x0000000088b00000, 0x0000000088b00000| Untracked 
| 140|0x0000000088c00000, 0x0000000088d00000, 0x0000000088d00000|100%| O|  |TAMS 0x0000000088c00000, 0x0000000088c00000| Untracked 
| 141|0x0000000088d00000, 0x0000000088e00000, 0x0000000088e00000|100%| O|  |TAMS 0x0000000088d00000, 0x0000000088d00000| Untracked 
| 142|0x0000000088e00000, 0x0000000088f00000, 0x0000000088f00000|100%| O|  |TAMS 0x0000000088e00000, 0x0000000088e00000| Untracked 
| 143|0x0000000088f00000, 0x0000000089000000, 0x0000000089000000|100%| O|  |TAMS 0x0000000088f00000, 0x0000000088f00000| Untracked 
| 144|0x0000000089000000, 0x0000000089100000, 0x0000000089100000|100%| O|  |TAMS 0x0000000089000000, 0x0000000089000000| Untracked 
| 145|0x0000000089100000, 0x0000000089200000, 0x0000000089200000|100%| O|  |TAMS 0x0000000089100000, 0x0000000089100000| Untracked 
| 146|0x0000000089200000, 0x0000000089300000, 0x0000000089300000|100%| O|  |TAMS 0x0000000089200000, 0x0000000089200000| Untracked 
| 147|0x0000000089300000, 0x0000000089400000, 0x0000000089400000|100%| O|  |TAMS 0x0000000089300000, 0x0000000089300000| Untracked 
| 148|0x0000000089400000, 0x0000000089500000, 0x0000000089500000|100%| O|  |TAMS 0x0000000089400000, 0x0000000089400000| Untracked 
| 149|0x0000000089500000, 0x0000000089600000, 0x0000000089600000|100%| O|  |TAMS 0x0000000089500000, 0x0000000089500000| Untracked 
| 150|0x0000000089600000, 0x0000000089700000, 0x0000000089700000|100%| O|  |TAMS 0x0000000089600000, 0x0000000089600000| Untracked 
| 151|0x0000000089700000, 0x0000000089800000, 0x0000000089800000|100%| O|  |TAMS 0x0000000089700000, 0x0000000089700000| Untracked 
| 152|0x0000000089800000, 0x0000000089900000, 0x0000000089900000|100%| O|  |TAMS 0x0000000089800000, 0x0000000089800000| Untracked 
| 153|0x0000000089900000, 0x0000000089a00000, 0x0000000089a00000|100%| O|  |TAMS 0x0000000089900000, 0x0000000089900000| Untracked 
| 154|0x0000000089a00000, 0x0000000089b00000, 0x0000000089b00000|100%| O|  |TAMS 0x0000000089a00000, 0x0000000089a00000| Untracked 
| 155|0x0000000089b00000, 0x0000000089c00000, 0x0000000089c00000|100%| O|  |TAMS 0x0000000089b00000, 0x0000000089b00000| Untracked 
| 156|0x0000000089c00000, 0x0000000089d00000, 0x0000000089d00000|100%| O|  |TAMS 0x0000000089c00000, 0x0000000089c00000| Untracked 
| 157|0x0000000089d00000, 0x0000000089e00000, 0x0000000089e00000|100%| O|  |TAMS 0x0000000089d00000, 0x0000000089d00000| Untracked 
| 158|0x0000000089e00000, 0x0000000089f00000, 0x0000000089f00000|100%| O|  |TAMS 0x0000000089e00000, 0x0000000089e00000| Untracked 
| 159|0x0000000089f00000, 0x000000008a000000, 0x000000008a000000|100%| O|  |TAMS 0x0000000089f00000, 0x0000000089f00000| Untracked 
| 160|0x000000008a000000, 0x000000008a100000, 0x000000008a100000|100%| O|  |TAMS 0x000000008a000000, 0x000000008a000000| Untracked 
| 161|0x000000008a100000, 0x000000008a200000, 0x000000008a200000|100%| O|  |TAMS 0x000000008a100000, 0x000000008a100000| Untracked 
| 162|0x000000008a200000, 0x000000008a300000, 0x000000008a300000|100%| O|  |TAMS 0x000000008a200000, 0x000000008a200000| Untracked 
| 163|0x000000008a300000, 0x000000008a400000, 0x000000008a400000|100%| O|  |TAMS 0x000000008a300000, 0x000000008a300000| Untracked 
| 164|0x000000008a400000, 0x000000008a500000, 0x000000008a500000|100%| O|  |TAMS 0x000000008a400000, 0x000000008a400000| Untracked 
| 165|0x000000008a500000, 0x000000008a600000, 0x000000008a600000|100%| O|  |TAMS 0x000000008a500000, 0x000000008a500000| Untracked 
| 166|0x000000008a600000, 0x000000008a6cfc00, 0x000000008a700000| 81%| O|  |TAMS 0x000000008a600000, 0x000000008a600000| Untracked 
| 167|0x000000008a700000, 0x000000008a800000, 0x000000008a800000|100%| O|  |TAMS 0x000000008a700000, 0x000000008a700000| Untracked 
| 168|0x000000008a800000, 0x000000008a900000, 0x000000008a900000|100%| O|  |TAMS 0x000000008a800000, 0x000000008a800000| Untracked 
| 169|0x000000008a900000, 0x000000008aa00000, 0x000000008aa00000|100%| O|  |TAMS 0x000000008a900000, 0x000000008a900000| Untracked 
| 170|0x000000008aa00000, 0x000000008ab00000, 0x000000008ab00000|100%| O|  |TAMS 0x000000008aa00000, 0x000000008aa00000| Untracked 
| 171|0x000000008ab00000, 0x000000008ac00000, 0x000000008ac00000|100%| O|  |TAMS 0x000000008ab00000, 0x000000008ab00000| Untracked 
| 172|0x000000008ac00000, 0x000000008ac00000, 0x000000008ad00000|  0%| F|  |TAMS 0x000000008ac00000, 0x000000008ac00000| Untracked 
| 173|0x000000008ad00000, 0x000000008ad00000, 0x000000008ae00000|  0%| F|  |TAMS 0x000000008ad00000, 0x000000008ad00000| Untracked 
| 174|0x000000008ae00000, 0x000000008ae00000, 0x000000008af00000|  0%| F|  |TAMS 0x000000008ae00000, 0x000000008ae00000| Untracked 
| 175|0x000000008af00000, 0x000000008af00000, 0x000000008b000000|  0%| F|  |TAMS 0x000000008af00000, 0x000000008af00000| Untracked 
| 176|0x000000008b000000, 0x000000008b000000, 0x000000008b100000|  0%| F|  |TAMS 0x000000008b000000, 0x000000008b000000| Untracked 
| 177|0x000000008b100000, 0x000000008b100000, 0x000000008b200000|  0%| F|  |TAMS 0x000000008b100000, 0x000000008b100000| Untracked 
| 178|0x000000008b200000, 0x000000008b200000, 0x000000008b300000|  0%| F|  |TAMS 0x000000008b200000, 0x000000008b200000| Untracked 
| 179|0x000000008b300000, 0x000000008b300000, 0x000000008b400000|  0%| F|  |TAMS 0x000000008b300000, 0x000000008b300000| Untracked 
| 180|0x000000008b400000, 0x000000008b400000, 0x000000008b500000|  0%| F|  |TAMS 0x000000008b400000, 0x000000008b400000| Untracked 
| 181|0x000000008b500000, 0x000000008b500000, 0x000000008b600000|  0%| F|  |TAMS 0x000000008b500000, 0x000000008b500000| Untracked 
| 182|0x000000008b600000, 0x000000008b600000, 0x000000008b700000|  0%| F|  |TAMS 0x000000008b600000, 0x000000008b600000| Untracked 
| 183|0x000000008b700000, 0x000000008b700000, 0x000000008b800000|  0%| F|  |TAMS 0x000000008b700000, 0x000000008b700000| Untracked 
| 184|0x000000008b800000, 0x000000008b800000, 0x000000008b900000|  0%| F|  |TAMS 0x000000008b800000, 0x000000008b800000| Untracked 
| 185|0x000000008b900000, 0x000000008b900000, 0x000000008ba00000|  0%| F|  |TAMS 0x000000008b900000, 0x000000008b900000| Untracked 
| 186|0x000000008ba00000, 0x000000008ba00000, 0x000000008bb00000|  0%| F|  |TAMS 0x000000008ba00000, 0x000000008ba00000| Untracked 
| 187|0x000000008bb00000, 0x000000008bb00000, 0x000000008bc00000|  0%| F|  |TAMS 0x000000008bb00000, 0x000000008bb00000| Untracked 
| 188|0x000000008bc00000, 0x000000008bc00000, 0x000000008bd00000|  0%| F|  |TAMS 0x000000008bc00000, 0x000000008bc00000| Untracked 
| 189|0x000000008bd00000, 0x000000008bd00000, 0x000000008be00000|  0%| F|  |TAMS 0x000000008bd00000, 0x000000008bd00000| Untracked 
| 190|0x000000008be00000, 0x000000008be00000, 0x000000008bf00000|  0%| F|  |TAMS 0x000000008be00000, 0x000000008be00000| Untracked 
| 191|0x000000008bf00000, 0x000000008bf00000, 0x000000008c000000|  0%| F|  |TAMS 0x000000008bf00000, 0x000000008bf00000| Untracked 
| 192|0x000000008c000000, 0x000000008c000000, 0x000000008c100000|  0%| F|  |TAMS 0x000000008c000000, 0x000000008c000000| Untracked 
| 193|0x000000008c100000, 0x000000008c100000, 0x000000008c200000|  0%| F|  |TAMS 0x000000008c100000, 0x000000008c100000| Untracked 
| 194|0x000000008c200000, 0x000000008c200000, 0x000000008c300000|  0%| F|  |TAMS 0x000000008c200000, 0x000000008c200000| Untracked 
| 195|0x000000008c300000, 0x000000008c300000, 0x000000008c400000|  0%| F|  |TAMS 0x000000008c300000, 0x000000008c300000| Untracked 
| 196|0x000000008c400000, 0x000000008c400000, 0x000000008c500000|  0%| F|  |TAMS 0x000000008c400000, 0x000000008c400000| Untracked 
| 197|0x000000008c500000, 0x000000008c500000, 0x000000008c600000|  0%| F|  |TAMS 0x000000008c500000, 0x000000008c500000| Untracked 
| 198|0x000000008c600000, 0x000000008c600000, 0x000000008c700000|  0%| F|  |TAMS 0x000000008c600000, 0x000000008c600000| Untracked 
| 199|0x000000008c700000, 0x000000008c700000, 0x000000008c800000|  0%| F|  |TAMS 0x000000008c700000, 0x000000008c700000| Untracked 
| 200|0x000000008c800000, 0x000000008c800000, 0x000000008c900000|  0%| F|  |TAMS 0x000000008c800000, 0x000000008c800000| Untracked 
| 201|0x000000008c900000, 0x000000008c900000, 0x000000008ca00000|  0%| F|  |TAMS 0x000000008c900000, 0x000000008c900000| Untracked 
| 202|0x000000008ca00000, 0x000000008ca00000, 0x000000008cb00000|  0%| F|  |TAMS 0x000000008ca00000, 0x000000008ca00000| Untracked 
| 203|0x000000008cb00000, 0x000000008cb00000, 0x000000008cc00000|  0%| F|  |TAMS 0x000000008cb00000, 0x000000008cb00000| Untracked 
| 204|0x000000008cc00000, 0x000000008cc00000, 0x000000008cd00000|  0%| F|  |TAMS 0x000000008cc00000, 0x000000008cc00000| Untracked 
| 205|0x000000008cd00000, 0x000000008cd00000, 0x000000008ce00000|  0%| F|  |TAMS 0x000000008cd00000, 0x000000008cd00000| Untracked 
| 206|0x000000008ce00000, 0x000000008ce00000, 0x000000008cf00000|  0%| F|  |TAMS 0x000000008ce00000, 0x000000008ce00000| Untracked 
| 207|0x000000008cf00000, 0x000000008cf00000, 0x000000008d000000|  0%| F|  |TAMS 0x000000008cf00000, 0x000000008cf00000| Untracked 
| 208|0x000000008d000000, 0x000000008d000000, 0x000000008d100000|  0%| F|  |TAMS 0x000000008d000000, 0x000000008d000000| Untracked 
| 209|0x000000008d100000, 0x000000008d100000, 0x000000008d200000|  0%| F|  |TAMS 0x000000008d100000, 0x000000008d100000| Untracked 
| 210|0x000000008d200000, 0x000000008d200000, 0x000000008d300000|  0%| F|  |TAMS 0x000000008d200000, 0x000000008d200000| Untracked 
| 211|0x000000008d300000, 0x000000008d300000, 0x000000008d400000|  0%| F|  |TAMS 0x000000008d300000, 0x000000008d300000| Untracked 
| 212|0x000000008d400000, 0x000000008d400000, 0x000000008d500000|  0%| F|  |TAMS 0x000000008d400000, 0x000000008d400000| Untracked 
| 213|0x000000008d500000, 0x000000008d500000, 0x000000008d600000|  0%| F|  |TAMS 0x000000008d500000, 0x000000008d500000| Untracked 
| 214|0x000000008d600000, 0x000000008d600000, 0x000000008d700000|  0%| F|  |TAMS 0x000000008d600000, 0x000000008d600000| Untracked 
| 215|0x000000008d700000, 0x000000008d700000, 0x000000008d800000|  0%| F|  |TAMS 0x000000008d700000, 0x000000008d700000| Untracked 
| 216|0x000000008d800000, 0x000000008d800000, 0x000000008d900000|  0%| F|  |TAMS 0x000000008d800000, 0x000000008d800000| Untracked 
| 217|0x000000008d900000, 0x000000008d9a4100, 0x000000008da00000| 64%| S|CS|TAMS 0x000000008d900000, 0x000000008d900000| Complete 
| 218|0x000000008da00000, 0x000000008db00000, 0x000000008db00000|100%| S|CS|TAMS 0x000000008da00000, 0x000000008da00000| Complete 
| 219|0x000000008db00000, 0x000000008dc00000, 0x000000008dc00000|100%| S|CS|TAMS 0x000000008db00000, 0x000000008db00000| Complete 
| 220|0x000000008dc00000, 0x000000008dd00000, 0x000000008dd00000|100%| S|CS|TAMS 0x000000008dc00000, 0x000000008dc00000| Complete 
| 221|0x000000008dd00000, 0x000000008de00000, 0x000000008de00000|100%| S|CS|TAMS 0x000000008dd00000, 0x000000008dd00000| Complete 
| 222|0x000000008de00000, 0x000000008df00000, 0x000000008df00000|100%| S|CS|TAMS 0x000000008de00000, 0x000000008de00000| Complete 
| 223|0x000000008df00000, 0x000000008df00000, 0x000000008e000000|  0%| F|  |TAMS 0x000000008df00000, 0x000000008df00000| Untracked 
| 224|0x000000008e000000, 0x000000008e000000, 0x000000008e100000|  0%| F|  |TAMS 0x000000008e000000, 0x000000008e000000| Untracked 
| 225|0x000000008e100000, 0x000000008e100000, 0x000000008e200000|  0%| F|  |TAMS 0x000000008e100000, 0x000000008e100000| Untracked 
| 226|0x000000008e200000, 0x000000008e200000, 0x000000008e300000|  0%| F|  |TAMS 0x000000008e200000, 0x000000008e200000| Untracked 
| 227|0x000000008e300000, 0x000000008e300000, 0x000000008e400000|  0%| F|  |TAMS 0x000000008e300000, 0x000000008e300000| Untracked 
| 228|0x000000008e400000, 0x000000008e400000, 0x000000008e500000|  0%| F|  |TAMS 0x000000008e400000, 0x000000008e400000| Untracked 
| 229|0x000000008e500000, 0x000000008e500000, 0x000000008e600000|  0%| F|  |TAMS 0x000000008e500000, 0x000000008e500000| Untracked 
| 230|0x000000008e600000, 0x000000008e600000, 0x000000008e700000|  0%| F|  |TAMS 0x000000008e600000, 0x000000008e600000| Untracked 
| 231|0x000000008e700000, 0x000000008e700000, 0x000000008e800000|  0%| F|  |TAMS 0x000000008e700000, 0x000000008e700000| Untracked 
| 232|0x000000008e800000, 0x000000008e800000, 0x000000008e900000|  0%| F|  |TAMS 0x000000008e800000, 0x000000008e800000| Untracked 
| 233|0x000000008e900000, 0x000000008e900000, 0x000000008ea00000|  0%| F|  |TAMS 0x000000008e900000, 0x000000008e900000| Untracked 
| 234|0x000000008ea00000, 0x000000008ea00000, 0x000000008eb00000|  0%| F|  |TAMS 0x000000008ea00000, 0x000000008ea00000| Untracked 
| 235|0x000000008eb00000, 0x000000008eb00000, 0x000000008ec00000|  0%| F|  |TAMS 0x000000008eb00000, 0x000000008eb00000| Untracked 
| 236|0x000000008ec00000, 0x000000008ec00000, 0x000000008ed00000|  0%| F|  |TAMS 0x000000008ec00000, 0x000000008ec00000| Untracked 
| 237|0x000000008ed00000, 0x000000008ed00000, 0x000000008ee00000|  0%| F|  |TAMS 0x000000008ed00000, 0x000000008ed00000| Untracked 
| 238|0x000000008ee00000, 0x000000008ee00000, 0x000000008ef00000|  0%| F|  |TAMS 0x000000008ee00000, 0x000000008ee00000| Untracked 
| 239|0x000000008ef00000, 0x000000008ef00000, 0x000000008f000000|  0%| F|  |TAMS 0x000000008ef00000, 0x000000008ef00000| Untracked 
| 240|0x000000008f000000, 0x000000008f000000, 0x000000008f100000|  0%| F|  |TAMS 0x000000008f000000, 0x000000008f000000| Untracked 
| 241|0x000000008f100000, 0x000000008f100000, 0x000000008f200000|  0%| F|  |TAMS 0x000000008f100000, 0x000000008f100000| Untracked 
| 242|0x000000008f200000, 0x000000008f200000, 0x000000008f300000|  0%| F|  |TAMS 0x000000008f200000, 0x000000008f200000| Untracked 
| 243|0x000000008f300000, 0x000000008f300000, 0x000000008f400000|  0%| F|  |TAMS 0x000000008f300000, 0x000000008f300000| Untracked 
| 244|0x000000008f400000, 0x000000008f400000, 0x000000008f500000|  0%| F|  |TAMS 0x000000008f400000, 0x000000008f400000| Untracked 
| 245|0x000000008f500000, 0x000000008f500000, 0x000000008f600000|  0%| F|  |TAMS 0x000000008f500000, 0x000000008f500000| Untracked 
| 246|0x000000008f600000, 0x000000008f600000, 0x000000008f700000|  0%| F|  |TAMS 0x000000008f600000, 0x000000008f600000| Untracked 
| 247|0x000000008f700000, 0x000000008f700000, 0x000000008f800000|  0%| F|  |TAMS 0x000000008f700000, 0x000000008f700000| Untracked 
| 248|0x000000008f800000, 0x000000008f800000, 0x000000008f900000|  0%| F|  |TAMS 0x000000008f800000, 0x000000008f800000| Untracked 
| 249|0x000000008f900000, 0x000000008f900000, 0x000000008fa00000|  0%| F|  |TAMS 0x000000008f900000, 0x000000008f900000| Untracked 
| 250|0x000000008fa00000, 0x000000008fa00000, 0x000000008fb00000|  0%| F|  |TAMS 0x000000008fa00000, 0x000000008fa00000| Untracked 
| 251|0x000000008fb00000, 0x000000008fb00000, 0x000000008fc00000|  0%| F|  |TAMS 0x000000008fb00000, 0x000000008fb00000| Untracked 
| 252|0x000000008fc00000, 0x000000008fc00000, 0x000000008fd00000|  0%| F|  |TAMS 0x000000008fc00000, 0x000000008fc00000| Untracked 
| 253|0x000000008fd00000, 0x000000008fd00000, 0x000000008fe00000|  0%| F|  |TAMS 0x000000008fd00000, 0x000000008fd00000| Untracked 
| 254|0x000000008fe00000, 0x000000008fe00000, 0x000000008ff00000|  0%| F|  |TAMS 0x000000008fe00000, 0x000000008fe00000| Untracked 
|2042|0x00000000ffa00000, 0x00000000ffa00000, 0x00000000ffb00000|  0%| F|  |TAMS 0x00000000ffa00000, 0x00000000ffa00000| Untracked 
|2043|0x00000000ffb00000, 0x00000000ffb00000, 0x00000000ffc00000|  0%| F|  |TAMS 0x00000000ffb00000, 0x00000000ffb00000| Untracked 
|2044|0x00000000ffc00000, 0x00000000ffc00000, 0x00000000ffd00000|  0%| F|  |TAMS 0x00000000ffc00000, 0x00000000ffc00000| Untracked 
|2045|0x00000000ffd00000, 0x00000000ffd00000, 0x00000000ffe00000|  0%| F|  |TAMS 0x00000000ffd00000, 0x00000000ffd00000| Untracked 
|2046|0x00000000ffe00000, 0x00000000ffe00000, 0x00000000fff00000|  0%| F|  |TAMS 0x00000000ffe00000, 0x00000000ffe00000| Untracked 
|2047|0x00000000fff00000, 0x00000000fff00000, 0x0000000100000000|  0%| F|  |TAMS 0x00000000fff00000, 0x00000000fff00000| Untracked 

Card table byte_map: [0x0000021c7f0a0000,0x0000021c7f4a0000] _byte_map_base: 0x0000021c7eca0000

Marking Bits (Prev, Next): (CMBitMap*) 0x0000021c76e97270, (CMBitMap*) 0x0000021c76e97230
 Prev Bits: [0x0000021c11000000, 0x0000021c13000000)
 Next Bits: [0x0000021c0f000000, 0x0000021c11000000)

Polling page: 0x0000021c74e10000

Metaspace:

Usage:
  Non-class:    129.60 MB used.
      Class:     19.39 MB used.
       Both:    148.99 MB used.

Virtual space:
  Non-class space:      192.00 MB reserved,     130.12 MB ( 68%) committed,  3 nodes.
      Class space:        1.00 GB reserved,      19.94 MB (  2%) committed,  1 nodes.
             Both:        1.19 GB reserved,     150.06 MB ( 12%) committed. 

Chunk freelists:
   Non-Class:  13.44 MB
       Class:  11.95 MB
        Both:  25.39 MB

MaxMetaspaceSize: unlimited
CompressedClassSpaceSize: 1.00 GB
Initial GC threshold: 21.00 MB
Current GC threshold: 244.38 MB
CDS: on
MetaspaceReclaimPolicy: balanced
 - commit_granule_bytes: 65536.
 - commit_granule_words: 8192.
 - virtual_space_node_default_size: 8388608.
 - enlarge_chunks_in_place: 1.
 - new_chunks_are_fully_committed: 0.
 - uncommit_free_chunks: 1.
 - use_allocation_guard: 0.
 - handle_deallocations: 1.


Internal statistics:

num_allocs_failed_limit: 12.
num_arena_births: 1794.
num_arena_deaths: 0.
num_vsnodes_births: 4.
num_vsnodes_deaths: 0.
num_space_committed: 2398.
num_space_uncommitted: 0.
num_chunks_returned_to_freelist: 12.
num_chunks_taken_from_freelist: 7975.
num_chunk_merges: 12.
num_chunk_splits: 5583.
num_chunks_enlarged: 4056.
num_inconsistent_stats: 0.

CodeHeap 'non-profiled nmethods': size=120000Kb used=9239Kb max_used=9239Kb free=110760Kb
 bounds [0x0000021c07ad0000, 0x0000021c08400000, 0x0000021c0f000000]
CodeHeap 'profiled nmethods': size=120000Kb used=32293Kb max_used=34369Kb free=87706Kb
 bounds [0x0000021c00000000, 0x0000021c021a0000, 0x0000021c07530000]
CodeHeap 'non-nmethods': size=5760Kb used=1916Kb max_used=1970Kb free=3843Kb
 bounds [0x0000021c07530000, 0x0000021c077a0000, 0x0000021c07ad0000]
 total_blobs=18741 nmethods=17696 adapters=955
 compilation: enabled
              stopped_count=0, restarted_count=0
 full_count=0

Compilation events (20 events):
Event: 102.501 Thread 0x0000021c153bab00 22728       2       com.android.ide.common.resources.ResourceMergerItem::getDetailsXml (9 bytes)
Event: 102.501 Thread 0x0000021c153bab00 nmethod 22728 0x0000021c00a2c410 code [0x0000021c00a2c5c0, 0x0000021c00a2c718]
Event: 102.501 Thread 0x0000021c153bab00 22729       2       com.android.ide.common.resources.NodeUtils::duplicateAndAdoptNode (13 bytes)
Event: 102.501 Thread 0x0000021c153bab00 nmethod 22729 0x0000021c00a34a10 code [0x0000021c00a34bc0, 0x0000021c00a34cf8]
Event: 102.509 Thread 0x0000021c153bab00 22731       2       com.android.ide.common.resources.DataFile::hasNotRemovedItems (48 bytes)
Event: 102.510 Thread 0x0000021c153bab00 nmethod 22731 0x0000021c009d1d10 code [0x0000021c009d1ee0, 0x0000021c009d2178]
Event: 102.510 Thread 0x0000021c153bab00 22732       2       com.android.ide.common.resources.DataSet::createFileElement (81 bytes)
Event: 102.511 Thread 0x0000021c153bab00 nmethod 22732 0x0000021c002e9f90 code [0x0000021c002ea1c0, 0x0000021c002ea5d8]
Event: 102.512 Thread 0x0000021c153bab00 22734       3       com.sun.org.apache.xerces.internal.dom.CoreDocumentImpl::createElement (47 bytes)
Event: 102.513 Thread 0x0000021c153bab00 nmethod 22734 0x0000021c00929610 code [0x0000021c00929840, 0x0000021c0092a038]
Event: 102.515 Thread 0x0000021c153bab00 22735       3       com.android.ide.common.resources.ResourceMergerItem::getDetailsXml (9 bytes)
Event: 102.516 Thread 0x0000021c153bab00 nmethod 22735 0x0000021c0097ac90 code [0x0000021c0097ae40, 0x0000021c0097b018]
Event: 102.516 Thread 0x0000021c153bab00 22736       3       com.google.common.base.Joiner::toString (24 bytes)
Event: 102.517 Thread 0x0000021c153bab00 nmethod 22736 0x0000021c00583890 code [0x0000021c00583a60, 0x0000021c00584018]
Event: 102.518 Thread 0x0000021c153bab00 22737       3       com.android.ide.common.resources.NodeUtils::duplicateNode (315 bytes)
Event: 102.521 Thread 0x0000021c153bab00 nmethod 22737 0x0000021c00a2f090 code [0x0000021c00a2f500, 0x0000021c00a31ef8]
Event: 102.526 Thread 0x0000021c153bab00 22738       2       com.android.ide.common.resources.ResourceFile::addExtraAttributes (33 bytes)
Event: 102.527 Thread 0x0000021c153bab00 nmethod 22738 0x0000021c0095dd10 code [0x0000021c0095dec0, 0x0000021c0095e0a8]
Event: 102.535 Thread 0x0000021c153b0030 nmethod 22426 0x0000021c080ebf90 code [0x0000021c080ec220, 0x0000021c080ed430]
Event: 102.535 Thread 0x0000021c153b0030 22721       4       com.sun.org.apache.xerces.internal.dom.ParentNode::internalInsertBefore (651 bytes)

GC Heap History (20 events):
Event: 39.560 GC heap after
{Heap after GC invocations=47 (full 0):
 garbage-first heap   total 261120K, used 128737K [0x0000000080000000, 0x0000000100000000)
  region size 1024K, 12 young (12288K), 12 survivors (12288K)
 Metaspace       used 143467K, committed 144448K, reserved 1179648K
  class space    used 18908K, committed 19392K, reserved 1048576K
}
Event: 41.175 GC heap before
{Heap before GC invocations=47 (full 0):
 garbage-first heap   total 261120K, used 229089K [0x0000000080000000, 0x0000000100000000)
  region size 1024K, 98 young (100352K), 12 survivors (12288K)
 Metaspace       used 146436K, committed 147456K, reserved 1179648K
  class space    used 19172K, committed 19648K, reserved 1048576K
}
Event: 41.212 GC heap after
{Heap after GC invocations=48 (full 0):
 garbage-first heap   total 267264K, used 153216K [0x0000000080000000, 0x0000000100000000)
  region size 1024K, 13 young (13312K), 13 survivors (13312K)
 Metaspace       used 146436K, committed 147456K, reserved 1179648K
  class space    used 19172K, committed 19648K, reserved 1048576K
}
Event: 42.106 GC heap before
{Heap before GC invocations=48 (full 0):
 garbage-first heap   total 267264K, used 208512K [0x0000000080000000, 0x0000000100000000)
  region size 1024K, 65 young (66560K), 13 survivors (13312K)
 Metaspace       used 146894K, committed 147904K, reserved 1179648K
  class space    used 19220K, committed 19712K, reserved 1048576K
}
Event: 42.122 GC heap after
{Heap after GC invocations=49 (full 0):
 garbage-first heap   total 267264K, used 159144K [0x0000000080000000, 0x0000000100000000)
  region size 1024K, 6 young (6144K), 6 survivors (6144K)
 Metaspace       used 146894K, committed 147904K, reserved 1179648K
  class space    used 19220K, committed 19712K, reserved 1048576K
}
Event: 43.150 GC heap before
{Heap before GC invocations=49 (full 0):
 garbage-first heap   total 267264K, used 209320K [0x0000000080000000, 0x0000000100000000)
  region size 1024K, 56 young (57344K), 6 survivors (6144K)
 Metaspace       used 148634K, committed 149696K, reserved 1179648K
  class space    used 19407K, committed 19904K, reserved 1048576K
}
Event: 43.158 GC heap after
{Heap after GC invocations=50 (full 0):
 garbage-first heap   total 267264K, used 162272K [0x0000000080000000, 0x0000000100000000)
  region size 1024K, 5 young (5120K), 5 survivors (5120K)
 Metaspace       used 148634K, committed 149696K, reserved 1179648K
  class space    used 19407K, committed 19904K, reserved 1048576K
}
Event: 43.616 GC heap before
{Heap before GC invocations=50 (full 0):
 garbage-first heap   total 267264K, used 212448K [0x0000000080000000, 0x0000000100000000)
  region size 1024K, 55 young (56320K), 5 survivors (5120K)
 Metaspace       used 149028K, committed 150080K, reserved 1179648K
  class space    used 19462K, committed 19968K, reserved 1048576K
}
Event: 43.624 GC heap after
{Heap after GC invocations=51 (full 0):
 garbage-first heap   total 267264K, used 164864K [0x0000000080000000, 0x0000000100000000)
  region size 1024K, 4 young (4096K), 4 survivors (4096K)
 Metaspace       used 149028K, committed 150080K, reserved 1179648K
  class space    used 19462K, committed 19968K, reserved 1048576K
}
Event: 43.800 GC heap before
{Heap before GC invocations=51 (full 0):
 garbage-first heap   total 267264K, used 187392K [0x0000000080000000, 0x0000000100000000)
  region size 1024K, 28 young (28672K), 4 survivors (4096K)
 Metaspace       used 149068K, committed 150144K, reserved 1179648K
  class space    used 19467K, committed 19968K, reserved 1048576K
}
Event: 44.097 GC heap after
{Heap after GC invocations=52 (full 1):
 garbage-first heap   total 267264K, used 118646K [0x0000000080000000, 0x0000000100000000)
  region size 1024K, 0 young (0K), 0 survivors (0K)
 Metaspace       used 149068K, committed 150144K, reserved 1179648K
  class space    used 19467K, committed 19968K, reserved 1048576K
}
Event: 94.205 GC heap before
{Heap before GC invocations=52 (full 1):
 garbage-first heap   total 267264K, used 198518K [0x0000000080000000, 0x0000000100000000)
  region size 1024K, 78 young (79872K), 0 survivors (0K)
 Metaspace       used 151121K, committed 152256K, reserved 1245184K
  class space    used 19764K, committed 20288K, reserved 1048576K
}
Event: 94.239 GC heap after
{Heap after GC invocations=53 (full 1):
 garbage-first heap   total 267264K, used 123342K [0x0000000080000000, 0x0000000100000000)
  region size 1024K, 5 young (5120K), 5 survivors (5120K)
 Metaspace       used 151121K, committed 152256K, reserved 1245184K
  class space    used 19764K, committed 20288K, reserved 1048576K
}
Event: 97.942 GC heap before
{Heap before GC invocations=53 (full 1):
 garbage-first heap   total 267264K, used 203214K [0x0000000080000000, 0x0000000100000000)
  region size 1024K, 83 young (84992K), 5 survivors (5120K)
 Metaspace       used 152092K, committed 153280K, reserved 1245184K
  class space    used 19846K, committed 20416K, reserved 1048576K
}
Event: 97.996 GC heap after
{Heap after GC invocations=54 (full 1):
 garbage-first heap   total 267264K, used 131705K [0x0000000080000000, 0x0000000100000000)
  region size 1024K, 11 young (11264K), 11 survivors (11264K)
 Metaspace       used 152092K, committed 153280K, reserved 1245184K
  class space    used 19846K, committed 20416K, reserved 1048576K
}
Event: 100.335 GC heap before
{Heap before GC invocations=54 (full 1):
 garbage-first heap   total 267264K, used 214649K [0x0000000080000000, 0x0000000100000000)
  region size 1024K, 84 young (86016K), 11 survivors (11264K)
 Metaspace       used 152298K, committed 153472K, reserved 1245184K
  class space    used 19846K, committed 20416K, reserved 1048576K
}
Event: 100.433 GC heap after
{Heap after GC invocations=55 (full 1):
 garbage-first heap   total 267264K, used 154626K [0x0000000080000000, 0x0000000100000000)
  region size 1024K, 11 young (11264K), 11 survivors (11264K)
 Metaspace       used 152298K, committed 153472K, reserved 1245184K
  class space    used 19846K, committed 20416K, reserved 1048576K
}
Event: 101.611 GC heap before
{Heap before GC invocations=55 (full 1):
 garbage-first heap   total 267264K, used 211970K [0x0000000080000000, 0x0000000100000000)
  region size 1024K, 60 young (61440K), 11 survivors (11264K)
 Metaspace       used 152438K, committed 153600K, reserved 1245184K
  class space    used 19850K, committed 20416K, reserved 1048576K
}
Event: 101.642 GC heap after
{Heap after GC invocations=56 (full 1):
 garbage-first heap   total 267264K, used 170622K [0x0000000080000000, 0x0000000100000000)
  region size 1024K, 8 young (8192K), 8 survivors (8192K)
 Metaspace       used 152438K, committed 153600K, reserved 1245184K
  class space    used 19850K, committed 20416K, reserved 1048576K
}
Event: 102.552 GC heap before
{Heap before GC invocations=56 (full 1):
 garbage-first heap   total 267264K, used 208510K [0x0000000080000000, 0x0000000100000000)
  region size 1024K, 46 young (47104K), 8 survivors (8192K)
 Metaspace       used 152570K, committed 153664K, reserved 1245184K
  class space    used 19857K, committed 20416K, reserved 1048576K
}

Dll operation events (15 events):
Event: 0.018 Loaded shared library C:\Program Files\Eclipse Adoptium\jdk-17.0.14.7-hotspot\bin\java.dll
Event: 0.051 Loaded shared library C:\Program Files\Eclipse Adoptium\jdk-17.0.14.7-hotspot\bin\jsvml.dll
Event: 0.138 Loaded shared library C:\Program Files\Eclipse Adoptium\jdk-17.0.14.7-hotspot\bin\zip.dll
Event: 0.141 Loaded shared library C:\Program Files\Eclipse Adoptium\jdk-17.0.14.7-hotspot\bin\instrument.dll
Event: 0.150 Loaded shared library C:\Program Files\Eclipse Adoptium\jdk-17.0.14.7-hotspot\bin\net.dll
Event: 0.153 Loaded shared library C:\Program Files\Eclipse Adoptium\jdk-17.0.14.7-hotspot\bin\nio.dll
Event: 0.157 Loaded shared library C:\Program Files\Eclipse Adoptium\jdk-17.0.14.7-hotspot\bin\zip.dll
Event: 0.699 Loaded shared library C:\Program Files\Eclipse Adoptium\jdk-17.0.14.7-hotspot\bin\jimage.dll
Event: 1.028 Loaded shared library C:\Program Files\Eclipse Adoptium\jdk-17.0.14.7-hotspot\bin\verify.dll
Event: 1.279 Loaded shared library C:\Users\ceiv0\.gradle\native\c067742578af261105cb4f569cf0c3c89f3d7b1fecec35dd04571415982c5e48\windows-amd64\native-platform.dll
Event: 1.295 Loaded shared library C:\Users\ceiv0\.gradle\native\100fb08df4bc3b14c8652ba06237920a3bd2aa13389f12d3474272988ae205f9\windows-amd64\native-platform-file-events.dll
Event: 3.455 Loaded shared library C:\Program Files\Eclipse Adoptium\jdk-17.0.14.7-hotspot\bin\management.dll
Event: 3.462 Loaded shared library C:\Program Files\Eclipse Adoptium\jdk-17.0.14.7-hotspot\bin\management_ext.dll
Event: 4.010 Loaded shared library C:\Program Files\Eclipse Adoptium\jdk-17.0.14.7-hotspot\bin\extnet.dll
Event: 4.346 Loaded shared library C:\Program Files\Eclipse Adoptium\jdk-17.0.14.7-hotspot\bin\sunmscapi.dll

Deoptimization events (20 events):
Event: 102.492 Thread 0x0000021c6e8d4ec0 Uncommon trap: trap_request=0xffffffc6 fr.pc=0x0000021c07d3cf48 relative=0x0000000000000628
Event: 102.492 Thread 0x0000021c6e8d4ec0 Uncommon trap: reason=bimorphic_or_optimized_type_check action=maybe_recompile pc=0x0000021c07d3cf48 method=com.sun.org.apache.xerces.internal.dom.ParentNode.checkNormalizationAfterInsert(Lcom/sun/org/apache/xerces/internal/dom/ChildNode;)V @ 23 c2
Event: 102.492 Thread 0x0000021c6e8d4ec0 DEOPT PACKING pc=0x0000021c07d3cf48 sp=0x00000069e30fa4e0
Event: 102.492 Thread 0x0000021c6e8d4ec0 DEOPT UNPACKING pc=0x0000021c075869a3 sp=0x00000069e30fa410 mode 2
Event: 102.492 Thread 0x0000021c6e8d4ec0 Uncommon trap: trap_request=0xffffffc6 fr.pc=0x0000021c07d3cf48 relative=0x0000000000000628
Event: 102.492 Thread 0x0000021c6e8d4ec0 Uncommon trap: reason=bimorphic_or_optimized_type_check action=maybe_recompile pc=0x0000021c07d3cf48 method=com.sun.org.apache.xerces.internal.dom.ParentNode.checkNormalizationAfterInsert(Lcom/sun/org/apache/xerces/internal/dom/ChildNode;)V @ 23 c2
Event: 102.492 Thread 0x0000021c6e8d4ec0 DEOPT PACKING pc=0x0000021c07d3cf48 sp=0x00000069e30fa4e0
Event: 102.492 Thread 0x0000021c6e8d4ec0 DEOPT UNPACKING pc=0x0000021c075869a3 sp=0x00000069e30fa410 mode 2
Event: 102.492 Thread 0x0000021c6e8d4ec0 Uncommon trap: trap_request=0xffffffc6 fr.pc=0x0000021c07d3cf48 relative=0x0000000000000628
Event: 102.492 Thread 0x0000021c6e8d4ec0 Uncommon trap: reason=bimorphic_or_optimized_type_check action=maybe_recompile pc=0x0000021c07d3cf48 method=com.sun.org.apache.xerces.internal.dom.ParentNode.checkNormalizationAfterInsert(Lcom/sun/org/apache/xerces/internal/dom/ChildNode;)V @ 23 c2
Event: 102.492 Thread 0x0000021c6e8d4ec0 DEOPT PACKING pc=0x0000021c07d3cf48 sp=0x00000069e30fa4e0
Event: 102.492 Thread 0x0000021c6e8d4ec0 DEOPT UNPACKING pc=0x0000021c075869a3 sp=0x00000069e30fa410 mode 2
Event: 102.492 Thread 0x0000021c6e8d4ec0 Uncommon trap: trap_request=0xffffffc6 fr.pc=0x0000021c07d3cf48 relative=0x0000000000000628
Event: 102.492 Thread 0x0000021c6e8d4ec0 Uncommon trap: reason=bimorphic_or_optimized_type_check action=maybe_recompile pc=0x0000021c07d3cf48 method=com.sun.org.apache.xerces.internal.dom.ParentNode.checkNormalizationAfterInsert(Lcom/sun/org/apache/xerces/internal/dom/ChildNode;)V @ 23 c2
Event: 102.492 Thread 0x0000021c6e8d4ec0 DEOPT PACKING pc=0x0000021c07d3cf48 sp=0x00000069e30fa4e0
Event: 102.492 Thread 0x0000021c6e8d4ec0 DEOPT UNPACKING pc=0x0000021c075869a3 sp=0x00000069e30fa410 mode 2
Event: 102.492 Thread 0x0000021c6e8d4ec0 Uncommon trap: trap_request=0xffffff76 fr.pc=0x0000021c083d7f60 relative=0x0000000000002f80
Event: 102.492 Thread 0x0000021c6e8d4ec0 Uncommon trap: reason=predicate action=maybe_recompile pc=0x0000021c083d7f60 method=com.android.ide.common.resources.NodeUtils.updateNamespace(Lorg/w3c/dom/Node;Lorg/w3c/dom/Document;)V @ 136 c2
Event: 102.492 Thread 0x0000021c6e8d4ec0 DEOPT PACKING pc=0x0000021c083d7f60 sp=0x00000069e30fa580
Event: 102.492 Thread 0x0000021c6e8d4ec0 DEOPT UNPACKING pc=0x0000021c075869a3 sp=0x00000069e30fa590 mode 2

Classes loaded (20 events):
Event: 45.026 Loading class java/util/Locale$1
Event: 45.027 Loading class java/util/Locale$1 done
Event: 45.047 Loading class java/net/UrlDeserializedState
Event: 45.048 Loading class java/net/UrlDeserializedState done
Event: 45.057 Loading class java/util/concurrent/CompletableFuture$AsyncRun
Event: 45.058 Loading class java/util/concurrent/CompletableFuture$AsyncRun done
Event: 93.367 Loading class jdk/internal/math/FormattedFloatingDecimal$Form
Event: 93.405 Loading class jdk/internal/math/FormattedFloatingDecimal$Form done
Event: 93.406 Loading class jdk/internal/math/FormattedFloatingDecimal
Event: 93.506 Loading class jdk/internal/math/FormattedFloatingDecimal done
Event: 93.514 Loading class jdk/internal/math/FormattedFloatingDecimal$1
Event: 93.519 Loading class jdk/internal/math/FormattedFloatingDecimal$1 done
Event: 93.533 Loading class jdk/internal/math/FormattedFloatingDecimal$2
Event: 93.537 Loading class jdk/internal/math/FormattedFloatingDecimal$2 done
Event: 93.789 Loading class sun/nio/cs/ISO_8859_1$Encoder
Event: 93.795 Loading class sun/nio/cs/ISO_8859_1$Encoder done
Event: 93.798 Loading class sun/nio/cs/Surrogate$Parser
Event: 93.801 Loading class sun/nio/cs/Surrogate$Parser done
Event: 93.801 Loading class sun/nio/cs/Surrogate
Event: 93.811 Loading class sun/nio/cs/Surrogate done

Classes unloaded (0 events):
No events

Classes redefined (0 events):
No events

Internal exceptions (20 events):
Event: 97.140 Thread 0x0000021c6e8d3f90 Exception <a 'java/lang/NoSuchMethodError'{0x000000008c7d7e10}: static Lcom/android/build/gradle/internal/tasks/AarMetadataArtifact;.<clinit>()V> (0x000000008c7d7e10) 
thrown [s\src\hotspot\share\prims\jni.cpp, line 1112]
Event: 97.162 Thread 0x0000021c6e8d4ec0 Exception <a 'sun/nio/fs/WindowsException'{0x000000008dd64ce8}> (0x000000008dd64ce8) 
thrown [s\src\hotspot\share\prims\jni.cpp, line 516]
Event: 97.197 Thread 0x0000021c6e8d4ec0 Exception <a 'sun/nio/fs/WindowsException'{0x000000008c53c0b0}> (0x000000008c53c0b0) 
thrown [s\src\hotspot\share\prims\jni.cpp, line 516]
Event: 97.198 Thread 0x0000021c6e8d4ec0 Exception <a 'sun/nio/fs/WindowsException'{0x000000008c53dde8}> (0x000000008c53dde8) 
thrown [s\src\hotspot\share\prims\jni.cpp, line 516]
Event: 97.295 Thread 0x0000021c6e8d4ec0 Exception <a 'sun/nio/fs/WindowsException'{0x000000008c4a7a00}> (0x000000008c4a7a00) 
thrown [s\src\hotspot\share\prims\jni.cpp, line 516]
Event: 97.518 Thread 0x0000021c6e8d4ec0 Exception <a 'sun/nio/fs/WindowsException'{0x000000008c08c8c0}> (0x000000008c08c8c0) 
thrown [s\src\hotspot\share\prims\jni.cpp, line 516]
Event: 97.518 Thread 0x0000021c6e8d4ec0 Exception <a 'sun/nio/fs/WindowsException'{0x000000008c08d798}> (0x000000008c08d798) 
thrown [s\src\hotspot\share\prims\jni.cpp, line 516]
Event: 97.518 Thread 0x0000021c6e8d4ec0 Exception <a 'sun/nio/fs/WindowsException'{0x000000008c08d938}> (0x000000008c08d938) 
thrown [s\src\hotspot\share\prims\jni.cpp, line 516]
Event: 97.552 Thread 0x0000021c6e8d4ec0 Exception <a 'sun/nio/fs/WindowsException'{0x000000008c0cd170}> (0x000000008c0cd170) 
thrown [s\src\hotspot\share\prims\jni.cpp, line 516]
Event: 97.594 Thread 0x0000021c6e8d4ec0 Exception <a 'sun/nio/fs/WindowsException'{0x000000008bf8b288}> (0x000000008bf8b288) 
thrown [s\src\hotspot\share\prims\jni.cpp, line 516]
Event: 97.594 Thread 0x0000021c6e8d4ec0 Exception <a 'sun/nio/fs/WindowsException'{0x000000008bf8c1a8}> (0x000000008bf8c1a8) 
thrown [s\src\hotspot\share\prims\jni.cpp, line 516]
Event: 97.594 Thread 0x0000021c6e8d4ec0 Exception <a 'sun/nio/fs/WindowsException'{0x000000008bf8c390}> (0x000000008bf8c390) 
thrown [s\src\hotspot\share\prims\jni.cpp, line 516]
Event: 97.596 Thread 0x0000021c6e8d4ec0 Exception <a 'sun/nio/fs/WindowsException'{0x000000008bf8e740}> (0x000000008bf8e740) 
thrown [s\src\hotspot\share\prims\jni.cpp, line 516]
Event: 97.614 Thread 0x0000021c6e8d4ec0 Exception <a 'sun/nio/fs/WindowsException'{0x000000008bfc1b40}> (0x000000008bfc1b40) 
thrown [s\src\hotspot\share\prims\jni.cpp, line 516]
Event: 97.615 Thread 0x0000021c6e8d4ec0 Exception <a 'sun/nio/fs/WindowsException'{0x000000008bfc4090}> (0x000000008bfc4090) 
thrown [s\src\hotspot\share\prims\jni.cpp, line 516]
Event: 97.616 Thread 0x0000021c6e8d4ec0 Exception <a 'sun/nio/fs/WindowsException'{0x000000008bfc5fc0}> (0x000000008bfc5fc0) 
thrown [s\src\hotspot\share\prims\jni.cpp, line 516]
Event: 97.616 Thread 0x0000021c6e8d4ec0 Exception <a 'sun/nio/fs/WindowsException'{0x000000008bfcaf28}> (0x000000008bfcaf28) 
thrown [s\src\hotspot\share\prims\jni.cpp, line 516]
Event: 97.617 Thread 0x0000021c6e8d4ec0 Exception <a 'sun/nio/fs/WindowsException'{0x000000008bfcd040}> (0x000000008bfcd040) 
thrown [s\src\hotspot\share\prims\jni.cpp, line 516]
Event: 97.707 Thread 0x0000021c6e8d4ec0 Implicit null exception at 0x0000021c081cbdb3 to 0x0000021c081cc490
Event: 101.002 Thread 0x0000021c6e8d4ec0 Implicit null exception at 0x0000021c081c19cf to 0x0000021c081c20e8

VM Operations (20 events):
Event: 97.996 Executing VM operation: G1CollectForAllocation done
Event: 99.003 Executing VM operation: Cleanup
Event: 99.003 Executing VM operation: Cleanup done
Event: 100.013 Executing VM operation: Cleanup
Event: 100.013 Executing VM operation: Cleanup done
Event: 100.335 Executing VM operation: G1CollectForAllocation
Event: 100.433 Executing VM operation: G1CollectForAllocation done
Event: 101.003 Executing VM operation: HandshakeAllThreads
Event: 101.003 Executing VM operation: HandshakeAllThreads done
Event: 101.048 Executing VM operation: ICBufferFull
Event: 101.049 Executing VM operation: ICBufferFull done
Event: 101.101 Executing VM operation: HandshakeAllThreads
Event: 101.101 Executing VM operation: HandshakeAllThreads done
Event: 101.105 Executing VM operation: HandshakeAllThreads
Event: 101.105 Executing VM operation: HandshakeAllThreads done
Event: 101.189 Executing VM operation: HandshakeAllThreads
Event: 101.189 Executing VM operation: HandshakeAllThreads done
Event: 101.611 Executing VM operation: G1CollectForAllocation
Event: 101.642 Executing VM operation: G1CollectForAllocation done
Event: 102.552 Executing VM operation: G1CollectForAllocation

Memory protections (0 events):
No events

Nmethod flushes (20 events):
Event: 101.249 Thread 0x0000021c153bd510 flushing  nmethod 0x0000021c020a2490
Event: 101.249 Thread 0x0000021c153bd510 flushing  nmethod 0x0000021c020a6310
Event: 101.249 Thread 0x0000021c153bd510 flushing  nmethod 0x0000021c020a6a90
Event: 101.249 Thread 0x0000021c153bd510 flushing  nmethod 0x0000021c020ccd90
Event: 101.249 Thread 0x0000021c153bd510 flushing  nmethod 0x0000021c020ce190
Event: 101.249 Thread 0x0000021c153bd510 flushing  nmethod 0x0000021c020ceb90
Event: 101.249 Thread 0x0000021c153bd510 flushing  nmethod 0x0000021c020cf010
Event: 101.249 Thread 0x0000021c153bd510 flushing osr nmethod 0x0000021c020cf590
Event: 101.249 Thread 0x0000021c153bd510 flushing  nmethod 0x0000021c020cfd10
Event: 101.249 Thread 0x0000021c153bd510 flushing  nmethod 0x0000021c020d9d10
Event: 101.249 Thread 0x0000021c153bd510 flushing  nmethod 0x0000021c020daf10
Event: 101.249 Thread 0x0000021c153bd510 flushing osr nmethod 0x0000021c020dcc90
Event: 101.249 Thread 0x0000021c153bd510 flushing  nmethod 0x0000021c020df910
Event: 101.249 Thread 0x0000021c153bd510 flushing  nmethod 0x0000021c020e3910
Event: 101.249 Thread 0x0000021c153bd510 flushing  nmethod 0x0000021c020e5e90
Event: 101.249 Thread 0x0000021c153bd510 flushing  nmethod 0x0000021c020e8490
Event: 101.249 Thread 0x0000021c153bd510 flushing  nmethod 0x0000021c020e8b90
Event: 101.249 Thread 0x0000021c153bd510 flushing  nmethod 0x0000021c020ed610
Event: 101.249 Thread 0x0000021c153bd510 flushing  nmethod 0x0000021c020ef990
Event: 101.250 Thread 0x0000021c153bd510 flushing osr nmethod 0x0000021c02166a90

Events (20 events):
Event: 96.133 Thread 0x0000021c5c087f60 Thread added: 0x0000021c6e8d58e0
Event: 96.135 Thread 0x0000021c6e8d58e0 Thread added: 0x0000021c6e8d2640
Event: 96.135 Thread 0x0000021c6e8d58e0 Thread added: 0x0000021c6e8d3f90
Event: 96.135 Thread 0x0000021c6e8d58e0 Thread added: 0x0000021c6e8d5df0
Event: 96.135 Thread 0x0000021c6e8d58e0 Thread added: 0x0000021c6e8d07e0
Event: 96.135 Thread 0x0000021c6e8d58e0 Thread added: 0x0000021c6e8d49b0
Event: 96.136 Thread 0x0000021c6e8d58e0 Thread added: 0x0000021c6e8d4ec0
Event: 96.136 Thread 0x0000021c6e8d58e0 Thread added: 0x0000021c6e8d3a80
Event: 96.138 Thread 0x0000021c6e8d2640 Thread added: 0x0000021c6e8d2130
Event: 96.218 Thread 0x0000021c6e8d58e0 Thread added: 0x0000021c6e8d53d0
Event: 96.218 Thread 0x0000021c6e8d58e0 Thread added: 0x0000021c6e8cfdc0
Event: 96.273 Thread 0x0000021c6e8d58e0 Thread added: 0x0000021c6e8d6300
Event: 96.972 Thread 0x0000021c6e8d3f90 Thread added: 0x0000021c6e8d02d0
Event: 96.973 Thread 0x0000021c6e8d3f90 Thread added: 0x0000021c6e8d1200
Event: 96.973 Thread 0x0000021c6e8d3f90 Thread added: 0x0000021c6e8d1c20
Event: 96.973 Thread 0x0000021c6e8d3f90 Thread added: 0x0000021c5dc309e0
Event: 96.974 Thread 0x0000021c6e8d3f90 Thread added: 0x0000021c5dc32d50
Event: 96.974 Thread 0x0000021c6e8d3f90 Thread added: 0x0000021c5dc33260
Event: 96.974 Thread 0x0000021c6e8d3f90 Thread added: 0x0000021c5dc355d0
Event: 97.144 Thread 0x0000021c6e8d3f90 Thread added: 0x0000021c5dc36500


Dynamic libraries:
0x00007ff7e0030000 - 0x00007ff7e003e000 	C:\Program Files\Eclipse Adoptium\jdk-17.0.14.7-hotspot\bin\java.exe
0x00007ffa7bd10000 - 0x00007ffa7bf27000 	C:\WINDOWS\SYSTEM32\ntdll.dll
0x00007ffa7a520000 - 0x00007ffa7a5e4000 	C:\WINDOWS\System32\KERNEL32.DLL
0x00007ffa78e20000 - 0x00007ffa791f3000 	C:\WINDOWS\System32\KERNELBASE.dll
0x00007ffa79360000 - 0x00007ffa79471000 	C:\WINDOWS\System32\ucrtbase.dll
0x00007ffa68c70000 - 0x00007ffa68c8e000 	C:\Program Files\Eclipse Adoptium\jdk-17.0.14.7-hotspot\bin\VCRUNTIME140.dll
0x00007ffa68510000 - 0x00007ffa68527000 	C:\Program Files\Eclipse Adoptium\jdk-17.0.14.7-hotspot\bin\jli.dll
0x00007ffa79d20000 - 0x00007ffa79ed1000 	C:\WINDOWS\System32\USER32.dll
0x00007ffa794b0000 - 0x00007ffa794d6000 	C:\WINDOWS\System32\win32u.dll
0x00007ffa63420000 - 0x00007ffa636b8000 	C:\WINDOWS\WinSxS\amd64_microsoft.windows.common-controls_6595b64144ccf1df_6.0.22621.5124_none_270e8f4f7386d69d\COMCTL32.dll
0x00007ffa7bca0000 - 0x00007ffa7bcc9000 	C:\WINDOWS\System32\GDI32.dll
0x00007ffa79a30000 - 0x00007ffa79ad7000 	C:\WINDOWS\System32\msvcrt.dll
0x00007ffa79620000 - 0x00007ffa7973b000 	C:\WINDOWS\System32\gdi32full.dll
0x00007ffa79200000 - 0x00007ffa7929a000 	C:\WINDOWS\System32\msvcp_win.dll
0x00007ffa7a320000 - 0x00007ffa7a351000 	C:\WINDOWS\System32\IMM32.DLL
0x00007ffa73ab0000 - 0x00007ffa73abc000 	C:\Program Files\Eclipse Adoptium\jdk-17.0.14.7-hotspot\bin\vcruntime140_1.dll
0x00007ffa59ab0000 - 0x00007ffa59b3d000 	C:\Program Files\Eclipse Adoptium\jdk-17.0.14.7-hotspot\bin\msvcp140.dll
0x00007ffa25690000 - 0x00007ffa262fb000 	C:\Program Files\Eclipse Adoptium\jdk-17.0.14.7-hotspot\bin\server\jvm.dll
0x00007ffa7b6c0000 - 0x00007ffa7b771000 	C:\WINDOWS\System32\ADVAPI32.dll
0x00007ffa7b4e0000 - 0x00007ffa7b588000 	C:\WINDOWS\System32\sechost.dll
0x00007ffa79480000 - 0x00007ffa794a8000 	C:\WINDOWS\System32\bcrypt.dll
0x00007ffa7a3f0000 - 0x00007ffa7a504000 	C:\WINDOWS\System32\RPCRT4.dll
0x00007ffa799b0000 - 0x00007ffa79a21000 	C:\WINDOWS\System32\WS2_32.dll
0x00007ffa78cf0000 - 0x00007ffa78d3d000 	C:\WINDOWS\SYSTEM32\POWRPROF.dll
0x00007ffa767f0000 - 0x00007ffa76824000 	C:\WINDOWS\SYSTEM32\WINMM.dll
0x00007ffa71260000 - 0x00007ffa7126a000 	C:\WINDOWS\SYSTEM32\VERSION.dll
0x00007ffa78cd0000 - 0x00007ffa78ce3000 	C:\WINDOWS\SYSTEM32\UMPDC.dll
0x00007ffa77e20000 - 0x00007ffa77e38000 	C:\WINDOWS\SYSTEM32\kernel.appcore.dll
0x00007ffa68db0000 - 0x00007ffa68dba000 	C:\Program Files\Eclipse Adoptium\jdk-17.0.14.7-hotspot\bin\jimage.dll
0x00007ffa76560000 - 0x00007ffa76792000 	C:\WINDOWS\SYSTEM32\DBGHELP.DLL
0x00007ffa79f70000 - 0x00007ffa7a302000 	C:\WINDOWS\System32\combase.dll
0x00007ffa7bbc0000 - 0x00007ffa7bc97000 	C:\WINDOWS\System32\OLEAUT32.dll
0x00007ffa767b0000 - 0x00007ffa767e2000 	C:\WINDOWS\SYSTEM32\dbgcore.DLL
0x00007ffa798b0000 - 0x00007ffa7992b000 	C:\WINDOWS\System32\bcryptPrimitives.dll
0x00007ffa68d80000 - 0x00007ffa68d8e000 	C:\Program Files\Eclipse Adoptium\jdk-17.0.14.7-hotspot\bin\instrument.dll
0x00007ffa5d550000 - 0x00007ffa5d575000 	C:\Program Files\Eclipse Adoptium\jdk-17.0.14.7-hotspot\bin\java.dll
0x00007ffa2dd70000 - 0x00007ffa2de47000 	C:\Program Files\Eclipse Adoptium\jdk-17.0.14.7-hotspot\bin\jsvml.dll
0x00007ffa7ac40000 - 0x00007ffa7b4d6000 	C:\WINDOWS\System32\SHELL32.dll
0x00007ffa794e0000 - 0x00007ffa7961f000 	C:\WINDOWS\System32\wintypes.dll
0x00007ffa76cf0000 - 0x00007ffa7760a000 	C:\WINDOWS\SYSTEM32\windows.storage.dll
0x00007ffa7ab30000 - 0x00007ffa7ac3a000 	C:\WINDOWS\System32\SHCORE.dll
0x00007ffa7b650000 - 0x00007ffa7b6b3000 	C:\WINDOWS\System32\shlwapi.dll
0x00007ffa78d50000 - 0x00007ffa78d7b000 	C:\WINDOWS\SYSTEM32\profapi.dll
0x00007ffa67b90000 - 0x00007ffa67ba8000 	C:\Program Files\Eclipse Adoptium\jdk-17.0.14.7-hotspot\bin\zip.dll
0x00007ffa61480000 - 0x00007ffa61499000 	C:\Program Files\Eclipse Adoptium\jdk-17.0.14.7-hotspot\bin\net.dll
0x00007ffa710a0000 - 0x00007ffa711cc000 	C:\WINDOWS\SYSTEM32\WINHTTP.dll
0x00007ffa782d0000 - 0x00007ffa7833a000 	C:\WINDOWS\system32\mswsock.dll
0x00007ffa5f0b0000 - 0x00007ffa5f0c6000 	C:\Program Files\Eclipse Adoptium\jdk-17.0.14.7-hotspot\bin\nio.dll
0x00007ffa63a00000 - 0x00007ffa63a10000 	C:\Program Files\Eclipse Adoptium\jdk-17.0.14.7-hotspot\bin\verify.dll
0x00007ffa68dc0000 - 0x00007ffa68de7000 	C:\Users\ceiv0\.gradle\native\c067742578af261105cb4f569cf0c3c89f3d7b1fecec35dd04571415982c5e48\windows-amd64\native-platform.dll
0x00007ffa2b700000 - 0x00007ffa2b844000 	C:\Users\ceiv0\.gradle\native\100fb08df4bc3b14c8652ba06237920a3bd2aa13389f12d3474272988ae205f9\windows-amd64\native-platform-file-events.dll
0x00007ffa63410000 - 0x00007ffa6341a000 	C:\Program Files\Eclipse Adoptium\jdk-17.0.14.7-hotspot\bin\management.dll
0x00007ffa624f0000 - 0x00007ffa624fb000 	C:\Program Files\Eclipse Adoptium\jdk-17.0.14.7-hotspot\bin\management_ext.dll
0x00007ffa7b5f0000 - 0x00007ffa7b5f8000 	C:\WINDOWS\System32\PSAPI.DLL
0x00007ffa78530000 - 0x00007ffa7854b000 	C:\WINDOWS\SYSTEM32\CRYPTSP.dll
0x00007ffa77d80000 - 0x00007ffa77db7000 	C:\WINDOWS\system32\rsaenh.dll
0x00007ffa783c0000 - 0x00007ffa783e8000 	C:\WINDOWS\SYSTEM32\USERENV.dll
0x00007ffa78520000 - 0x00007ffa7852c000 	C:\WINDOWS\SYSTEM32\CRYPTBASE.dll
0x00007ffa77870000 - 0x00007ffa7789d000 	C:\WINDOWS\SYSTEM32\IPHLPAPI.DLL
0x00007ffa7a510000 - 0x00007ffa7a519000 	C:\WINDOWS\System32\NSI.dll
0x00007ffa71270000 - 0x00007ffa71289000 	C:\WINDOWS\SYSTEM32\dhcpcsvc6.DLL
0x00007ffa71230000 - 0x00007ffa7124f000 	C:\WINDOWS\SYSTEM32\dhcpcsvc.DLL
0x00007ffa77930000 - 0x00007ffa77a32000 	C:\WINDOWS\SYSTEM32\DNSAPI.dll
0x00007ffa623f0000 - 0x00007ffa623f9000 	C:\Program Files\Eclipse Adoptium\jdk-17.0.14.7-hotspot\bin\extnet.dll
0x00007ffa622f0000 - 0x00007ffa622fe000 	C:\Program Files\Eclipse Adoptium\jdk-17.0.14.7-hotspot\bin\sunmscapi.dll
0x00007ffa79740000 - 0x00007ffa798a7000 	C:\WINDOWS\System32\CRYPT32.dll
0x00007ffa786e0000 - 0x00007ffa7870d000 	C:\WINDOWS\SYSTEM32\ncrypt.dll
0x00007ffa786a0000 - 0x00007ffa786d7000 	C:\WINDOWS\SYSTEM32\NTASN1.dll
0x00007ff9e9b80000 - 0x00007ff9e9b88000 	C:\WINDOWS\system32\wshunix.dll

dbghelp: loaded successfully - version: 4.0.5 - missing functions: none
symbol engine: initialized successfully - sym options: 0x614 - pdb path: .;C:\Program Files\Eclipse Adoptium\jdk-17.0.14.7-hotspot\bin;C:\WINDOWS\SYSTEM32;C:\WINDOWS\WinSxS\amd64_microsoft.windows.common-controls_6595b64144ccf1df_6.0.22621.5124_none_270e8f4f7386d69d;C:\Program Files\Eclipse Adoptium\jdk-17.0.14.7-hotspot\bin\server;C:\Users\ceiv0\.gradle\native\c067742578af261105cb4f569cf0c3c89f3d7b1fecec35dd04571415982c5e48\windows-amd64;C:\Users\ceiv0\.gradle\native\100fb08df4bc3b14c8652ba06237920a3bd2aa13389f12d3474272988ae205f9\windows-amd64

VM Arguments:
jvm_args: --add-opens=java.base/java.lang=ALL-UNNAMED --add-opens=java.base/java.lang.invoke=ALL-UNNAMED --add-opens=java.base/java.util=ALL-UNNAMED --add-opens=java.prefs/java.util.prefs=ALL-UNNAMED --add-exports=jdk.compiler/com.sun.tools.javac.api=ALL-UNNAMED --add-exports=jdk.compiler/com.sun.tools.javac.util=ALL-UNNAMED --add-opens=java.base/java.util=ALL-UNNAMED --add-opens=java.prefs/java.util.prefs=ALL-UNNAMED --add-opens=java.base/java.nio.charset=ALL-UNNAMED --add-opens=java.base/java.net=ALL-UNNAMED --add-opens=java.base/java.util.concurrent.atomic=ALL-UNNAMED --add-opens=java.xml/javax.xml.namespace=ALL-UNNAMED -Xmx2048m -Dfile.encoding=UTF-8 -Duser.country=MX -Duser.language=es -Duser.variant -javaagent:C:\Users\ceiv0\.gradle\wrapper\dists\gradle-8.11.1-bin\bpt9gzteqjrbo1mjrsomdt32c\gradle-8.11.1\lib\agents\gradle-instrumentation-agent-8.11.1.jar 
java_command: org.gradle.launcher.daemon.bootstrap.GradleDaemon 8.11.1
java_class_path (initial): C:\Users\ceiv0\.gradle\wrapper\dists\gradle-8.11.1-bin\bpt9gzteqjrbo1mjrsomdt32c\gradle-8.11.1\lib\gradle-daemon-main-8.11.1.jar
Launcher Type: SUN_STANDARD

[Global flags]
     intx CICompilerCount                          = 4                                         {product} {ergonomic}
     uint ConcGCThreads                            = 2                                         {product} {ergonomic}
     uint G1ConcRefinementThreads                  = 8                                         {product} {ergonomic}
   size_t G1HeapRegionSize                         = 1048576                                   {product} {ergonomic}
    uintx GCDrainStackTargetSize                   = 64                                        {product} {ergonomic}
   size_t InitialHeapSize                          = 98566144                                  {product} {ergonomic}
   size_t MarkStackSize                            = 4194304                                   {product} {ergonomic}
   size_t MaxHeapSize                              = 2147483648                                {product} {command line}
   size_t MaxNewSize                               = 1287651328                                {product} {ergonomic}
   size_t MinHeapDeltaBytes                        = 1048576                                   {product} {ergonomic}
   size_t MinHeapSize                              = 8388608                                   {product} {ergonomic}
    uintx NonNMethodCodeHeapSize                   = 5839372                                {pd product} {ergonomic}
    uintx NonProfiledCodeHeapSize                  = 122909434                              {pd product} {ergonomic}
    uintx ProfiledCodeHeapSize                     = 122909434                              {pd product} {ergonomic}
    uintx ReservedCodeCacheSize                    = 251658240                              {pd product} {ergonomic}
     bool SegmentedCodeCache                       = true                                      {product} {ergonomic}
   size_t SoftMaxHeapSize                          = 2147483648                             {manageable} {ergonomic}
     bool UseCompressedClassPointers               = true                           {product lp64_product} {ergonomic}
     bool UseCompressedOops                        = true                           {product lp64_product} {ergonomic}
     bool UseG1GC                                  = true                                      {product} {ergonomic}
     bool UseLargePagesIndividualAllocation        = false                                  {pd product} {ergonomic}

Logging:
Log output configuration:
 #0: stdout all=warning uptime,level,tags
 #1: stderr all=off uptime,level,tags

Environment Variables:
JAVA_HOME=C:\Program Files\Eclipse Adoptium\jdk-17.0.14.7-hotspot\
PATH=C:\Program Files\Python310\Scripts\;C:\Program Files\Python310\;C:\Program Files\Eclipse Adoptium\jdk-17.0.14.7-hotspot\bin;C:\Program Files\Common Files\Oracle\Java\javapath;C:\Program Files (x86)\Common Files\Oracle\Java\java8path;C:\Program Files (x86)\Common Files\Oracle\Java\javapath;C:\Python313\Scripts\;C:\Python313\;C:\Program Files\Microsoft\jdk-11.0.16.101-hotspot\bin;C:\WINDOWS\system32;C:\WINDOWS;C:\WINDOWS\System32\Wbem;C:\WINDOWS\System32\WindowsPowerShell\v1.0\;C:\WINDOWS\System32\OpenSSH\;C:\Program Files\dotnet\;C:\PROGRA~2\PICC;C:\Program Files\Git\cmd;C:\ProgramData\chocolatey\bin;C:\Program Files\nodejs\;C:\Program Files (x86)\Gpg4win\..\GnuPG\bin;C:\Users\ceiv0\AppData\Local\Microsoft\WindowsApps;C:\Users\ceiv0\AppData\Local\Muse Hub\lib;C:\Users\ceiv0\AppData\Local\Programs\Microsoft VS Code\bin;C:\Users\ceiv0\AppData\Local\GitHubDesktop\bin;C:\Users\ceiv0\AppData\Roaming\npm
USERNAME=ceiv0
OS=Windows_NT
PROCESSOR_IDENTIFIER=AMD64 Family 23 Model 104 Stepping 1, AuthenticAMD
TMP=C:\Users\ceiv0\AppData\Local\Temp
TEMP=C:\Users\ceiv0\AppData\Local\Temp



Periodic native trim disabled


---------------  S Y S T E M  ---------------

OS:
 Windows 11 , 64 bit Build 22621 (10.0.22621.5124)
OS uptime: 1 days 4:35 hours
Hyper-V role detected

CPU: total 8 (initial active 8) (8 cores per cpu, 2 threads per core) family 23 model 104 stepping 1 microcode 0x0, cx8, cmov, fxsr, ht, mmx, 3dnowpref, sse, sse2, sse3, ssse3, sse4a, sse4.1, sse4.2, popcnt, lzcnt, tsc, tscinvbit, avx, avx2, aes, clmul, bmi1, bmi2, adx, sha, fma, vzeroupper, clflush, clflushopt, hv
Processor Information for processor 0
  Max Mhz: 2600, Current Mhz: 1896, Mhz Limit: 2600
Processor Information for processor 1
  Max Mhz: 2600, Current Mhz: 1789, Mhz Limit: 2600
Processor Information for processor 2
  Max Mhz: 2600, Current Mhz: 1896, Mhz Limit: 2600
Processor Information for processor 3
  Max Mhz: 2600, Current Mhz: 1789, Mhz Limit: 2600
Processor Information for processor 4
  Max Mhz: 2600, Current Mhz: 1896, Mhz Limit: 2600
Processor Information for processor 5
  Max Mhz: 2600, Current Mhz: 1789, Mhz Limit: 2600
Processor Information for processor 6
  Max Mhz: 2600, Current Mhz: 1896, Mhz Limit: 2600
Processor Information for processor 7
  Max Mhz: 2600, Current Mhz: 1896, Mhz Limit: 2600

Memory: 4k page, system-wide physical 6005M (274M free)
TotalPageFile size 24437M (AvailPageFile size 154M)
current process WorkingSet (physical memory assigned to process): 424M, peak: 562M
current process commit charge ("private bytes"): 665M, peak: 1000M

vm_info: OpenJDK 64-Bit Server VM (17.0.14+7) for windows-amd64 JRE (17.0.14+7), built on Jan 21 2025 23:40:15 by "admin" with MS VC++ 17.7 (VS2022)

END.
