#
# There is insufficient memory for the Java Runtime Environment to continue.
# Native memory allocation (mmap) failed to map 137363456 bytes. Error detail: G1 virtual space
# Possible reasons:
#   The system is out of physical RAM or swap space
#   This process is running with CompressedOops enabled, and the Java Heap may be blocking the growth of the native heap
# Possible solutions:
#   Reduce memory load on the system
#   Increase physical memory or swap space
#   Check if swap backing store is full
#   Decrease Java heap size (-Xmx/-Xms)
#   Decrease number of Java threads
#   Decrease Java thread stack sizes (-Xss)
#   Set larger code cache with -XX:ReservedCodeCacheSize=
#   JVM is running with Unscaled Compressed Oops mode in which the Java heap is
#     placed in the first 4GB address space. The Java Heap base address is the
#     maximum limit for the native heap growth. Please use -XX:HeapBaseMinAddress
#     to set the Java Heap base and to place the Java Heap above 4GB virtual address.
# This output file may be truncated or incomplete.
#
#  Out of Memory Error (os_windows.cpp:3618), pid=20468, tid=9948
#
# JRE version: OpenJDK Runtime Environment Temurin-17.0.14+7 (17.0.14+7) (build 17.0.14+7)
# Java VM: OpenJDK 64-Bit Server VM Temurin-17.0.14+7 (17.0.14+7, mixed mode, sharing, tiered, compressed oops, compressed class ptrs, g1 gc, windows-amd64)
# No core dump will be written. Minidumps are not enabled by default on client versions of Windows
#

---------------  S U M M A R Y ------------

Command Line: --add-opens=java.base/java.lang=ALL-UNNAMED --add-opens=java.base/java.lang.invoke=ALL-UNNAMED --add-opens=java.base/java.util=ALL-UNNAMED --add-opens=java.prefs/java.util.prefs=ALL-UNNAMED --add-exports=jdk.compiler/com.sun.tools.javac.api=ALL-UNNAMED --add-exports=jdk.compiler/com.sun.tools.javac.util=ALL-UNNAMED --add-opens=java.base/java.util=ALL-UNNAMED --add-opens=java.prefs/java.util.prefs=ALL-UNNAMED --add-opens=java.base/java.nio.charset=ALL-UNNAMED --add-opens=java.base/java.net=ALL-UNNAMED --add-opens=java.base/java.util.concurrent.atomic=ALL-UNNAMED --add-opens=java.xml/javax.xml.namespace=ALL-UNNAMED -Xmx2048m -Dfile.encoding=UTF-8 -Duser.country=MX -Duser.language=es -Duser.variant -javaagent:C:\Users\ceiv0\.gradle\wrapper\dists\gradle-8.11.1-bin\bpt9gzteqjrbo1mjrsomdt32c\gradle-8.11.1\lib\agents\gradle-instrumentation-agent-8.11.1.jar org.gradle.launcher.daemon.bootstrap.GradleDaemon 8.11.1

Host: AMD Ryzen 3 5300U with Radeon Graphics         , 8 cores, 5G,  Windows 11 , 64 bit Build 22621 (10.0.22621.5262)
Time: Fri May 23 13:28:01 2025 Hora estándar central (México) elapsed time: 25.765848 seconds (0d 0h 0m 25s)

---------------  T H R E A D  ---------------

Current thread (0x000001d5321f9bd0):  VMThread "VM Thread" [stack: 0x00000078ed600000,0x00000078ed700000] [id=9948]

Stack: [0x00000078ed600000,0x00000078ed700000]
Native frames: (J=compiled Java code, j=interpreted, Vv=VM code, C=native code)
V  [jvm.dll+0x682eb9]
V  [jvm.dll+0x8399c8]
V  [jvm.dll+0x83b473]
V  [jvm.dll+0x83bae3]
V  [jvm.dll+0x24715f]
V  [jvm.dll+0x67fc99]
V  [jvm.dll+0x674b8a]
V  [jvm.dll+0x304c06]
V  [jvm.dll+0x30c0c6]
V  [jvm.dll+0x35dc3e]
V  [jvm.dll+0x35de7d]
V  [jvm.dll+0x2dbfcc]
V  [jvm.dll+0x2da36f]
V  [jvm.dll+0x2d9adc]
V  [jvm.dll+0x31d2bb]
V  [jvm.dll+0x84031d]
V  [jvm.dll+0x841053]
V  [jvm.dll+0x84157f]
V  [jvm.dll+0x841964]
V  [jvm.dll+0x841a2e]
V  [jvm.dll+0x7e948c]
V  [jvm.dll+0x681d97]
C  [ucrtbase.dll+0x29333]
C  [KERNEL32.DLL+0x1259d]
C  [ntdll.dll+0x5af58]

VM_Operation (0x00000078f2bfcd00): G1CollectForAllocation, mode: safepoint, requested by thread 0x000001d57a767e20


---------------  P R O C E S S  ---------------

Threads class SMR info:
_java_thread_list=0x000001d579bfeb70, length=80, elements={
0x000001d513da24d0, 0x000001d5321fce10, 0x000001d5321fdc90, 0x000001d532210cc0,
0x000001d532212890, 0x000001d532215360, 0x000001d532215d20, 0x000001d53221ead0,
0x000001d532220590, 0x000001d53222ca30, 0x000001d5321e8010, 0x000001d532511980,
0x000001d579249e30, 0x000001d578de5780, 0x000001d5789f9700, 0x000001d532864d60,
0x000001d532865240, 0x000001d578021050, 0x000001d578021560, 0x000001d578020630,
0x000001d5780233c0, 0x000001d5780238d0, 0x000001d578021f80, 0x000001d578020120,
0x000001d578021a70, 0x000001d578022490, 0x000001d5780229a0, 0x000001d578022eb0,
0x000001d57981f040, 0x000001d57981a960, 0x000001d57981eb30, 0x000001d57981ae70,
0x000001d5798185f0, 0x000001d57981a450, 0x000001d57981ccd0, 0x000001d57981e110,
0x000001d57981b890, 0x000001d57981bda0, 0x000001d57981c2b0, 0x000001d57981c7c0,
0x000001d57981d6f0, 0x000001d57981dc00, 0x000001d57981e620, 0x000001d57981fa60,
0x000001d579b1e360, 0x000001d579b1f290, 0x000001d579b20be0, 0x000001d579b252c0,
0x000001d579b1f7a0, 0x000001d579b1fcb0, 0x000001d579b201c0, 0x000001d579b206d0,
0x000001d579b1ed80, 0x000001d579b210f0, 0x000001d579b21600, 0x000001d579b24390,
0x000001d579b25ce0, 0x000001d579b248a0, 0x000001d579b257d0, 0x000001d579819f40,
0x000001d57a76e870, 0x000001d57a76de50, 0x000001d57a76d940, 0x000001d57a76bae0,
0x000001d57a76bff0, 0x000001d57a767910, 0x000001d57a768330, 0x000001d57a76e360,
0x000001d57a76c500, 0x000001d57a767400, 0x000001d57a768840, 0x000001d57a76a190,
0x000001d57a76ed80, 0x000001d57a76a6a0, 0x000001d57a76abb0, 0x000001d57a767e20,
0x000001d57a76ca10, 0x000001d57a76d430, 0x000001d57a768d50, 0x000001d57a769770
}

Java Threads: ( => current thread )
  0x000001d513da24d0 JavaThread "main" [_thread_blocked, id=20032, stack(0x00000078ed000000,0x00000078ed100000)]
  0x000001d5321fce10 JavaThread "Reference Handler" daemon [_thread_blocked, id=9876, stack(0x00000078ed700000,0x00000078ed800000)]
  0x000001d5321fdc90 JavaThread "Finalizer" daemon [_thread_blocked, id=19616, stack(0x00000078ed800000,0x00000078ed900000)]
  0x000001d532210cc0 JavaThread "Signal Dispatcher" daemon [_thread_blocked, id=8460, stack(0x00000078ed900000,0x00000078eda00000)]
  0x000001d532212890 JavaThread "Attach Listener" daemon [_thread_blocked, id=584, stack(0x00000078eda00000,0x00000078edb00000)]
  0x000001d532215360 JavaThread "Service Thread" daemon [_thread_blocked, id=372, stack(0x00000078edb00000,0x00000078edc00000)]
  0x000001d532215d20 JavaThread "Monitor Deflation Thread" daemon [_thread_blocked, id=16896, stack(0x00000078edc00000,0x00000078edd00000)]
  0x000001d53221ead0 JavaThread "C2 CompilerThread0" daemon [_thread_blocked, id=21136, stack(0x00000078edd00000,0x00000078ede00000)]
  0x000001d532220590 JavaThread "C1 CompilerThread0" daemon [_thread_blocked, id=20356, stack(0x00000078ede00000,0x00000078edf00000)]
  0x000001d53222ca30 JavaThread "Sweeper thread" daemon [_thread_blocked, id=3936, stack(0x00000078edf00000,0x00000078ee000000)]
  0x000001d5321e8010 JavaThread "Common-Cleaner" daemon [_thread_blocked, id=14272, stack(0x00000078ee000000,0x00000078ee100000)]
  0x000001d532511980 JavaThread "Notification Thread" daemon [_thread_blocked, id=10788, stack(0x00000078ee100000,0x00000078ee200000)]
  0x000001d579249e30 JavaThread "Daemon health stats" [_thread_blocked, id=16556, stack(0x00000078ee300000,0x00000078ee400000)]
  0x000001d578de5780 JavaThread "Incoming local TCP Connector on port 54547" [_thread_in_native, id=12892, stack(0x00000078ee800000,0x00000078ee900000)]
  0x000001d5789f9700 JavaThread "Daemon periodic checks" [_thread_blocked, id=7676, stack(0x00000078ee900000,0x00000078eea00000)]
  0x000001d532864d60 JavaThread "Daemon" [_thread_blocked, id=4148, stack(0x00000078eea00000,0x00000078eeb00000)]
  0x000001d532865240 JavaThread "Handler for socket connection from /127.0.0.1:54547 to /127.0.0.1:54548" [_thread_in_native, id=14424, stack(0x00000078eeb00000,0x00000078eec00000)]
  0x000001d578021050 JavaThread "Cancel handler" [_thread_blocked, id=6372, stack(0x00000078eec00000,0x00000078eed00000)]
  0x000001d578021560 JavaThread "Daemon worker" [_thread_blocked, id=16240, stack(0x00000078eed00000,0x00000078eee00000)]
  0x000001d578020630 JavaThread "Asynchronous log dispatcher for DefaultDaemonConnection: socket connection from /127.0.0.1:54547 to /127.0.0.1:54548" [_thread_blocked, id=18576, stack(0x00000078eee00000,0x00000078eef00000)]
  0x000001d5780233c0 JavaThread "Stdin handler" [_thread_blocked, id=8932, stack(0x00000078eef00000,0x00000078ef000000)]
  0x000001d5780238d0 JavaThread "Daemon client event forwarder" [_thread_blocked, id=20500, stack(0x00000078ef000000,0x00000078ef100000)]
  0x000001d578021f80 JavaThread "Cache worker for journal cache (C:\Users\ceiv0\.gradle\caches\journal-1)" [_thread_blocked, id=16468, stack(0x00000078ef400000,0x00000078ef500000)]
  0x000001d578020120 JavaThread "File lock request listener" [_thread_in_native, id=16296, stack(0x00000078ef500000,0x00000078ef600000)]
  0x000001d578021a70 JavaThread "Cache worker for file hash cache (C:\Users\ceiv0\.gradle\caches\8.11.1\fileHashes)" [_thread_blocked, id=10192, stack(0x00000078ef600000,0x00000078ef700000)]
  0x000001d578022490 JavaThread "Cache worker for file content cache (C:\Users\ceiv0\.gradle\caches\8.11.1\fileContent)" [_thread_blocked, id=1444, stack(0x00000078ef700000,0x00000078ef800000)]
  0x000001d5780229a0 JavaThread "Cache worker for file hash cache (C:\Users\ceiv0\OneDrive\Documentos\GitHub\SkulfulHarmony\.gradle\8.11.1\fileHashes)" [_thread_blocked, id=1480, stack(0x00000078ef800000,0x00000078ef900000)]
  0x000001d578022eb0 JavaThread "Cache worker for Build Output Cleanup Cache (C:\Users\ceiv0\OneDrive\Documentos\GitHub\SkulfulHarmony\.gradle\buildOutputCleanup)" [_thread_blocked, id=8532, stack(0x00000078ef900000,0x00000078efa00000)]
  0x000001d57981f040 JavaThread "File watcher server" daemon [_thread_blocked, id=7664, stack(0x00000078efb00000,0x00000078efc00000)]
  0x000001d57981a960 JavaThread "File watcher consumer" daemon [_thread_blocked, id=3892, stack(0x00000078efc00000,0x00000078efd00000)]
  0x000001d57981eb30 JavaThread "Cache worker for checksums cache (C:\Users\ceiv0\OneDrive\Documentos\GitHub\SkulfulHarmony\.gradle\8.11.1\checksums)" [_thread_blocked, id=11292, stack(0x00000078efd00000,0x00000078efe00000)]
  0x000001d57981ae70 JavaThread "Cache worker for cache directory md-rule (C:\Users\ceiv0\.gradle\caches\8.11.1\md-rule)" [_thread_blocked, id=20152, stack(0x00000078efe00000,0x00000078eff00000)]
  0x000001d5798185f0 JavaThread "Cache worker for cache directory md-supplier (C:\Users\ceiv0\.gradle\caches\8.11.1\md-supplier)" [_thread_blocked, id=19528, stack(0x00000078eff00000,0x00000078f0000000)]
  0x000001d57981a450 JavaThread "Unconstrained build operations" [_thread_blocked, id=17664, stack(0x00000078f0100000,0x00000078f0200000)]
  0x000001d57981ccd0 JavaThread "Unconstrained build operations Thread 2" [_thread_blocked, id=13864, stack(0x00000078f0200000,0x00000078f0300000)]
  0x000001d57981e110 JavaThread "Unconstrained build operations Thread 3" [_thread_blocked, id=3944, stack(0x00000078f0300000,0x00000078f0400000)]
  0x000001d57981b890 JavaThread "Unconstrained build operations Thread 4" [_thread_blocked, id=10692, stack(0x00000078f0400000,0x00000078f0500000)]
  0x000001d57981bda0 JavaThread "Unconstrained build operations Thread 5" [_thread_blocked, id=19224, stack(0x00000078f0500000,0x00000078f0600000)]
  0x000001d57981c2b0 JavaThread "Unconstrained build operations Thread 6" [_thread_blocked, id=10300, stack(0x00000078f0600000,0x00000078f0700000)]
  0x000001d57981c7c0 JavaThread "Unconstrained build operations Thread 7" [_thread_blocked, id=5716, stack(0x00000078f0700000,0x00000078f0800000)]
  0x000001d57981d6f0 JavaThread "Unconstrained build operations Thread 8" [_thread_blocked, id=11544, stack(0x00000078f0800000,0x00000078f0900000)]
  0x000001d57981dc00 JavaThread "Unconstrained build operations Thread 9" [_thread_blocked, id=13872, stack(0x00000078f0900000,0x00000078f0a00000)]
  0x000001d57981e620 JavaThread "Unconstrained build operations Thread 10" [_thread_blocked, id=2724, stack(0x00000078f0a00000,0x00000078f0b00000)]
  0x000001d57981fa60 JavaThread "Unconstrained build operations Thread 11" [_thread_blocked, id=15696, stack(0x00000078f0b00000,0x00000078f0c00000)]
  0x000001d579b1e360 JavaThread "Unconstrained build operations Thread 12" [_thread_blocked, id=10904, stack(0x00000078f0c00000,0x00000078f0d00000)]
  0x000001d579b1f290 JavaThread "Unconstrained build operations Thread 13" [_thread_blocked, id=2244, stack(0x00000078f0d00000,0x00000078f0e00000)]
  0x000001d579b20be0 JavaThread "Unconstrained build operations Thread 14" [_thread_blocked, id=14560, stack(0x00000078f0e00000,0x00000078f0f00000)]
  0x000001d579b252c0 JavaThread "Unconstrained build operations Thread 15" [_thread_blocked, id=7332, stack(0x00000078f0f00000,0x00000078f1000000)]
  0x000001d579b1f7a0 JavaThread "Unconstrained build operations Thread 16" [_thread_blocked, id=20448, stack(0x00000078f1000000,0x00000078f1100000)]
  0x000001d579b1fcb0 JavaThread "Unconstrained build operations Thread 17" [_thread_blocked, id=9952, stack(0x00000078f1100000,0x00000078f1200000)]
  0x000001d579b201c0 JavaThread "Unconstrained build operations Thread 18" [_thread_blocked, id=21468, stack(0x00000078f1200000,0x00000078f1300000)]
  0x000001d579b206d0 JavaThread "Unconstrained build operations Thread 19" [_thread_blocked, id=4388, stack(0x00000078f1300000,0x00000078f1400000)]
  0x000001d579b1ed80 JavaThread "Unconstrained build operations Thread 20" [_thread_blocked, id=21340, stack(0x00000078f1400000,0x00000078f1500000)]
  0x000001d579b210f0 JavaThread "Unconstrained build operations Thread 21" [_thread_blocked, id=4544, stack(0x00000078f1500000,0x00000078f1600000)]
  0x000001d579b21600 JavaThread "Memory manager" [_thread_blocked, id=14676, stack(0x00000078f1600000,0x00000078f1700000)]
  0x000001d579b24390 JavaThread "included builds" [_thread_blocked, id=8452, stack(0x00000078f1700000,0x00000078f1800000)]
  0x000001d579b25ce0 JavaThread "Execution worker" [_thread_blocked, id=1728, stack(0x00000078f1800000,0x00000078f1900000)]
  0x000001d579b248a0 JavaThread "Execution worker Thread 2" [_thread_blocked, id=8900, stack(0x00000078f1900000,0x00000078f1a00000)]
  0x000001d579b257d0 JavaThread "Execution worker Thread 3" [_thread_blocked, id=9624, stack(0x00000078f1a00000,0x00000078f1b00000)]
  0x000001d579819f40 JavaThread "Execution worker Thread 4" [_thread_blocked, id=6100, stack(0x00000078f1b00000,0x00000078f1c00000)]
  0x000001d57a76e870 JavaThread "Execution worker Thread 5" [_thread_blocked, id=11304, stack(0x00000078f1c00000,0x00000078f1d00000)]
  0x000001d57a76de50 JavaThread "Execution worker Thread 6" [_thread_blocked, id=3124, stack(0x00000078f1d00000,0x00000078f1e00000)]
  0x000001d57a76d940 JavaThread "Execution worker Thread 7" [_thread_blocked, id=17796, stack(0x00000078f1e00000,0x00000078f1f00000)]
  0x000001d57a76bae0 JavaThread "Cache worker for execution history cache (C:\Users\ceiv0\OneDrive\Documentos\GitHub\SkulfulHarmony\.gradle\8.11.1\executionHistory)" [_thread_blocked, id=7988, stack(0x00000078f1f00000,0x00000078f2000000)]
  0x000001d57a76bff0 JavaThread "Unconstrained build operations Thread 22" [_thread_blocked, id=13760, stack(0x00000078f2000000,0x00000078f2100000)]
  0x000001d57a767910 JavaThread "Unconstrained build operations Thread 23" [_thread_blocked, id=19372, stack(0x00000078f2100000,0x00000078f2200000)]
  0x000001d57a768330 JavaThread "Unconstrained build operations Thread 24" [_thread_blocked, id=13252, stack(0x00000078f2200000,0x00000078f2300000)]
  0x000001d57a76e360 JavaThread "Unconstrained build operations Thread 25" [_thread_blocked, id=19236, stack(0x00000078f2300000,0x00000078f2400000)]
  0x000001d57a76c500 JavaThread "Unconstrained build operations Thread 26" [_thread_blocked, id=10172, stack(0x00000078f2400000,0x00000078f2500000)]
  0x000001d57a767400 JavaThread "Unconstrained build operations Thread 27" [_thread_blocked, id=19212, stack(0x00000078f2500000,0x00000078f2600000)]
  0x000001d57a768840 JavaThread "Unconstrained build operations Thread 28" [_thread_blocked, id=16572, stack(0x00000078f2600000,0x00000078f2700000)]
  0x000001d57a76a190 JavaThread "Unconstrained build operations Thread 29" [_thread_blocked, id=14172, stack(0x00000078f2700000,0x00000078f2800000)]
  0x000001d57a76ed80 JavaThread "Unconstrained build operations Thread 30" [_thread_blocked, id=19928, stack(0x00000078f2800000,0x00000078f2900000)]
  0x000001d57a76a6a0 JavaThread "Unconstrained build operations Thread 31" [_thread_blocked, id=12020, stack(0x00000078f2900000,0x00000078f2a00000)]
  0x000001d57a76abb0 JavaThread "Unconstrained build operations Thread 32" [_thread_blocked, id=16396, stack(0x00000078f2a00000,0x00000078f2b00000)]
  0x000001d57a767e20 JavaThread "Unconstrained build operations Thread 33" [_thread_blocked, id=8440, stack(0x00000078f2b00000,0x00000078f2c00000)]
  0x000001d57a76ca10 JavaThread "Unconstrained build operations Thread 34" [_thread_blocked, id=12156, stack(0x00000078f2c00000,0x00000078f2d00000)]
  0x000001d57a76d430 JavaThread "Unconstrained build operations Thread 35" [_thread_blocked, id=2900, stack(0x00000078f2d00000,0x00000078f2e00000)]
  0x000001d57a768d50 JavaThread "Unconstrained build operations Thread 36" [_thread_blocked, id=6328, stack(0x00000078f2e00000,0x00000078f2f00000)]
  0x000001d57a769770 JavaThread "Unconstrained build operations Thread 37" [_thread_blocked, id=15820, stack(0x00000078f2f00000,0x00000078f3000000)]

Other Threads:
=>0x000001d5321f9bd0 VMThread "VM Thread" [stack: 0x00000078ed600000,0x00000078ed700000] [id=9948]
  0x000001d513da3000 WatcherThread [stack: 0x00000078ee200000,0x00000078ee300000] [id=19704]
  0x000001d513dfb7d0 GCTaskThread "GC Thread#0" [stack: 0x00000078ed100000,0x00000078ed200000] [id=9288]
  0x000001d532b9b5f0 GCTaskThread "GC Thread#1" [stack: 0x00000078ee400000,0x00000078ee500000] [id=15764]
  0x000001d532b33d20 GCTaskThread "GC Thread#2" [stack: 0x00000078ee500000,0x00000078ee600000] [id=16624]
  0x000001d5781d45b0 GCTaskThread "GC Thread#3" [stack: 0x00000078ee600000,0x00000078ee700000] [id=9760]
  0x000001d5781d4870 GCTaskThread "GC Thread#4" [stack: 0x00000078ee700000,0x00000078ee800000] [id=16732]
  0x000001d5786c1ab0 GCTaskThread "GC Thread#5" [stack: 0x00000078ef100000,0x00000078ef200000] [id=7340]
  0x000001d57926dd10 GCTaskThread "GC Thread#6" [stack: 0x00000078ef200000,0x00000078ef300000] [id=16916]
  0x000001d532c99c80 GCTaskThread "GC Thread#7" [stack: 0x00000078ef300000,0x00000078ef400000] [id=19816]
  0x000001d513e0c050 ConcurrentGCThread "G1 Main Marker" [stack: 0x00000078ed200000,0x00000078ed300000] [id=20016]
  0x000001d513e0ca70 ConcurrentGCThread "G1 Conc#0" [stack: 0x00000078ed300000,0x00000078ed400000] [id=14332]
  0x000001d579572a80 ConcurrentGCThread "G1 Conc#1" [stack: 0x00000078efa00000,0x00000078efb00000] [id=8712]
  0x000001d513e4dc60 ConcurrentGCThread "G1 Refine#0" [stack: 0x00000078ed400000,0x00000078ed500000] [id=13076]
  0x000001d579907cd0 ConcurrentGCThread "G1 Refine#1" [stack: 0x00000078f0000000,0x00000078f0100000] [id=13576]
  0x000001d513e4e690 ConcurrentGCThread "G1 Service" [stack: 0x00000078ed500000,0x00000078ed600000] [id=17128]

Threads with active compile tasks:
C2 CompilerThread0    25803 12001   !   4       java.util.concurrent.ConcurrentHashMap::computeIfAbsent (576 bytes)

VM state: at safepoint (normal execution)

VM Mutex/Monitor currently owned by a thread:  ([mutex/lock_event])
[0x000001d513d9d2f0] Threads_lock - owner thread: 0x000001d5321f9bd0
[0x000001d513d9e070] Heap_lock - owner thread: 0x000001d57a767e20

Heap address: 0x0000000080000000, size: 2048 MB, Compressed Oops mode: 32-bit

CDS archive(s) mapped at: [0x000001d533000000-0x000001d533bb0000-0x000001d533bb0000), size 12255232, SharedBaseAddress: 0x000001d533000000, ArchiveRelocationMode: 1.
Compressed class space mapped at: 0x000001d534000000-0x000001d574000000, reserved size: 1073741824
Narrow klass base: 0x000001d533000000, Narrow klass shift: 0, Narrow klass range: 0x100000000

GC Precious Log:
 CPUs: 8 total, 8 available
 Memory: 6005M
 Large Page Support: Disabled
 NUMA Support: Disabled
 Compressed Oops: Enabled (32-bit)
 Heap Region Size: 1M
 Heap Min Capacity: 8M
 Heap Initial Capacity: 94M
 Heap Max Capacity: 2G
 Pre-touch: Disabled
 Parallel Workers: 8
 Concurrent Workers: 2
 Concurrent Refinement Workers: 8
 Periodic GC: Disabled

Heap:
 garbage-first heap   total 152576K, used 91267K [0x0000000080000000, 0x0000000100000000)
  region size 1024K, 5 young (5120K), 5 survivors (5120K)
 Metaspace       used 88077K, committed 88896K, reserved 1179648K
  class space    used 12401K, committed 12800K, reserved 1048576K

Heap Regions: E=young(eden), S=young(survivor), O=old, HS=humongous(starts), HC=humongous(continues), CS=collection set, F=free, OA=open archive, CA=closed archive, TAMS=top-at-mark-start (previous, next)
|   0|0x0000000080000000, 0x0000000080100000, 0x0000000080100000|100%| O|  |TAMS 0x0000000080100000, 0x0000000080000000| Untracked 
|   1|0x0000000080100000, 0x0000000080200000, 0x0000000080200000|100%|HS|  |TAMS 0x0000000080200000, 0x0000000080100000| Complete 
|   2|0x0000000080200000, 0x0000000080300000, 0x0000000080300000|100%|HC|  |TAMS 0x0000000080300000, 0x0000000080200000| Complete 
|   3|0x0000000080300000, 0x0000000080400000, 0x0000000080400000|100%|HC|  |TAMS 0x0000000080400000, 0x0000000080300000| Complete 
|   4|0x0000000080400000, 0x0000000080500000, 0x0000000080500000|100%| O|  |TAMS 0x0000000080500000, 0x0000000080400000| Untracked 
|   5|0x0000000080500000, 0x0000000080600000, 0x0000000080600000|100%| O|  |TAMS 0x0000000080600000, 0x0000000080500000| Untracked 
|   6|0x0000000080600000, 0x0000000080700000, 0x0000000080700000|100%| O|  |TAMS 0x0000000080700000, 0x0000000080600000| Untracked 
|   7|0x0000000080700000, 0x0000000080800000, 0x0000000080800000|100%|HS|  |TAMS 0x0000000080800000, 0x0000000080700000| Complete 
|   8|0x0000000080800000, 0x0000000080900000, 0x0000000080900000|100%| O|  |TAMS 0x0000000080900000, 0x0000000080800000| Untracked 
|   9|0x0000000080900000, 0x0000000080a00000, 0x0000000080a00000|100%| O|  |TAMS 0x0000000080a00000, 0x0000000080900000| Untracked 
|  10|0x0000000080a00000, 0x0000000080b00000, 0x0000000080b00000|100%| O|  |TAMS 0x0000000080b00000, 0x0000000080a00000| Untracked 
|  11|0x0000000080b00000, 0x0000000080c00000, 0x0000000080c00000|100%| O|  |TAMS 0x0000000080c00000, 0x0000000080b00000| Untracked 
|  12|0x0000000080c00000, 0x0000000080d00000, 0x0000000080d00000|100%| O|  |TAMS 0x0000000080d00000, 0x0000000080c00000| Untracked 
|  13|0x0000000080d00000, 0x0000000080e00000, 0x0000000080e00000|100%| O|  |TAMS 0x0000000080e00000, 0x0000000080d00000| Untracked 
|  14|0x0000000080e00000, 0x0000000080f00000, 0x0000000080f00000|100%| O|  |TAMS 0x0000000080f00000, 0x0000000080e00000| Untracked 
|  15|0x0000000080f00000, 0x0000000081000000, 0x0000000081000000|100%| O|  |TAMS 0x0000000081000000, 0x0000000080f00000| Untracked 
|  16|0x0000000081000000, 0x0000000081100000, 0x0000000081100000|100%| O|  |TAMS 0x0000000081100000, 0x0000000081000000| Untracked 
|  17|0x0000000081100000, 0x0000000081200000, 0x0000000081200000|100%| O|  |TAMS 0x0000000081200000, 0x0000000081100000| Untracked 
|  18|0x0000000081200000, 0x0000000081300000, 0x0000000081300000|100%| O|  |TAMS 0x0000000081300000, 0x0000000081200000| Untracked 
|  19|0x0000000081300000, 0x00000000813c8000, 0x0000000081400000| 78%| O|  |TAMS 0x00000000813c8000, 0x0000000081300000| Untracked 
|  20|0x0000000081400000, 0x0000000081500000, 0x0000000081500000|100%| O|  |TAMS 0x0000000081500000, 0x0000000081400000| Untracked 
|  21|0x0000000081500000, 0x0000000081600000, 0x0000000081600000|100%| O|  |TAMS 0x0000000081600000, 0x0000000081500000| Untracked 
|  22|0x0000000081600000, 0x0000000081700000, 0x0000000081700000|100%| O|  |TAMS 0x0000000081600000, 0x0000000081600000| Untracked 
|  23|0x0000000081700000, 0x0000000081800000, 0x0000000081800000|100%| O|  |TAMS 0x0000000081800000, 0x0000000081700000| Untracked 
|  24|0x0000000081800000, 0x0000000081900000, 0x0000000081900000|100%| O|  |TAMS 0x0000000081900000, 0x0000000081800000| Untracked 
|  25|0x0000000081900000, 0x0000000081a00000, 0x0000000081a00000|100%| O|  |TAMS 0x0000000081a00000, 0x0000000081900000| Untracked 
|  26|0x0000000081a00000, 0x0000000081b00000, 0x0000000081b00000|100%| O|  |TAMS 0x0000000081b00000, 0x0000000081a00000| Untracked 
|  27|0x0000000081b00000, 0x0000000081c00000, 0x0000000081c00000|100%| O|  |TAMS 0x0000000081c00000, 0x0000000081b00000| Untracked 
|  28|0x0000000081c00000, 0x0000000081d00000, 0x0000000081d00000|100%| O|  |TAMS 0x0000000081d00000, 0x0000000081c00000| Untracked 
|  29|0x0000000081d00000, 0x0000000081e00000, 0x0000000081e00000|100%| O|  |TAMS 0x0000000081e00000, 0x0000000081d00000| Untracked 
|  30|0x0000000081e00000, 0x0000000081f00000, 0x0000000081f00000|100%| O|  |TAMS 0x0000000081f00000, 0x0000000081e00000| Untracked 
|  31|0x0000000081f00000, 0x0000000082000000, 0x0000000082000000|100%| O|  |TAMS 0x0000000082000000, 0x0000000081f00000| Untracked 
|  32|0x0000000082000000, 0x0000000082100000, 0x0000000082100000|100%| O|  |TAMS 0x0000000082100000, 0x0000000082000000| Untracked 
|  33|0x0000000082100000, 0x0000000082200000, 0x0000000082200000|100%| O|  |TAMS 0x0000000082200000, 0x0000000082100000| Untracked 
|  34|0x0000000082200000, 0x0000000082300000, 0x0000000082300000|100%| O|  |TAMS 0x0000000082300000, 0x0000000082200000| Untracked 
|  35|0x0000000082300000, 0x0000000082400000, 0x0000000082400000|100%| O|  |TAMS 0x0000000082400000, 0x0000000082300000| Untracked 
|  36|0x0000000082400000, 0x0000000082500000, 0x0000000082500000|100%| O|  |TAMS 0x0000000082500000, 0x0000000082400000| Untracked 
|  37|0x0000000082500000, 0x0000000082600000, 0x0000000082600000|100%| O|  |TAMS 0x0000000082600000, 0x0000000082500000| Untracked 
|  38|0x0000000082600000, 0x0000000082700000, 0x0000000082700000|100%| O|  |TAMS 0x0000000082700000, 0x0000000082600000| Untracked 
|  39|0x0000000082700000, 0x0000000082800000, 0x0000000082800000|100%| O|  |TAMS 0x0000000082800000, 0x0000000082700000| Untracked 
|  40|0x0000000082800000, 0x0000000082900000, 0x0000000082900000|100%|HS|  |TAMS 0x0000000082900000, 0x0000000082800000| Complete 
|  41|0x0000000082900000, 0x0000000082a00000, 0x0000000082a00000|100%|HS|  |TAMS 0x0000000082a00000, 0x0000000082900000| Complete 
|  42|0x0000000082a00000, 0x0000000082b00000, 0x0000000082b00000|100%|HS|  |TAMS 0x0000000082b00000, 0x0000000082a00000| Complete 
|  43|0x0000000082b00000, 0x0000000082c00000, 0x0000000082c00000|100%|HS|  |TAMS 0x0000000082c00000, 0x0000000082b00000| Complete 
|  44|0x0000000082c00000, 0x0000000082d00000, 0x0000000082d00000|100%|HS|  |TAMS 0x0000000082d00000, 0x0000000082c00000| Complete 
|  45|0x0000000082d00000, 0x0000000082e00000, 0x0000000082e00000|100%| O|  |TAMS 0x0000000082e00000, 0x0000000082d00000| Untracked 
|  46|0x0000000082e00000, 0x0000000082f00000, 0x0000000082f00000|100%| O|  |TAMS 0x0000000082f00000, 0x0000000082e00000| Untracked 
|  47|0x0000000082f00000, 0x0000000083000000, 0x0000000083000000|100%| O|  |TAMS 0x0000000083000000, 0x0000000082f00000| Untracked 
|  48|0x0000000083000000, 0x0000000083100000, 0x0000000083100000|100%| O|  |TAMS 0x0000000083100000, 0x0000000083000000| Untracked 
|  49|0x0000000083100000, 0x0000000083200000, 0x0000000083200000|100%| O|  |TAMS 0x0000000083200000, 0x0000000083100000| Untracked 
|  50|0x0000000083200000, 0x0000000083300000, 0x0000000083300000|100%| O|  |TAMS 0x0000000083300000, 0x0000000083200000| Untracked 
|  51|0x0000000083300000, 0x0000000083400000, 0x0000000083400000|100%| O|  |TAMS 0x0000000083400000, 0x0000000083300000| Untracked 
|  52|0x0000000083400000, 0x0000000083500000, 0x0000000083500000|100%| O|  |TAMS 0x0000000083500000, 0x0000000083400000| Untracked 
|  53|0x0000000083500000, 0x0000000083600000, 0x0000000083600000|100%|HS|  |TAMS 0x0000000083600000, 0x0000000083500000| Complete 
|  54|0x0000000083600000, 0x0000000083700000, 0x0000000083700000|100%| O|  |TAMS 0x0000000083700000, 0x0000000083600000| Untracked 
|  55|0x0000000083700000, 0x0000000083800000, 0x0000000083800000|100%| O|  |TAMS 0x0000000083800000, 0x0000000083700000| Untracked 
|  56|0x0000000083800000, 0x0000000083900000, 0x0000000083900000|100%| O|  |TAMS 0x0000000083900000, 0x0000000083800000| Untracked 
|  57|0x0000000083900000, 0x0000000083a00000, 0x0000000083a00000|100%|HS|  |TAMS 0x0000000083a00000, 0x0000000083900000| Complete 
|  58|0x0000000083a00000, 0x0000000083b00000, 0x0000000083b00000|100%| O|  |TAMS 0x0000000083b00000, 0x0000000083a00000| Untracked 
|  59|0x0000000083b00000, 0x0000000083c00000, 0x0000000083c00000|100%| O|  |TAMS 0x0000000083c00000, 0x0000000083b00000| Untracked 
|  60|0x0000000083c00000, 0x0000000083d00000, 0x0000000083d00000|100%| O|  |TAMS 0x0000000083d00000, 0x0000000083c00000| Untracked 
|  61|0x0000000083d00000, 0x0000000083e00000, 0x0000000083e00000|100%| O|  |TAMS 0x0000000083e00000, 0x0000000083d00000| Untracked 
|  62|0x0000000083e00000, 0x0000000083f00000, 0x0000000083f00000|100%| O|  |TAMS 0x0000000083f00000, 0x0000000083e00000| Untracked 
|  63|0x0000000083f00000, 0x0000000084000000, 0x0000000084000000|100%| O|  |TAMS 0x0000000084000000, 0x0000000083f00000| Untracked 
|  64|0x0000000084000000, 0x0000000084100000, 0x0000000084100000|100%| O|  |TAMS 0x0000000084100000, 0x0000000084000000| Untracked 
|  65|0x0000000084100000, 0x0000000084200000, 0x0000000084200000|100%| O|  |TAMS 0x0000000084200000, 0x0000000084100000| Untracked 
|  66|0x0000000084200000, 0x0000000084300000, 0x0000000084300000|100%| O|  |TAMS 0x0000000084300000, 0x0000000084200000| Untracked 
|  67|0x0000000084300000, 0x0000000084400000, 0x0000000084400000|100%| O|  |TAMS 0x0000000084400000, 0x0000000084300000| Untracked 
|  68|0x0000000084400000, 0x0000000084500000, 0x0000000084500000|100%| O|  |TAMS 0x0000000084500000, 0x0000000084400000| Untracked 
|  69|0x0000000084500000, 0x0000000084600000, 0x0000000084600000|100%| O|  |TAMS 0x0000000084600000, 0x0000000084500000| Untracked 
|  70|0x0000000084600000, 0x0000000084700000, 0x0000000084700000|100%| O|  |TAMS 0x0000000084700000, 0x0000000084600000| Untracked 
|  71|0x0000000084700000, 0x0000000084800000, 0x0000000084800000|100%| O|  |TAMS 0x0000000084800000, 0x0000000084700000| Untracked 
|  72|0x0000000084800000, 0x0000000084900000, 0x0000000084900000|100%| O|  |TAMS 0x0000000084900000, 0x0000000084800000| Untracked 
|  73|0x0000000084900000, 0x0000000084a00000, 0x0000000084a00000|100%| O|  |TAMS 0x0000000084a00000, 0x0000000084900000| Untracked 
|  74|0x0000000084a00000, 0x0000000084b00000, 0x0000000084b00000|100%| O|  |TAMS 0x0000000084b00000, 0x0000000084a00000| Untracked 
|  75|0x0000000084b00000, 0x0000000084c00000, 0x0000000084c00000|100%| O|  |TAMS 0x0000000084c00000, 0x0000000084b00000| Untracked 
|  76|0x0000000084c00000, 0x0000000084d00000, 0x0000000084d00000|100%| O|  |TAMS 0x0000000084cb9c00, 0x0000000084c00000| Untracked 
|  77|0x0000000084d00000, 0x0000000084e00000, 0x0000000084e00000|100%| O|  |TAMS 0x0000000084d00000, 0x0000000084d00000| Untracked 
|  78|0x0000000084e00000, 0x0000000084f00000, 0x0000000084f00000|100%| O|  |TAMS 0x0000000084e00000, 0x0000000084e00000| Untracked 
|  79|0x0000000084f00000, 0x0000000085000000, 0x0000000085000000|100%| O|  |TAMS 0x0000000084f00000, 0x0000000084f00000| Untracked 
|  80|0x0000000085000000, 0x0000000085100000, 0x0000000085100000|100%| O|  |TAMS 0x0000000085000000, 0x0000000085000000| Untracked 
|  81|0x0000000085100000, 0x0000000085200000, 0x0000000085200000|100%| O|  |TAMS 0x0000000085100000, 0x0000000085100000| Untracked 
|  82|0x0000000085200000, 0x0000000085300000, 0x0000000085300000|100%| O|  |TAMS 0x0000000085200000, 0x0000000085200000| Untracked 
|  83|0x0000000085300000, 0x0000000085400000, 0x0000000085400000|100%| O|  |TAMS 0x0000000085300000, 0x0000000085300000| Untracked 
|  84|0x0000000085400000, 0x0000000085400000, 0x0000000085500000|  0%| F|  |TAMS 0x0000000085400000, 0x0000000085400000| Untracked 
|  85|0x0000000085500000, 0x000000008556d000, 0x0000000085600000| 42%| O|  |TAMS 0x0000000085500000, 0x0000000085500000| Untracked 
|  86|0x0000000085600000, 0x0000000085600000, 0x0000000085700000|  0%| F|  |TAMS 0x0000000085600000, 0x0000000085600000| Untracked 
|  87|0x0000000085700000, 0x0000000085700000, 0x0000000085800000|  0%| F|  |TAMS 0x0000000085700000, 0x0000000085700000| Untracked 
|  88|0x0000000085800000, 0x0000000085800000, 0x0000000085900000|  0%| F|  |TAMS 0x0000000085800000, 0x0000000085800000| Untracked 
|  89|0x0000000085900000, 0x0000000085900000, 0x0000000085a00000|  0%| F|  |TAMS 0x0000000085900000, 0x0000000085900000| Untracked 
|  90|0x0000000085a00000, 0x0000000085a00000, 0x0000000085b00000|  0%| F|  |TAMS 0x0000000085a00000, 0x0000000085a00000| Untracked 
|  91|0x0000000085b00000, 0x0000000085b00000, 0x0000000085c00000|  0%| F|  |TAMS 0x0000000085b00000, 0x0000000085b00000| Untracked 
|  92|0x0000000085c00000, 0x0000000085c00000, 0x0000000085d00000|  0%| F|  |TAMS 0x0000000085c00000, 0x0000000085c00000| Untracked 
|  93|0x0000000085d00000, 0x0000000085d00000, 0x0000000085e00000|  0%| F|  |TAMS 0x0000000085d00000, 0x0000000085d00000| Untracked 
|  94|0x0000000085e00000, 0x0000000085e00000, 0x0000000085f00000|  0%| F|  |TAMS 0x0000000085e00000, 0x0000000085e00000| Untracked 
|  95|0x0000000085f00000, 0x0000000085f00000, 0x0000000086000000|  0%| F|  |TAMS 0x0000000085f00000, 0x0000000085f00000| Untracked 
|  96|0x0000000086000000, 0x0000000086000000, 0x0000000086100000|  0%| F|  |TAMS 0x0000000086000000, 0x0000000086000000| Untracked 
|  97|0x0000000086100000, 0x0000000086100000, 0x0000000086200000|  0%| F|  |TAMS 0x0000000086100000, 0x0000000086100000| Untracked 
|  98|0x0000000086200000, 0x0000000086200000, 0x0000000086300000|  0%| F|  |TAMS 0x0000000086200000, 0x0000000086200000| Untracked 
|  99|0x0000000086300000, 0x0000000086300000, 0x0000000086400000|  0%| F|  |TAMS 0x0000000086300000, 0x0000000086300000| Untracked 
| 100|0x0000000086400000, 0x0000000086400000, 0x0000000086500000|  0%| F|  |TAMS 0x0000000086400000, 0x0000000086400000| Untracked 
| 101|0x0000000086500000, 0x0000000086500000, 0x0000000086600000|  0%| F|  |TAMS 0x0000000086500000, 0x0000000086500000| Untracked 
| 102|0x0000000086600000, 0x0000000086600000, 0x0000000086700000|  0%| F|  |TAMS 0x0000000086600000, 0x0000000086600000| Untracked 
| 103|0x0000000086700000, 0x0000000086700000, 0x0000000086800000|  0%| F|  |TAMS 0x0000000086700000, 0x0000000086700000| Untracked 
| 104|0x0000000086800000, 0x0000000086800000, 0x0000000086900000|  0%| F|  |TAMS 0x0000000086800000, 0x0000000086800000| Untracked 
| 105|0x0000000086900000, 0x00000000869ebdb0, 0x0000000086a00000| 92%| S|CS|TAMS 0x0000000086900000, 0x0000000086900000| Complete 
| 106|0x0000000086a00000, 0x0000000086b00000, 0x0000000086b00000|100%| S|CS|TAMS 0x0000000086a00000, 0x0000000086a00000| Complete 
| 107|0x0000000086b00000, 0x0000000086c00000, 0x0000000086c00000|100%| S|CS|TAMS 0x0000000086b00000, 0x0000000086b00000| Complete 
| 108|0x0000000086c00000, 0x0000000086d00000, 0x0000000086d00000|100%| S|CS|TAMS 0x0000000086c00000, 0x0000000086c00000| Complete 
| 109|0x0000000086d00000, 0x0000000086d00000, 0x0000000086e00000|  0%| F|  |TAMS 0x0000000086d00000, 0x0000000086d00000| Untracked 
| 110|0x0000000086e00000, 0x0000000086e00000, 0x0000000086f00000|  0%| F|  |TAMS 0x0000000086e00000, 0x0000000086e00000| Untracked 
| 111|0x0000000086f00000, 0x0000000086f00000, 0x0000000087000000|  0%| F|  |TAMS 0x0000000086f00000, 0x0000000086f00000| Untracked 
| 112|0x0000000087000000, 0x0000000087100000, 0x0000000087100000|100%| S|CS|TAMS 0x0000000087000000, 0x0000000087000000| Complete 
| 113|0x0000000087100000, 0x0000000087100000, 0x0000000087200000|  0%| F|  |TAMS 0x0000000087100000, 0x0000000087100000| Untracked 
| 114|0x0000000087200000, 0x0000000087200000, 0x0000000087300000|  0%| F|  |TAMS 0x0000000087200000, 0x0000000087200000| Untracked 
| 115|0x0000000087300000, 0x0000000087300000, 0x0000000087400000|  0%| F|  |TAMS 0x0000000087300000, 0x0000000087300000| Untracked 
| 116|0x0000000087400000, 0x0000000087400000, 0x0000000087500000|  0%| F|  |TAMS 0x0000000087400000, 0x0000000087400000| Untracked 
| 117|0x0000000087500000, 0x0000000087500000, 0x0000000087600000|  0%| F|  |TAMS 0x0000000087500000, 0x0000000087500000| Untracked 
| 118|0x0000000087600000, 0x0000000087600000, 0x0000000087700000|  0%| F|  |TAMS 0x0000000087600000, 0x0000000087600000| Untracked 
| 119|0x0000000087700000, 0x0000000087700000, 0x0000000087800000|  0%| F|  |TAMS 0x0000000087700000, 0x0000000087700000| Untracked 
| 120|0x0000000087800000, 0x0000000087800000, 0x0000000087900000|  0%| F|  |TAMS 0x0000000087800000, 0x0000000087800000| Untracked 
| 121|0x0000000087900000, 0x0000000087900000, 0x0000000087a00000|  0%| F|  |TAMS 0x0000000087900000, 0x0000000087900000| Untracked 
| 122|0x0000000087a00000, 0x0000000087a00000, 0x0000000087b00000|  0%| F|  |TAMS 0x0000000087a00000, 0x0000000087a00000| Untracked 
| 123|0x0000000087b00000, 0x0000000087b00000, 0x0000000087c00000|  0%| F|  |TAMS 0x0000000087b00000, 0x0000000087b00000| Untracked 
| 124|0x0000000087c00000, 0x0000000087c00000, 0x0000000087d00000|  0%| F|  |TAMS 0x0000000087c00000, 0x0000000087c00000| Untracked 
| 125|0x0000000087d00000, 0x0000000087d00000, 0x0000000087e00000|  0%| F|  |TAMS 0x0000000087d00000, 0x0000000087d00000| Untracked 
| 126|0x0000000087e00000, 0x0000000087e00000, 0x0000000087f00000|  0%| F|  |TAMS 0x0000000087e00000, 0x0000000087e00000| Untracked 
| 127|0x0000000087f00000, 0x0000000087f00000, 0x0000000088000000|  0%| F|  |TAMS 0x0000000087f00000, 0x0000000087f00000| Untracked 
| 128|0x0000000088000000, 0x0000000088000000, 0x0000000088100000|  0%| F|  |TAMS 0x0000000088000000, 0x0000000088000000| Untracked 
| 129|0x0000000088100000, 0x0000000088100000, 0x0000000088200000|  0%| F|  |TAMS 0x0000000088100000, 0x0000000088100000| Untracked 
| 130|0x0000000088200000, 0x0000000088200000, 0x0000000088300000|  0%| F|  |TAMS 0x0000000088200000, 0x0000000088200000| Untracked 
| 131|0x0000000088300000, 0x0000000088300000, 0x0000000088400000|  0%| F|  |TAMS 0x0000000088300000, 0x0000000088300000| Untracked 
| 132|0x0000000088400000, 0x0000000088400000, 0x0000000088500000|  0%| F|  |TAMS 0x0000000088400000, 0x0000000088400000| Untracked 
| 133|0x0000000088500000, 0x0000000088500000, 0x0000000088600000|  0%| F|  |TAMS 0x0000000088500000, 0x0000000088500000| Untracked 
| 134|0x0000000088600000, 0x0000000088600000, 0x0000000088700000|  0%| F|  |TAMS 0x0000000088600000, 0x0000000088600000| Untracked 
| 135|0x0000000088700000, 0x0000000088700000, 0x0000000088800000|  0%| F|  |TAMS 0x0000000088700000, 0x0000000088700000| Untracked 
| 136|0x0000000088800000, 0x0000000088800000, 0x0000000088900000|  0%| F|  |TAMS 0x0000000088800000, 0x0000000088800000| Untracked 
| 137|0x0000000088900000, 0x0000000088900000, 0x0000000088a00000|  0%| F|  |TAMS 0x0000000088900000, 0x0000000088900000| Untracked 
| 138|0x0000000088a00000, 0x0000000088a00000, 0x0000000088b00000|  0%| F|  |TAMS 0x0000000088a00000, 0x0000000088a00000| Untracked 
| 139|0x0000000088b00000, 0x0000000088b00000, 0x0000000088c00000|  0%| F|  |TAMS 0x0000000088b00000, 0x0000000088b00000| Untracked 
| 140|0x0000000088c00000, 0x0000000088c00000, 0x0000000088d00000|  0%| F|  |TAMS 0x0000000088c00000, 0x0000000088c00000| Untracked 
| 141|0x0000000088d00000, 0x0000000088d00000, 0x0000000088e00000|  0%| F|  |TAMS 0x0000000088d00000, 0x0000000088d00000| Untracked 
| 142|0x0000000088e00000, 0x0000000088e00000, 0x0000000088f00000|  0%| F|  |TAMS 0x0000000088e00000, 0x0000000088e00000| Untracked 
| 143|0x0000000088f00000, 0x0000000088f00000, 0x0000000089000000|  0%| F|  |TAMS 0x0000000088f00000, 0x0000000088f00000| Untracked 
| 144|0x0000000089000000, 0x0000000089000000, 0x0000000089100000|  0%| F|  |TAMS 0x0000000089000000, 0x0000000089000000| Untracked 
| 145|0x0000000089100000, 0x0000000089100000, 0x0000000089200000|  0%| F|  |TAMS 0x0000000089100000, 0x0000000089100000| Untracked 
| 146|0x0000000089200000, 0x0000000089200000, 0x0000000089300000|  0%| F|  |TAMS 0x0000000089200000, 0x0000000089200000| Untracked 
| 147|0x0000000089300000, 0x0000000089300000, 0x0000000089400000|  0%| F|  |TAMS 0x0000000089300000, 0x0000000089300000| Untracked 
| 148|0x0000000089400000, 0x0000000089400000, 0x0000000089500000|  0%| F|  |TAMS 0x0000000089400000, 0x0000000089400000| Untracked 

Card table byte_map: [0x000001d52b000000,0x000001d52b400000] _byte_map_base: 0x000001d52ac00000

Marking Bits (Prev, Next): (CMBitMap*) 0x000001d511d6b8e0, (CMBitMap*) 0x000001d511d6b920
 Prev Bits: [0x000001d52b800000, 0x000001d52d800000)
 Next Bits: [0x000001d52d800000, 0x000001d52f800000)

Polling page: 0x000001d511c40000

Metaspace:

Usage:
  Non-class:     73.90 MB used.
      Class:     12.11 MB used.
       Both:     86.01 MB used.

Virtual space:
  Non-class space:      128.00 MB reserved,      74.31 MB ( 58%) committed,  2 nodes.
      Class space:        1.00 GB reserved,      12.50 MB (  1%) committed,  1 nodes.
             Both:        1.12 GB reserved,      86.81 MB (  8%) committed. 

Chunk freelists:
   Non-Class:  5.65 MB
       Class:  3.50 MB
        Both:  9.16 MB

MaxMetaspaceSize: unlimited
CompressedClassSpaceSize: 1.00 GB
Initial GC threshold: 21.00 MB
Current GC threshold: 139.94 MB
CDS: on
MetaspaceReclaimPolicy: balanced
 - commit_granule_bytes: 65536.
 - commit_granule_words: 8192.
 - virtual_space_node_default_size: 8388608.
 - enlarge_chunks_in_place: 1.
 - new_chunks_are_fully_committed: 0.
 - uncommit_free_chunks: 1.
 - use_allocation_guard: 0.
 - handle_deallocations: 1.


Internal statistics:

num_allocs_failed_limit: 6.
num_arena_births: 1156.
num_arena_deaths: 0.
num_vsnodes_births: 3.
num_vsnodes_deaths: 0.
num_space_committed: 1389.
num_space_uncommitted: 0.
num_chunks_returned_to_freelist: 6.
num_chunks_taken_from_freelist: 4920.
num_chunk_merges: 6.
num_chunk_splits: 3227.
num_chunks_enlarged: 2108.
num_inconsistent_stats: 0.

CodeHeap 'non-profiled nmethods': size=120000Kb used=3919Kb max_used=4219Kb free=116080Kb
 bounds [0x000001d5233a0000, 0x000001d5237c0000, 0x000001d52a8d0000]
CodeHeap 'profiled nmethods': size=120000Kb used=16993Kb max_used=17891Kb free=103006Kb
 bounds [0x000001d51b8d0000, 0x000001d51ca50000, 0x000001d522e00000]
CodeHeap 'non-nmethods': size=5760Kb used=1722Kb max_used=1766Kb free=4037Kb
 bounds [0x000001d522e00000, 0x000001d523070000, 0x000001d5233a0000]
 total_blobs=10868 nmethods=10050 adapters=730
 compilation: enabled
              stopped_count=0, restarted_count=0
 full_count=0

Compilation events (20 events):
Event: 25.711 Thread 0x000001d532220590 12021       1       org.gradle.internal.operations.DefaultBuildOperationQueue::access$1000 (5 bytes)
Event: 25.712 Thread 0x000001d532220590 nmethod 12021 0x000001d5235b3610 code [0x000001d5235b37a0, 0x000001d5235b3858]
Event: 25.712 Thread 0x000001d532220590 12023       2       org.gradle.api.internal.artifacts.transform.TransformingAsyncArtifactListener::visitArtifacts (15 bytes)
Event: 25.712 Thread 0x000001d532220590 nmethod 12023 0x000001d51c69fb90 code [0x000001d51c69fd40, 0x000001d51c69ff28]
Event: 25.712 Thread 0x000001d532220590 12024       2       org.gradle.api.internal.artifacts.transform.TransformingAsyncArtifactListener$1::<init> (10 bytes)
Event: 25.713 Thread 0x000001d532220590 nmethod 12024 0x000001d51c3bd410 code [0x000001d51c3bd5a0, 0x000001d51c3bd6f8]
Event: 25.713 Thread 0x000001d532220590 12025       2       org.gradle.api.internal.artifacts.transform.TransformingAsyncArtifactListener$1::visitArtifact (47 bytes)
Event: 25.713 Thread 0x000001d532220590 nmethod 12025 0x000001d51c69f510 code [0x000001d51c69f6c0, 0x000001d51c69fa48]
Event: 25.713 Thread 0x000001d532220590 12027 %     3       com.google.common.cache.LocalCache$Segment::expand @ 56 (282 bytes)
Event: 25.724 Thread 0x000001d532220590 nmethod 12027% 0x000001d51c42f390 code [0x000001d51c42fc60, 0x000001d51c435608]
Event: 25.725 Thread 0x000001d532220590 12026       2       org.gradle.api.internal.artifacts.transform.TransformingAsyncArtifactListener$TransformedArtifact::<init> (32 bytes)
Event: 25.725 Thread 0x000001d532220590 nmethod 12026 0x000001d51c69f010 code [0x000001d51c69f1c0, 0x000001d51c69f498]
Event: 25.727 Thread 0x000001d532220590 12031       3       java.util.stream.ReferencePipeline::forEach (11 bytes)
Event: 25.727 Thread 0x000001d532220590 nmethod 12031 0x000001d51c69e710 code [0x000001d51c69e900, 0x000001d51c69edd8]
Event: 25.729 Thread 0x000001d532220590 12033       2       org.gradle.internal.Deferrable$2::getCompleted (8 bytes)
Event: 25.730 Thread 0x000001d532220590 nmethod 12033 0x000001d51c69e110 code [0x000001d51c69e2c0, 0x000001d51c69e548]
Event: 25.735 Thread 0x000001d532220590 12034       3       org.gradle.internal.execution.impl.DefaultFileNormalizationSpec::hashCode (29 bytes)
Event: 25.736 Thread 0x000001d532220590 nmethod 12034 0x000001d51befbd10 code [0x000001d51befbee0, 0x000001d51befc5c8]
Event: 25.741 Thread 0x000001d532220590 12037       3       org.gradle.internal.execution.impl.DefaultFileNormalizationSpec::equals (71 bytes)
Event: 25.741 Thread 0x000001d532220590 nmethod 12037 0x000001d51befb510 code [0x000001d51befb6e0, 0x000001d51befbbe8]

GC Heap History (20 events):
Event: 19.354 GC heap after
{Heap after GC invocations=38 (full 0):
 garbage-first heap   total 124928K, used 71004K [0x0000000080000000, 0x0000000100000000)
  region size 1024K, 2 young (2048K), 2 survivors (2048K)
 Metaspace       used 71613K, committed 72256K, reserved 1114112K
  class space    used 10073K, committed 10368K, reserved 1048576K
}
Event: 19.944 GC heap before
{Heap before GC invocations=39 (full 0):
 garbage-first heap   total 126976K, used 101724K [0x0000000080000000, 0x0000000100000000)
  region size 1024K, 32 young (32768K), 2 survivors (2048K)
 Metaspace       used 73557K, committed 74240K, reserved 1114112K
  class space    used 10378K, committed 10688K, reserved 1048576K
}
Event: 19.950 GC heap after
{Heap after GC invocations=40 (full 0):
 garbage-first heap   total 126976K, used 72462K [0x0000000080000000, 0x0000000100000000)
  region size 1024K, 3 young (3072K), 3 survivors (3072K)
 Metaspace       used 73557K, committed 74240K, reserved 1114112K
  class space    used 10378K, committed 10688K, reserved 1048576K
}
Event: 20.042 GC heap before
{Heap before GC invocations=40 (full 0):
 garbage-first heap   total 126976K, used 75534K [0x0000000080000000, 0x0000000100000000)
  region size 1024K, 6 young (6144K), 3 survivors (3072K)
 Metaspace       used 73987K, committed 74688K, reserved 1114112K
  class space    used 10437K, committed 10752K, reserved 1048576K
}
Event: 20.047 GC heap after
{Heap after GC invocations=41 (full 0):
 garbage-first heap   total 152576K, used 72188K [0x0000000080000000, 0x0000000100000000)
  region size 1024K, 1 young (1024K), 1 survivors (1024K)
 Metaspace       used 73987K, committed 74688K, reserved 1114112K
  class space    used 10437K, committed 10752K, reserved 1048576K
}
Event: 21.224 GC heap before
{Heap before GC invocations=41 (full 0):
 garbage-first heap   total 152576K, used 124412K [0x0000000080000000, 0x0000000100000000)
  region size 1024K, 52 young (53248K), 1 survivors (1024K)
 Metaspace       used 77731K, committed 78464K, reserved 1179648K
  class space    used 11025K, committed 11392K, reserved 1048576K
}
Event: 21.231 GC heap after
{Heap after GC invocations=42 (full 0):
 garbage-first heap   total 152576K, used 74194K [0x0000000080000000, 0x0000000100000000)
  region size 1024K, 3 young (3072K), 3 survivors (3072K)
 Metaspace       used 77731K, committed 78464K, reserved 1179648K
  class space    used 11025K, committed 11392K, reserved 1048576K
}
Event: 22.501 GC heap before
{Heap before GC invocations=43 (full 0):
 garbage-first heap   total 152576K, used 125394K [0x0000000080000000, 0x0000000100000000)
  region size 1024K, 53 young (54272K), 3 survivors (3072K)
 Metaspace       used 81493K, committed 82240K, reserved 1179648K
  class space    used 11529K, committed 11904K, reserved 1048576K
}
Event: 22.508 GC heap after
{Heap after GC invocations=44 (full 0):
 garbage-first heap   total 152576K, used 78005K [0x0000000080000000, 0x0000000100000000)
  region size 1024K, 7 young (7168K), 7 survivors (7168K)
 Metaspace       used 81493K, committed 82240K, reserved 1179648K
  class space    used 11529K, committed 11904K, reserved 1048576K
}
Event: 22.537 GC heap before
{Heap before GC invocations=44 (full 0):
 garbage-first heap   total 152576K, used 79029K [0x0000000080000000, 0x0000000100000000)
  region size 1024K, 8 young (8192K), 7 survivors (7168K)
 Metaspace       used 81578K, committed 82304K, reserved 1179648K
  class space    used 11538K, committed 11904K, reserved 1048576K
}
Event: 22.545 GC heap after
{Heap after GC invocations=45 (full 0):
 garbage-first heap   total 152576K, used 78026K [0x0000000080000000, 0x0000000100000000)
  region size 1024K, 1 young (1024K), 1 survivors (1024K)
 Metaspace       used 81578K, committed 82304K, reserved 1179648K
  class space    used 11538K, committed 11904K, reserved 1048576K
}
Event: 23.597 GC heap before
{Heap before GC invocations=45 (full 0):
 garbage-first heap   total 152576K, used 126154K [0x0000000080000000, 0x0000000100000000)
  region size 1024K, 48 young (49152K), 1 survivors (1024K)
 Metaspace       used 85032K, committed 85824K, reserved 1179648K
  class space    used 11944K, committed 12352K, reserved 1048576K
}
Event: 23.602 GC heap after
{Heap after GC invocations=46 (full 0):
 garbage-first heap   total 152576K, used 80747K [0x0000000080000000, 0x0000000100000000)
  region size 1024K, 4 young (4096K), 4 survivors (4096K)
 Metaspace       used 85032K, committed 85824K, reserved 1179648K
  class space    used 11944K, committed 12352K, reserved 1048576K
}
Event: 24.802 GC heap before
{Heap before GC invocations=47 (full 0):
 garbage-first heap   total 152576K, used 125803K [0x0000000080000000, 0x0000000100000000)
  region size 1024K, 48 young (49152K), 4 survivors (4096K)
 Metaspace       used 87944K, committed 88768K, reserved 1179648K
  class space    used 12394K, committed 12800K, reserved 1048576K
}
Event: 24.813 GC heap after
{Heap after GC invocations=48 (full 0):
 garbage-first heap   total 152576K, used 85160K [0x0000000080000000, 0x0000000100000000)
  region size 1024K, 5 young (5120K), 5 survivors (5120K)
 Metaspace       used 87944K, committed 88768K, reserved 1179648K
  class space    used 12394K, committed 12800K, reserved 1048576K
}
Event: 25.079 GC heap before
{Heap before GC invocations=48 (full 0):
 garbage-first heap   total 152576K, used 125096K [0x0000000080000000, 0x0000000100000000)
  region size 1024K, 45 young (46080K), 5 survivors (5120K)
 Metaspace       used 87976K, committed 88832K, reserved 1179648K
  class space    used 12394K, committed 12800K, reserved 1048576K
}
Event: 25.087 GC heap after
{Heap after GC invocations=49 (full 0):
 garbage-first heap   total 152576K, used 88378K [0x0000000080000000, 0x0000000100000000)
  region size 1024K, 4 young (4096K), 4 survivors (4096K)
 Metaspace       used 87976K, committed 88832K, reserved 1179648K
  class space    used 12394K, committed 12800K, reserved 1048576K
}
Event: 25.416 GC heap before
{Heap before GC invocations=49 (full 0):
 garbage-first heap   total 152576K, used 125242K [0x0000000080000000, 0x0000000100000000)
  region size 1024K, 41 young (41984K), 4 survivors (4096K)
 Metaspace       used 87988K, committed 88832K, reserved 1179648K
  class space    used 12395K, committed 12800K, reserved 1048576K
}
Event: 25.426 GC heap after
{Heap after GC invocations=50 (full 0):
 garbage-first heap   total 152576K, used 89286K [0x0000000080000000, 0x0000000100000000)
  region size 1024K, 5 young (5120K), 5 survivors (5120K)
 Metaspace       used 87988K, committed 88832K, reserved 1179648K
  class space    used 12395K, committed 12800K, reserved 1048576K
}
Event: 25.756 GC heap before
{Heap before GC invocations=50 (full 0):
 garbage-first heap   total 152576K, used 127174K [0x0000000080000000, 0x0000000100000000)
  region size 1024K, 41 young (41984K), 5 survivors (5120K)
 Metaspace       used 88077K, committed 88896K, reserved 1179648K
  class space    used 12401K, committed 12800K, reserved 1048576K
}

Dll operation events (15 events):
Event: 0.017 Loaded shared library C:\Program Files\Eclipse Adoptium\jdk-17.0.14.7-hotspot\bin\java.dll
Event: 0.041 Loaded shared library C:\Program Files\Eclipse Adoptium\jdk-17.0.14.7-hotspot\bin\jsvml.dll
Event: 0.124 Loaded shared library C:\Program Files\Eclipse Adoptium\jdk-17.0.14.7-hotspot\bin\zip.dll
Event: 0.130 Loaded shared library C:\Program Files\Eclipse Adoptium\jdk-17.0.14.7-hotspot\bin\instrument.dll
Event: 0.139 Loaded shared library C:\Program Files\Eclipse Adoptium\jdk-17.0.14.7-hotspot\bin\net.dll
Event: 0.143 Loaded shared library C:\Program Files\Eclipse Adoptium\jdk-17.0.14.7-hotspot\bin\nio.dll
Event: 0.146 Loaded shared library C:\Program Files\Eclipse Adoptium\jdk-17.0.14.7-hotspot\bin\zip.dll
Event: 0.539 Loaded shared library C:\Program Files\Eclipse Adoptium\jdk-17.0.14.7-hotspot\bin\jimage.dll
Event: 0.758 Loaded shared library C:\Program Files\Eclipse Adoptium\jdk-17.0.14.7-hotspot\bin\verify.dll
Event: 0.968 Loaded shared library C:\Users\ceiv0\.gradle\native\c067742578af261105cb4f569cf0c3c89f3d7b1fecec35dd04571415982c5e48\windows-amd64\native-platform.dll
Event: 0.991 Loaded shared library C:\Users\ceiv0\.gradle\native\100fb08df4bc3b14c8652ba06237920a3bd2aa13389f12d3474272988ae205f9\windows-amd64\native-platform-file-events.dll
Event: 2.917 Loaded shared library C:\Program Files\Eclipse Adoptium\jdk-17.0.14.7-hotspot\bin\management.dll
Event: 2.921 Loaded shared library C:\Program Files\Eclipse Adoptium\jdk-17.0.14.7-hotspot\bin\management_ext.dll
Event: 3.294 Loaded shared library C:\Program Files\Eclipse Adoptium\jdk-17.0.14.7-hotspot\bin\extnet.dll
Event: 3.674 Loaded shared library C:\Program Files\Eclipse Adoptium\jdk-17.0.14.7-hotspot\bin\sunmscapi.dll

Deoptimization events (20 events):
Event: 25.676 Thread 0x000001d579b248a0 DEOPT PACKING pc=0x000001d52367af48 sp=0x00000078f19fb640
Event: 25.676 Thread 0x000001d579b248a0 DEOPT UNPACKING pc=0x000001d522e569a3 sp=0x00000078f19fb578 mode 2
Event: 25.678 Thread 0x000001d579b248a0 Uncommon trap: trap_request=0xffffff45 fr.pc=0x000001d523673cac relative=0x000000000000036c
Event: 25.678 Thread 0x000001d579b248a0 Uncommon trap: reason=unstable_if action=reinterpret pc=0x000001d523673cac method=org.gradle.internal.snapshot.PathUtil.equalChars(CCLorg/gradle/internal/snapshot/CaseSensitivity;)Z @ 40 c2
Event: 25.678 Thread 0x000001d579b248a0 DEOPT PACKING pc=0x000001d523673cac sp=0x00000078f19fc8d0
Event: 25.678 Thread 0x000001d579b248a0 DEOPT UNPACKING pc=0x000001d522e569a3 sp=0x00000078f19fc860 mode 2
Event: 25.684 Thread 0x000001d57a76bae0 Uncommon trap: trap_request=0xffffff45 fr.pc=0x000001d523667644 relative=0x0000000000000204
Event: 25.684 Thread 0x000001d57a76bae0 Uncommon trap: reason=unstable_if action=reinterpret pc=0x000001d523667644 method=com.esotericsoftware.kryo.io.Input.readVarInt(Z)I @ 42 c2
Event: 25.684 Thread 0x000001d57a76bae0 DEOPT PACKING pc=0x000001d523667644 sp=0x00000078f1ffe130
Event: 25.684 Thread 0x000001d57a76bae0 DEOPT UNPACKING pc=0x000001d522e569a3 sp=0x00000078f1ffe020 mode 2
Event: 25.690 Thread 0x000001d57a76bae0 Uncommon trap: trap_request=0xffffffd6 fr.pc=0x000001d5236dfdb0 relative=0x0000000000000df0
Event: 25.690 Thread 0x000001d57a76bae0 Uncommon trap: reason=array_check action=maybe_recompile pc=0x000001d5236dfdb0 method=com.google.common.collect.RegularImmutableMap.fromEntryArrayCheckingBucketOverflow(I[Ljava/util/Map$Entry;Z)Lcom/google/common/collect/ImmutableMap; @ 220 c2
Event: 25.690 Thread 0x000001d57a76bae0 DEOPT PACKING pc=0x000001d5236dfdb0 sp=0x00000078f1ffe0d0
Event: 25.690 Thread 0x000001d57a76bae0 DEOPT UNPACKING pc=0x000001d522e569a3 sp=0x00000078f1ffdec8 mode 2
Event: 25.693 Thread 0x000001d57a76bae0 Uncommon trap: trap_request=0xffffffd6 fr.pc=0x000001d5236dfdb0 relative=0x0000000000000df0
Event: 25.693 Thread 0x000001d57a76bae0 Uncommon trap: reason=array_check action=maybe_recompile pc=0x000001d5236dfdb0 method=com.google.common.collect.RegularImmutableMap.fromEntryArrayCheckingBucketOverflow(I[Ljava/util/Map$Entry;Z)Lcom/google/common/collect/ImmutableMap; @ 220 c2
Event: 25.693 Thread 0x000001d57a76bae0 DEOPT PACKING pc=0x000001d5236dfdb0 sp=0x00000078f1ffe0d0
Event: 25.693 Thread 0x000001d57a76bae0 DEOPT UNPACKING pc=0x000001d522e569a3 sp=0x00000078f1ffdec8 mode 2
Event: 25.707 Thread 0x000001d579b248a0 DEOPT PACKING pc=0x000001d51c27d223 sp=0x00000078f19fa6b0
Event: 25.707 Thread 0x000001d579b248a0 DEOPT UNPACKING pc=0x000001d522e57143 sp=0x00000078f19f9b60 mode 0

Classes loaded (20 events):
Event: 23.769 Loading class sun/reflect/generics/scope/DummyScope
Event: 23.770 Loading class sun/reflect/generics/scope/DummyScope done
Event: 23.942 Loading class java/util/TreeMap$KeySpliterator
Event: 23.943 Loading class java/util/TreeMap$TreeMapSpliterator
Event: 23.943 Loading class java/util/TreeMap$TreeMapSpliterator done
Event: 23.943 Loading class java/util/TreeMap$KeySpliterator done
Event: 24.297 Loading class java/io/CharArrayWriter
Event: 24.297 Loading class java/io/CharArrayWriter done
Event: 24.306 Loading class java/io/SequenceInputStream
Event: 24.306 Loading class java/io/SequenceInputStream done
Event: 24.317 Loading class java/util/function/IntUnaryOperator
Event: 24.317 Loading class java/util/function/IntUnaryOperator done
Event: 25.666 Loading class java/util/stream/ReferencePipeline$4
Event: 25.667 Loading class java/util/stream/ReferencePipeline$4 done
Event: 25.667 Loading class java/util/stream/ReduceOps$6
Event: 25.668 Loading class java/util/stream/ReduceOps$6 done
Event: 25.668 Loading class java/util/stream/ReduceOps$5ReducingSink
Event: 25.668 Loading class java/util/stream/ReduceOps$5ReducingSink done
Event: 25.668 Loading class java/util/stream/ReferencePipeline$4$1
Event: 25.668 Loading class java/util/stream/ReferencePipeline$4$1 done

Classes unloaded (0 events):
No events

Classes redefined (0 events):
No events

Internal exceptions (20 events):
Event: 21.764 Thread 0x000001d578021560 Exception <a 'java/lang/NoSuchMethodError'{0x00000000884284d8}: 'java.lang.Object java.lang.invoke.DirectMethodHandle$Holder.invokeSpecial(java.lang.Object, java.lang.Object, long, java.lang.Object, java.lang.Object, java.lang.Object, java.lang.Object, java.lang.Object, java.lang.Object, java.lang.Object, java.lang.Object, java.lang.Object)'> (0x00000000884284d8) 
thrown [s\src\hotspot\share\interpreter\linkResolver.cpp, line 759]
Event: 21.764 Thread 0x000001d578021560 Exception <a 'java/lang/NoSuchMethodError'{0x000000008842d768}: 'java.lang.Object java.lang.invoke.DelegatingMethodHandle$Holder.reinvoke_L(java.lang.Object, long, java.lang.Object, java.lang.Object, java.lang.Object, java.lang.Object, java.lang.Object, java.lang.Object, java.lang.Object, java.lang.Object, java.lang.Object)'> (0x000000008842d768) 
thrown [s\src\hotspot\share\interpreter\linkResolver.cpp, line 759]
Event: 22.877 Thread 0x000001d578021560 Exception <a 'sun/nio/fs/WindowsException'{0x000000008873dfa0}> (0x000000008873dfa0) 
thrown [s\src\hotspot\share\prims\jni.cpp, line 516]
Event: 23.192 Thread 0x000001d578021560 Exception <a 'java/lang/NoClassDefFoundError'{0x00000000879a2768}: org/jetbrains/kotlin/gradle/plugin/KotlinBasePluginWrapper> (0x00000000879a2768) 
thrown [s\src\hotspot\share\oops\constantPool.cpp, line 837]
Event: 23.336 Thread 0x000001d578021560 Exception <a 'java/lang/NoClassDefFoundError'{0x0000000087120050}: org/jetbrains/kotlin/gradle/plugin/KotlinBasePluginWrapper> (0x0000000087120050) 
thrown [s\src\hotspot\share\oops\constantPool.cpp, line 837]
Event: 23.363 Thread 0x000001d578021560 Exception <a 'java/lang/NoClassDefFoundError'{0x0000000087064818}: org/jetbrains/kotlin/gradle/plugin/KotlinBasePluginWrapper> (0x0000000087064818) 
thrown [s\src\hotspot\share\oops\constantPool.cpp, line 837]
Event: 23.440 Thread 0x000001d578021560 Exception <a 'java/lang/NoClassDefFoundError'{0x0000000086b257f8}: org/jetbrains/kotlin/gradle/plugin/KotlinBasePluginWrapper> (0x0000000086b257f8) 
thrown [s\src\hotspot\share\oops\constantPool.cpp, line 837]
Event: 23.447 Thread 0x000001d578021560 Exception <a 'java/lang/NoClassDefFoundError'{0x0000000086b6ef48}: org/jetbrains/kotlin/gradle/plugin/KotlinBasePluginWrapper> (0x0000000086b6ef48) 
thrown [s\src\hotspot\share\oops\constantPool.cpp, line 837]
Event: 23.453 Thread 0x000001d578021560 Exception <a 'java/lang/NoClassDefFoundError'{0x0000000086b9ee28}: org/jetbrains/kotlin/gradle/plugin/KotlinBasePluginWrapper> (0x0000000086b9ee28) 
thrown [s\src\hotspot\share\oops\constantPool.cpp, line 837]
Event: 23.462 Thread 0x000001d578021560 Exception <a 'java/lang/NoClassDefFoundError'{0x0000000086a39ef8}: org/jetbrains/kotlin/gradle/plugin/KotlinBasePluginWrapper> (0x0000000086a39ef8) 
thrown [s\src\hotspot\share\oops\constantPool.cpp, line 837]
Event: 23.478 Thread 0x000001d578021560 Exception <a 'java/lang/NoClassDefFoundError'{0x0000000086ad3c58}: org/jetbrains/kotlin/gradle/plugin/KotlinBasePluginWrapper> (0x0000000086ad3c58) 
thrown [s\src\hotspot\share\oops\constantPool.cpp, line 837]
Event: 23.507 Thread 0x000001d578021560 Exception <a 'java/lang/NoSuchMethodError'{0x00000000869ff510}: 'void java.lang.invoke.DirectMethodHandle$Holder.invokeStatic(java.lang.Object, java.lang.Object, java.lang.Object, java.lang.Object, java.lang.Object, java.lang.Object, java.lang.Object, java.lang.Object)'> (0x00000000869ff510) 
thrown [s\src\hotspot\share\interpreter\linkResolver.cpp, line 759]
Event: 23.594 Thread 0x000001d578021560 Exception <a 'java/lang/IncompatibleClassChangeError'{0x00000000865ca870}: Found class java.lang.Object, but interface was expected> (0x00000000865ca870) 
thrown [s\src\hotspot\share\interpreter\linkResolver.cpp, line 826]
Event: 23.986 Thread 0x000001d579b24390 Exception <a 'java/lang/NoSuchMethodError'{0x00000000882417c8}: 'java.lang.Object java.lang.invoke.DirectMethodHandle$Holder.newInvokeSpecial(java.lang.Object, java.lang.Object, int, java.lang.Object, java.lang.Object)'> (0x00000000882417c8) 
thrown [s\src\hotspot\share\interpreter\linkResolver.cpp, line 759]
Event: 24.099 Thread 0x000001d579b248a0 Exception <a 'java/lang/NoSuchMethodError'{0x0000000087d074f8}: 'void java.lang.invoke.DirectMethodHandle$Holder.invokeSpecial(java.lang.Object, java.lang.Object, java.lang.Object, java.lang.Object, int, java.lang.Object, java.lang.Object)'> (0x0000000087d074f8) 
thrown [s\src\hotspot\share\interpreter\linkResolver.cpp, line 759]
Event: 24.110 Thread 0x000001d579b248a0 Exception <a 'java/lang/NoSuchMethodError'{0x0000000087d4cf50}: 'void java.lang.invoke.DirectMethodHandle$Holder.invokeInterface(java.lang.Object, java.lang.Object, java.lang.Object, java.lang.Object)'> (0x0000000087d4cf50) 
thrown [s\src\hotspot\share\interpreter\linkResolver.cpp, line 759]
Event: 24.128 Thread 0x000001d579b248a0 Exception <a 'sun/nio/fs/WindowsException'{0x0000000087dd1190}> (0x0000000087dd1190) 
thrown [s\src\hotspot\share\prims\jni.cpp, line 516]
Event: 24.182 Thread 0x000001d579b248a0 Exception <a 'java/lang/IncompatibleClassChangeError'{0x0000000087b4f138}: Found class java.lang.Object, but interface was expected> (0x0000000087b4f138) 
thrown [s\src\hotspot\share\interpreter\linkResolver.cpp, line 826]
Event: 24.233 Thread 0x000001d579b248a0 Exception <a 'java/lang/NoSuchMethodError'{0x00000000879c58d0}: 'int java.lang.invoke.DirectMethodHandle$Holder.invokeStaticInit(java.lang.Object, java.lang.Object, java.lang.Object, java.lang.Object, java.lang.Object)'> (0x00000000879c58d0) 
thrown [s\src\hotspot\share\interpreter\linkResolver.cpp, line 759]
Event: 24.317 Thread 0x000001d579b248a0 Exception <a 'java/lang/NoSuchMethodError'{0x0000000087665bf0}: 'int java.lang.invoke.DirectMethodHandle$Holder.invokeSpecial(java.lang.Object, java.lang.Object, int)'> (0x0000000087665bf0) 
thrown [s\src\hotspot\share\interpreter\linkResolver.cpp, line 759]

VM Operations (20 events):
Event: 24.255 Executing VM operation: HandshakeAllThreads done
Event: 24.355 Executing VM operation: HandshakeAllThreads
Event: 24.355 Executing VM operation: HandshakeAllThreads done
Event: 24.355 Executing VM operation: HandshakeAllThreads
Event: 24.356 Executing VM operation: HandshakeAllThreads done
Event: 24.384 Executing VM operation: HandshakeAllThreads
Event: 24.385 Executing VM operation: HandshakeAllThreads done
Event: 24.392 Executing VM operation: ICBufferFull
Event: 24.392 Executing VM operation: ICBufferFull done
Event: 24.442 Executing VM operation: HandshakeAllThreads
Event: 24.442 Executing VM operation: HandshakeAllThreads done
Event: 24.742 Executing VM operation: ICBufferFull
Event: 24.742 Executing VM operation: ICBufferFull done
Event: 24.801 Executing VM operation: G1CollectForAllocation
Event: 24.813 Executing VM operation: G1CollectForAllocation done
Event: 25.079 Executing VM operation: G1CollectForAllocation
Event: 25.087 Executing VM operation: G1CollectForAllocation done
Event: 25.415 Executing VM operation: G1CollectForAllocation
Event: 25.426 Executing VM operation: G1CollectForAllocation done
Event: 25.756 Executing VM operation: G1CollectForAllocation

Memory protections (0 events):
No events

Nmethod flushes (20 events):
Event: 24.461 Thread 0x000001d53222ca30 flushing  nmethod 0x000001d51c83f410
Event: 24.461 Thread 0x000001d53222ca30 flushing  nmethod 0x000001d51c840090
Event: 24.461 Thread 0x000001d53222ca30 flushing  nmethod 0x000001d51c84d710
Event: 24.461 Thread 0x000001d53222ca30 flushing  nmethod 0x000001d51c84ed10
Event: 24.461 Thread 0x000001d53222ca30 flushing  nmethod 0x000001d51c854490
Event: 24.461 Thread 0x000001d53222ca30 flushing  nmethod 0x000001d51c858e10
Event: 24.461 Thread 0x000001d53222ca30 flushing  nmethod 0x000001d51c894990
Event: 24.461 Thread 0x000001d53222ca30 flushing  nmethod 0x000001d51c89a710
Event: 24.461 Thread 0x000001d53222ca30 flushing  nmethod 0x000001d51c89ab90
Event: 24.461 Thread 0x000001d53222ca30 flushing  nmethod 0x000001d51c89c610
Event: 24.461 Thread 0x000001d53222ca30 flushing  nmethod 0x000001d51c89df10
Event: 24.461 Thread 0x000001d53222ca30 flushing  nmethod 0x000001d51c8b9010
Event: 24.461 Thread 0x000001d53222ca30 flushing  nmethod 0x000001d51c8bfb90
Event: 24.461 Thread 0x000001d53222ca30 flushing  nmethod 0x000001d51c8cf490
Event: 24.462 Thread 0x000001d53222ca30 flushing  nmethod 0x000001d51c8f8610
Event: 24.462 Thread 0x000001d53222ca30 flushing  nmethod 0x000001d51c8fcb90
Event: 24.462 Thread 0x000001d53222ca30 flushing  nmethod 0x000001d51c905590
Event: 24.462 Thread 0x000001d53222ca30 flushing  nmethod 0x000001d51c90f810
Event: 24.462 Thread 0x000001d53222ca30 flushing osr nmethod 0x000001d51c948210
Event: 24.462 Thread 0x000001d53222ca30 flushing  nmethod 0x000001d51c993190

Events (20 events):
Event: 23.992 Thread 0x000001d579b24390 Thread added: 0x000001d57a76e870
Event: 23.992 Thread 0x000001d579b24390 Thread added: 0x000001d57a76de50
Event: 23.992 Thread 0x000001d579b24390 Thread added: 0x000001d57a76d940
Event: 24.041 Thread 0x000001d579b248a0 Thread added: 0x000001d57a76bae0
Event: 24.198 Thread 0x000001d579b248a0 Thread added: 0x000001d57a76bff0
Event: 24.198 Thread 0x000001d579b248a0 Thread added: 0x000001d57a767910
Event: 24.798 Thread 0x000001d579b248a0 Thread added: 0x000001d57a768330
Event: 24.799 Thread 0x000001d579b248a0 Thread added: 0x000001d57a76e360
Event: 24.799 Thread 0x000001d579b248a0 Thread added: 0x000001d57a76c500
Event: 24.799 Thread 0x000001d579b248a0 Thread added: 0x000001d57a767400
Event: 24.800 Thread 0x000001d579b248a0 Thread added: 0x000001d57a768840
Event: 24.800 Thread 0x000001d579b248a0 Thread added: 0x000001d57a76a190
Event: 24.801 Thread 0x000001d579b248a0 Thread added: 0x000001d57a76ed80
Event: 25.705 Thread 0x000001d579b248a0 Thread added: 0x000001d57a76a6a0
Event: 25.705 Thread 0x000001d579b248a0 Thread added: 0x000001d57a76abb0
Event: 25.706 Thread 0x000001d579b248a0 Thread added: 0x000001d57a767e20
Event: 25.707 Thread 0x000001d579b248a0 Thread added: 0x000001d57a76ca10
Event: 25.708 Thread 0x000001d579b248a0 Thread added: 0x000001d57a76d430
Event: 25.709 Thread 0x000001d579b248a0 Thread added: 0x000001d57a768d50
Event: 25.710 Thread 0x000001d579b248a0 Thread added: 0x000001d57a769770


Dynamic libraries:
0x00007ff786f40000 - 0x00007ff786f4e000 	C:\Program Files\Eclipse Adoptium\jdk-17.0.14.7-hotspot\bin\java.exe
0x00007ffa9eb30000 - 0x00007ffa9ed47000 	C:\WINDOWS\SYSTEM32\ntdll.dll
0x00007ffa9daf0000 - 0x00007ffa9dbb4000 	C:\WINDOWS\System32\KERNEL32.DLL
0x00007ffa9c3e0000 - 0x00007ffa9c7b3000 	C:\WINDOWS\System32\KERNELBASE.dll
0x00007ffa9c010000 - 0x00007ffa9c121000 	C:\WINDOWS\System32\ucrtbase.dll
0x00007ffa88d90000 - 0x00007ffa88da7000 	C:\Program Files\Eclipse Adoptium\jdk-17.0.14.7-hotspot\bin\jli.dll
0x00007ffa87d20000 - 0x00007ffa87d3e000 	C:\Program Files\Eclipse Adoptium\jdk-17.0.14.7-hotspot\bin\VCRUNTIME140.dll
0x00007ffa9e8a0000 - 0x00007ffa9ea51000 	C:\WINDOWS\System32\USER32.dll
0x00007ffa9c130000 - 0x00007ffa9c156000 	C:\WINDOWS\System32\win32u.dll
0x00007ffa85760000 - 0x00007ffa859fb000 	C:\WINDOWS\WinSxS\amd64_microsoft.windows.common-controls_6595b64144ccf1df_6.0.22621.5262_none_2712bde373830908\COMCTL32.dll
0x00007ffa9c970000 - 0x00007ffa9c999000 	C:\WINDOWS\System32\GDI32.dll
0x00007ffa9d590000 - 0x00007ffa9d637000 	C:\WINDOWS\System32\msvcrt.dll
0x00007ffa9beb0000 - 0x00007ffa9bfd2000 	C:\WINDOWS\System32\gdi32full.dll
0x00007ffa9bd90000 - 0x00007ffa9be2a000 	C:\WINDOWS\System32\msvcp_win.dll
0x00007ffa9e860000 - 0x00007ffa9e891000 	C:\WINDOWS\System32\IMM32.DLL
0x00007ffa8beb0000 - 0x00007ffa8bebc000 	C:\Program Files\Eclipse Adoptium\jdk-17.0.14.7-hotspot\bin\vcruntime140_1.dll
0x00007ffa75e20000 - 0x00007ffa75ead000 	C:\Program Files\Eclipse Adoptium\jdk-17.0.14.7-hotspot\bin\msvcp140.dll
0x00007ffa425b0000 - 0x00007ffa4321b000 	C:\Program Files\Eclipse Adoptium\jdk-17.0.14.7-hotspot\bin\server\jvm.dll
0x00007ffa9e630000 - 0x00007ffa9e6e1000 	C:\WINDOWS\System32\ADVAPI32.dll
0x00007ffa9dbd0000 - 0x00007ffa9dc77000 	C:\WINDOWS\System32\sechost.dll
0x00007ffa9bfe0000 - 0x00007ffa9c008000 	C:\WINDOWS\System32\bcrypt.dll
0x00007ffa9d170000 - 0x00007ffa9d284000 	C:\WINDOWS\System32\RPCRT4.dll
0x00007ffa9ea60000 - 0x00007ffa9ead1000 	C:\WINDOWS\System32\WS2_32.dll
0x00007ffa9baf0000 - 0x00007ffa9bb3d000 	C:\WINDOWS\SYSTEM32\POWRPROF.dll
0x00007ffa99610000 - 0x00007ffa99644000 	C:\WINDOWS\SYSTEM32\WINMM.dll
0x00007ffa94440000 - 0x00007ffa9444a000 	C:\WINDOWS\SYSTEM32\VERSION.dll
0x00007ffa9bad0000 - 0x00007ffa9bae3000 	C:\WINDOWS\SYSTEM32\UMPDC.dll
0x00007ffa9ac30000 - 0x00007ffa9ac48000 	C:\WINDOWS\SYSTEM32\kernel.appcore.dll
0x00007ffa8bdc0000 - 0x00007ffa8bdca000 	C:\Program Files\Eclipse Adoptium\jdk-17.0.14.7-hotspot\bin\jimage.dll
0x00007ffa99250000 - 0x00007ffa99482000 	C:\WINDOWS\SYSTEM32\DBGHELP.DLL
0x00007ffa9ca80000 - 0x00007ffa9ce13000 	C:\WINDOWS\System32\combase.dll
0x00007ffa9d090000 - 0x00007ffa9d167000 	C:\WINDOWS\System32\OLEAUT32.dll
0x00007ffa995d0000 - 0x00007ffa99602000 	C:\WINDOWS\SYSTEM32\dbgcore.DLL
0x00007ffa9c360000 - 0x00007ffa9c3db000 	C:\WINDOWS\System32\bcryptPrimitives.dll
0x00007ffa88db0000 - 0x00007ffa88dbe000 	C:\Program Files\Eclipse Adoptium\jdk-17.0.14.7-hotspot\bin\instrument.dll
0x00007ffa87a30000 - 0x00007ffa87a55000 	C:\Program Files\Eclipse Adoptium\jdk-17.0.14.7-hotspot\bin\java.dll
0x00007ffa74180000 - 0x00007ffa74257000 	C:\Program Files\Eclipse Adoptium\jdk-17.0.14.7-hotspot\bin\jsvml.dll
0x00007ffa9dc80000 - 0x00007ffa9e51d000 	C:\WINDOWS\System32\SHELL32.dll
0x00007ffa9c220000 - 0x00007ffa9c35f000 	C:\WINDOWS\System32\wintypes.dll
0x00007ffa99b10000 - 0x00007ffa9a42d000 	C:\WINDOWS\SYSTEM32\windows.storage.dll
0x00007ffa9e520000 - 0x00007ffa9e62b000 	C:\WINDOWS\System32\SHCORE.dll
0x00007ffa9d520000 - 0x00007ffa9d586000 	C:\WINDOWS\System32\shlwapi.dll
0x00007ffa9bb50000 - 0x00007ffa9bb7b000 	C:\WINDOWS\SYSTEM32\profapi.dll
0x00007ffa82e00000 - 0x00007ffa82e18000 	C:\Program Files\Eclipse Adoptium\jdk-17.0.14.7-hotspot\bin\zip.dll
0x00007ffa86bc0000 - 0x00007ffa86bd9000 	C:\Program Files\Eclipse Adoptium\jdk-17.0.14.7-hotspot\bin\net.dll
0x00007ffa90150000 - 0x00007ffa9027c000 	C:\WINDOWS\SYSTEM32\WINHTTP.dll
0x00007ffa9b0e0000 - 0x00007ffa9b14a000 	C:\WINDOWS\system32\mswsock.dll
0x00007ffa82e20000 - 0x00007ffa82e36000 	C:\Program Files\Eclipse Adoptium\jdk-17.0.14.7-hotspot\bin\nio.dll
0x00007ffa895b0000 - 0x00007ffa895c0000 	C:\Program Files\Eclipse Adoptium\jdk-17.0.14.7-hotspot\bin\verify.dll
0x00007ffa955c0000 - 0x00007ffa955e7000 	C:\Users\ceiv0\.gradle\native\c067742578af261105cb4f569cf0c3c89f3d7b1fecec35dd04571415982c5e48\windows-amd64\native-platform.dll
0x00007ffa6be80000 - 0x00007ffa6bfc4000 	C:\Users\ceiv0\.gradle\native\100fb08df4bc3b14c8652ba06237920a3bd2aa13389f12d3474272988ae205f9\windows-amd64\native-platform-file-events.dll
0x00007ffa894f0000 - 0x00007ffa894fa000 	C:\Program Files\Eclipse Adoptium\jdk-17.0.14.7-hotspot\bin\management.dll
0x00007ffa88fc0000 - 0x00007ffa88fcb000 	C:\Program Files\Eclipse Adoptium\jdk-17.0.14.7-hotspot\bin\management_ext.dll
0x00007ffa9dbc0000 - 0x00007ffa9dbc8000 	C:\WINDOWS\System32\PSAPI.DLL
0x00007ffa9b340000 - 0x00007ffa9b35b000 	C:\WINDOWS\SYSTEM32\CRYPTSP.dll
0x00007ffa9ab90000 - 0x00007ffa9abc7000 	C:\WINDOWS\system32\rsaenh.dll
0x00007ffa9b1d0000 - 0x00007ffa9b1f8000 	C:\WINDOWS\SYSTEM32\USERENV.dll
0x00007ffa9b330000 - 0x00007ffa9b33c000 	C:\WINDOWS\SYSTEM32\CRYPTBASE.dll
0x00007ffa9a6d0000 - 0x00007ffa9a6fd000 	C:\WINDOWS\SYSTEM32\IPHLPAPI.DLL
0x00007ffa9d640000 - 0x00007ffa9d649000 	C:\WINDOWS\System32\NSI.dll
0x00007ffa92590000 - 0x00007ffa925a9000 	C:\WINDOWS\SYSTEM32\dhcpcsvc6.DLL
0x00007ffa92570000 - 0x00007ffa9258f000 	C:\WINDOWS\SYSTEM32\dhcpcsvc.DLL
0x00007ffa9a700000 - 0x00007ffa9a7f8000 	C:\WINDOWS\SYSTEM32\DNSAPI.dll
0x00007ffa88dc0000 - 0x00007ffa88dc9000 	C:\Program Files\Eclipse Adoptium\jdk-17.0.14.7-hotspot\bin\extnet.dll
0x00007ffa881d0000 - 0x00007ffa881de000 	C:\Program Files\Eclipse Adoptium\jdk-17.0.14.7-hotspot\bin\sunmscapi.dll
0x00007ffa9bc20000 - 0x00007ffa9bd87000 	C:\WINDOWS\System32\CRYPT32.dll
0x00007ffa9b4f0000 - 0x00007ffa9b51d000 	C:\WINDOWS\SYSTEM32\ncrypt.dll
0x00007ffa9b4b0000 - 0x00007ffa9b4e7000 	C:\WINDOWS\SYSTEM32\NTASN1.dll
0x00007ff9f2990000 - 0x00007ff9f2998000 	C:\WINDOWS\system32\wshunix.dll

dbghelp: loaded successfully - version: 4.0.5 - missing functions: none
symbol engine: initialized successfully - sym options: 0x614 - pdb path: .;C:\Program Files\Eclipse Adoptium\jdk-17.0.14.7-hotspot\bin;C:\WINDOWS\SYSTEM32;C:\WINDOWS\WinSxS\amd64_microsoft.windows.common-controls_6595b64144ccf1df_6.0.22621.5262_none_2712bde373830908;C:\Program Files\Eclipse Adoptium\jdk-17.0.14.7-hotspot\bin\server;C:\Users\ceiv0\.gradle\native\c067742578af261105cb4f569cf0c3c89f3d7b1fecec35dd04571415982c5e48\windows-amd64;C:\Users\ceiv0\.gradle\native\100fb08df4bc3b14c8652ba06237920a3bd2aa13389f12d3474272988ae205f9\windows-amd64

VM Arguments:
jvm_args: --add-opens=java.base/java.lang=ALL-UNNAMED --add-opens=java.base/java.lang.invoke=ALL-UNNAMED --add-opens=java.base/java.util=ALL-UNNAMED --add-opens=java.prefs/java.util.prefs=ALL-UNNAMED --add-exports=jdk.compiler/com.sun.tools.javac.api=ALL-UNNAMED --add-exports=jdk.compiler/com.sun.tools.javac.util=ALL-UNNAMED --add-opens=java.base/java.util=ALL-UNNAMED --add-opens=java.prefs/java.util.prefs=ALL-UNNAMED --add-opens=java.base/java.nio.charset=ALL-UNNAMED --add-opens=java.base/java.net=ALL-UNNAMED --add-opens=java.base/java.util.concurrent.atomic=ALL-UNNAMED --add-opens=java.xml/javax.xml.namespace=ALL-UNNAMED -Xmx2048m -Dfile.encoding=UTF-8 -Duser.country=MX -Duser.language=es -Duser.variant -javaagent:C:\Users\ceiv0\.gradle\wrapper\dists\gradle-8.11.1-bin\bpt9gzteqjrbo1mjrsomdt32c\gradle-8.11.1\lib\agents\gradle-instrumentation-agent-8.11.1.jar 
java_command: org.gradle.launcher.daemon.bootstrap.GradleDaemon 8.11.1
java_class_path (initial): C:\Users\ceiv0\.gradle\wrapper\dists\gradle-8.11.1-bin\bpt9gzteqjrbo1mjrsomdt32c\gradle-8.11.1\lib\gradle-daemon-main-8.11.1.jar
Launcher Type: SUN_STANDARD

[Global flags]
     intx CICompilerCount                          = 4                                         {product} {ergonomic}
     uint ConcGCThreads                            = 2                                         {product} {ergonomic}
     uint G1ConcRefinementThreads                  = 8                                         {product} {ergonomic}
   size_t G1HeapRegionSize                         = 1048576                                   {product} {ergonomic}
    uintx GCDrainStackTargetSize                   = 64                                        {product} {ergonomic}
   size_t InitialHeapSize                          = 98566144                                  {product} {ergonomic}
   size_t MarkStackSize                            = 4194304                                   {product} {ergonomic}
   size_t MaxHeapSize                              = 2147483648                                {product} {command line}
   size_t MaxNewSize                               = 1287651328                                {product} {ergonomic}
   size_t MinHeapDeltaBytes                        = 1048576                                   {product} {ergonomic}
   size_t MinHeapSize                              = 8388608                                   {product} {ergonomic}
    uintx NonNMethodCodeHeapSize                   = 5839372                                {pd product} {ergonomic}
    uintx NonProfiledCodeHeapSize                  = 122909434                              {pd product} {ergonomic}
    uintx ProfiledCodeHeapSize                     = 122909434                              {pd product} {ergonomic}
    uintx ReservedCodeCacheSize                    = 251658240                              {pd product} {ergonomic}
     bool SegmentedCodeCache                       = true                                      {product} {ergonomic}
   size_t SoftMaxHeapSize                          = 2147483648                             {manageable} {ergonomic}
     bool UseCompressedClassPointers               = true                           {product lp64_product} {ergonomic}
     bool UseCompressedOops                        = true                           {product lp64_product} {ergonomic}
     bool UseG1GC                                  = true                                      {product} {ergonomic}
     bool UseLargePagesIndividualAllocation        = false                                  {pd product} {ergonomic}

Logging:
Log output configuration:
 #0: stdout all=warning uptime,level,tags
 #1: stderr all=off uptime,level,tags

Environment Variables:
JAVA_HOME=C:\Program Files\Eclipse Adoptium\jdk-17.0.14.7-hotspot\
CLASSPATH=C:\Users\ceiv0\OneDrive\Documentos\GitHub\SkulfulHarmony\\gradle\wrapper\gradle-wrapper.jar
PATH=C:\Program Files\Python310\Scripts\;C:\Program Files\Python310\;C:\Program Files\Eclipse Adoptium\jdk-17.0.14.7-hotspot\bin;C:\Program Files\Common Files\Oracle\Java\javapath;C:\Program Files (x86)\Common Files\Oracle\Java\java8path;C:\Program Files (x86)\Common Files\Oracle\Java\javapath;C:\Python313\Scripts\;C:\Python313\;C:\Program Files\Microsoft\jdk-11.0.16.101-hotspot\bin;C:\WINDOWS\system32;C:\WINDOWS;C:\WINDOWS\System32\Wbem;C:\WINDOWS\System32\WindowsPowerShell\v1.0\;C:\WINDOWS\System32\OpenSSH\;C:\Program Files\dotnet\;C:\PROGRA~2\PICC;C:\Program Files\Git\cmd;C:\ProgramData\chocolatey\bin;C:\Program Files\nodejs\;C:\Program Files (x86)\Gpg4win\..\GnuPG\bin;C:\Users\ceiv0\AppData\Local\Microsoft\WindowsApps;C:\Users\ceiv0\AppData\Local\Muse Hub\lib;C:\Users\ceiv0\AppData\Local\Programs\Microsoft VS Code\bin;C:\Users\ceiv0\AppData\Local\GitHubDesktop\bin;C:\Users\ceiv0\AppData\Roaming\npm
USERNAME=ceiv0
OS=Windows_NT
PROCESSOR_IDENTIFIER=AMD64 Family 23 Model 104 Stepping 1, AuthenticAMD
TMP=C:\Users\ceiv0\AppData\Local\Temp
TEMP=C:\Users\ceiv0\AppData\Local\Temp



Periodic native trim disabled


---------------  S Y S T E M  ---------------

OS:
 Windows 11 , 64 bit Build 22621 (10.0.22621.5262)
OS uptime: 1 days 19:20 hours
Hyper-V role detected

CPU: total 8 (initial active 8) (8 cores per cpu, 2 threads per core) family 23 model 104 stepping 1 microcode 0x0, cx8, cmov, fxsr, ht, mmx, 3dnowpref, sse, sse2, sse3, ssse3, sse4a, sse4.1, sse4.2, popcnt, lzcnt, tsc, tscinvbit, avx, avx2, aes, clmul, bmi1, bmi2, adx, sha, fma, vzeroupper, clflush, clflushopt, hv
Processor Information for processor 0
  Max Mhz: 2600, Current Mhz: 1896, Mhz Limit: 2600
Processor Information for processor 1
  Max Mhz: 2600, Current Mhz: 1896, Mhz Limit: 2600
Processor Information for processor 2
  Max Mhz: 2600, Current Mhz: 1896, Mhz Limit: 2600
Processor Information for processor 3
  Max Mhz: 2600, Current Mhz: 1789, Mhz Limit: 2600
Processor Information for processor 4
  Max Mhz: 2600, Current Mhz: 1789, Mhz Limit: 2600
Processor Information for processor 5
  Max Mhz: 2600, Current Mhz: 1789, Mhz Limit: 2600
Processor Information for processor 6
  Max Mhz: 2600, Current Mhz: 1789, Mhz Limit: 2600
Processor Information for processor 7
  Max Mhz: 2600, Current Mhz: 1789, Mhz Limit: 2600

Memory: 4k page, system-wide physical 6005M (242M free)
TotalPageFile size 24437M (AvailPageFile size 92M)
current process WorkingSet (physical memory assigned to process): 374M, peak: 386M
current process commit charge ("private bytes"): 423M, peak: 554M

vm_info: OpenJDK 64-Bit Server VM (17.0.14+7) for windows-amd64 JRE (17.0.14+7), built on Jan 21 2025 23:40:15 by "admin" with MS VC++ 17.7 (VS2022)

END.
