#
# There is insufficient memory for the Java Runtime Environment to continue.
# Native memory allocation (mmap) failed to map 270532608 bytes. Error detail: G1 virtual space
# Possible reasons:
#   The system is out of physical RAM or swap space
#   This process is running with CompressedOops enabled, and the Java Heap may be blocking the growth of the native heap
# Possible solutions:
#   Reduce memory load on the system
#   Increase physical memory or swap space
#   Check if swap backing store is full
#   Decrease Java heap size (-Xmx/-Xms)
#   Decrease number of Java threads
#   Decrease Java thread stack sizes (-Xss)
#   Set larger code cache with -XX:ReservedCodeCacheSize=
#   JVM is running with Unscaled Compressed Oops mode in which the Java heap is
#     placed in the first 4GB address space. The Java Heap base address is the
#     maximum limit for the native heap growth. Please use -XX:HeapBaseMinAddress
#     to set the Java Heap base and to place the Java Heap above 4GB virtual address.
# This output file may be truncated or incomplete.
#
#  Out of Memory Error (os_windows.cpp:3618), pid=1948, tid=19084
#
# JRE version: OpenJDK Runtime Environment Temurin-17.0.14+7 (17.0.14+7) (build 17.0.14+7)
# Java VM: OpenJDK 64-Bit Server VM Temurin-17.0.14+7 (17.0.14+7, mixed mode, sharing, tiered, compressed oops, compressed class ptrs, g1 gc, windows-amd64)
# No core dump will be written. Minidumps are not enabled by default on client versions of Windows
#

---------------  S U M M A R Y ------------

Command Line: --add-opens=java.base/java.lang=ALL-UNNAMED --add-opens=java.base/java.lang.invoke=ALL-UNNAMED --add-opens=java.base/java.util=ALL-UNNAMED --add-opens=java.prefs/java.util.prefs=ALL-UNNAMED --add-exports=jdk.compiler/com.sun.tools.javac.api=ALL-UNNAMED --add-exports=jdk.compiler/com.sun.tools.javac.util=ALL-UNNAMED --add-opens=java.base/java.util=ALL-UNNAMED --add-opens=java.prefs/java.util.prefs=ALL-UNNAMED --add-opens=java.base/java.nio.charset=ALL-UNNAMED --add-opens=java.base/java.net=ALL-UNNAMED --add-opens=java.base/java.util.concurrent.atomic=ALL-UNNAMED --add-opens=java.xml/javax.xml.namespace=ALL-UNNAMED -Xmx2048m -Dfile.encoding=UTF-8 -Duser.country=MX -Duser.language=es -Duser.variant -javaagent:C:\Users\ceiv0\.gradle\wrapper\dists\gradle-8.11.1-bin\bpt9gzteqjrbo1mjrsomdt32c\gradle-8.11.1\lib\agents\gradle-instrumentation-agent-8.11.1.jar org.gradle.launcher.daemon.bootstrap.GradleDaemon 8.11.1

Host: AMD Ryzen 3 5300U with Radeon Graphics         , 8 cores, 5G,  Windows 11 , 64 bit Build 22621 (10.0.22621.5124)
Time: Thu May 15 01:47:05 2025 Hora estándar central (México) elapsed time: 26.238042 seconds (0d 0h 0m 26s)

---------------  T H R E A D  ---------------

Current thread (0x000001d78617a870):  VMThread "VM Thread" [stack: 0x000000821d900000,0x000000821da00000] [id=19084]

Stack: [0x000000821d900000,0x000000821da00000]
Native frames: (J=compiled Java code, j=interpreted, Vv=VM code, C=native code)
V  [jvm.dll+0x682eb9]
V  [jvm.dll+0x8399c8]
V  [jvm.dll+0x83b473]
V  [jvm.dll+0x83bae3]
V  [jvm.dll+0x24715f]
V  [jvm.dll+0x67fc99]
V  [jvm.dll+0x674b8a]
V  [jvm.dll+0x304c06]
V  [jvm.dll+0x30c0c6]
V  [jvm.dll+0x35dc3e]
V  [jvm.dll+0x35de7d]
V  [jvm.dll+0x2dbfcc]
V  [jvm.dll+0x2da36f]
V  [jvm.dll+0x2d9adc]
V  [jvm.dll+0x31d2bb]
V  [jvm.dll+0x84031d]
V  [jvm.dll+0x841053]
V  [jvm.dll+0x84157f]
V  [jvm.dll+0x841964]
V  [jvm.dll+0x841a2e]
V  [jvm.dll+0x7e948c]
V  [jvm.dll+0x681d97]
C  [ucrtbase.dll+0x29333]
C  [KERNEL32.DLL+0x1259d]
C  [ntdll.dll+0x5af38]

VM_Operation (0x00000082229fd590): G1CollectForAllocation, mode: safepoint, requested by thread 0x000001d7d28a4290


---------------  P R O C E S S  ---------------

Threads class SMR info:
_java_thread_list=0x000001d7d283e660, length=74, elements={
0x000001d7e7c6dc90, 0x000001d78617dab0, 0x000001d78617e930, 0x000001d7861932c0,
0x000001d786194e90, 0x000001d786195a50, 0x000001d786198420, 0x000001d7861991c0,
0x000001d78619ac80, 0x000001d78619d690, 0x000001d7861694c0, 0x000001d78656b800,
0x000001d7cc9df920, 0x000001d7cd0d9060, 0x000001d7cd1c0770, 0x000001d7cc5a8c50,
0x000001d7cd2de980, 0x000001d7cd2218f0, 0x000001d7cd222820, 0x000001d7cd221e00,
0x000001d7cd21fa90, 0x000001d7cd220ed0, 0x000001d7cd21ffa0, 0x000001d7cd222310,
0x000001d7cd21f580, 0x000001d7cd21f070, 0x000001d7cd2204b0, 0x000001d7cd2209c0,
0x000001d7cd2213e0, 0x000001d7d0651ea0, 0x000001d7d0650f70, 0x000001d7d0651990,
0x000001d7d0651480, 0x000001d7d0650550, 0x000001d7d06523b0, 0x000001d7d064b450,
0x000001d7d064af40, 0x000001d7d064b960, 0x000001d7d064c380, 0x000001d7d064e1e0,
0x000001d7d0650040, 0x000001d7d064e6f0, 0x000001d7d0650a60, 0x000001d7d064ec00,
0x000001d7d064be70, 0x000001d7d064c890, 0x000001d7d064f110, 0x000001d7d064d2b0,
0x000001d7d064d7c0, 0x000001d7d064dcd0, 0x000001d7d064f620, 0x000001d7ceab4730,
0x000001d7ceab5b70, 0x000001d7ceab23c0, 0x000001d7ceab5150, 0x000001d7ceab3d10,
0x000001d7ceab8e10, 0x000001d7ceab4220, 0x000001d7d064aa30, 0x000001d7d28a51c0,
0x000001d7d28a56d0, 0x000001d7d28a60f0, 0x000001d7d28a5be0, 0x000001d7d28a6600,
0x000001d7d28a6b10, 0x000001d7d28a7530, 0x000001d7d28a7020, 0x000001d7d28a0ae0,
0x000001d7d28a2e50, 0x000001d7d28a1500, 0x000001d7d28a4290, 0x000001d7d28a0ff0,
0x000001d7d28a05d0, 0x000001d7d28a4cb0
}

Java Threads: ( => current thread )
  0x000001d7e7c6dc90 JavaThread "main" [_thread_blocked, id=6124, stack(0x000000821d300000,0x000000821d400000)]
  0x000001d78617dab0 JavaThread "Reference Handler" daemon [_thread_blocked, id=19984, stack(0x000000821da00000,0x000000821db00000)]
  0x000001d78617e930 JavaThread "Finalizer" daemon [_thread_blocked, id=10020, stack(0x000000821db00000,0x000000821dc00000)]
  0x000001d7861932c0 JavaThread "Signal Dispatcher" daemon [_thread_blocked, id=17948, stack(0x000000821dc00000,0x000000821dd00000)]
  0x000001d786194e90 JavaThread "Attach Listener" daemon [_thread_blocked, id=2484, stack(0x000000821dd00000,0x000000821de00000)]
  0x000001d786195a50 JavaThread "Service Thread" daemon [_thread_blocked, id=4716, stack(0x000000821de00000,0x000000821df00000)]
  0x000001d786198420 JavaThread "Monitor Deflation Thread" daemon [_thread_blocked, id=3124, stack(0x000000821df00000,0x000000821e000000)]
  0x000001d7861991c0 JavaThread "C2 CompilerThread0" daemon [_thread_blocked, id=6964, stack(0x000000821e000000,0x000000821e100000)]
  0x000001d78619ac80 JavaThread "C1 CompilerThread0" daemon [_thread_blocked, id=14716, stack(0x000000821e100000,0x000000821e200000)]
  0x000001d78619d690 JavaThread "Sweeper thread" daemon [_thread_blocked, id=19612, stack(0x000000821e200000,0x000000821e300000)]
  0x000001d7861694c0 JavaThread "Common-Cleaner" daemon [_thread_blocked, id=9864, stack(0x000000821e300000,0x000000821e400000)]
  0x000001d78656b800 JavaThread "Notification Thread" daemon [_thread_blocked, id=5672, stack(0x000000821e400000,0x000000821e500000)]
  0x000001d7cc9df920 JavaThread "Daemon health stats" [_thread_blocked, id=4052, stack(0x000000821e700000,0x000000821e800000)]
  0x000001d7cd0d9060 JavaThread "Incoming local TCP Connector on port 53816" [_thread_in_native, id=7292, stack(0x000000821ec00000,0x000000821ed00000)]
  0x000001d7cd1c0770 JavaThread "Daemon periodic checks" [_thread_blocked, id=17276, stack(0x000000821ed00000,0x000000821ee00000)]
  0x000001d7cc5a8c50 JavaThread "Daemon" [_thread_blocked, id=12880, stack(0x000000821ee00000,0x000000821ef00000)]
  0x000001d7cd2de980 JavaThread "Handler for socket connection from /127.0.0.1:53816 to /127.0.0.1:53817" [_thread_in_native, id=19828, stack(0x000000821ef00000,0x000000821f000000)]
  0x000001d7cd2218f0 JavaThread "Cancel handler" [_thread_blocked, id=12868, stack(0x000000821f000000,0x000000821f100000)]
  0x000001d7cd222820 JavaThread "Daemon worker" [_thread_blocked, id=20088, stack(0x000000821f100000,0x000000821f200000)]
  0x000001d7cd221e00 JavaThread "Asynchronous log dispatcher for DefaultDaemonConnection: socket connection from /127.0.0.1:53816 to /127.0.0.1:53817" [_thread_blocked, id=19304, stack(0x000000821f200000,0x000000821f300000)]
  0x000001d7cd21fa90 JavaThread "Stdin handler" [_thread_blocked, id=18096, stack(0x000000821f300000,0x000000821f400000)]
  0x000001d7cd220ed0 JavaThread "Daemon client event forwarder" [_thread_blocked, id=1064, stack(0x000000821f400000,0x000000821f500000)]
  0x000001d7cd21ffa0 JavaThread "Cache worker for journal cache (C:\Users\ceiv0\.gradle\caches\journal-1)" [_thread_blocked, id=15712, stack(0x000000821f800000,0x000000821f900000)]
  0x000001d7cd222310 JavaThread "File lock request listener" [_thread_in_native, id=2908, stack(0x000000821f900000,0x000000821fa00000)]
  0x000001d7cd21f580 JavaThread "Cache worker for file hash cache (C:\Users\ceiv0\.gradle\caches\8.11.1\fileHashes)" [_thread_blocked, id=17008, stack(0x000000821fa00000,0x000000821fb00000)]
  0x000001d7cd21f070 JavaThread "Cache worker for file content cache (C:\Users\ceiv0\.gradle\caches\8.11.1\fileContent)" [_thread_blocked, id=15796, stack(0x000000821fb00000,0x000000821fc00000)]
  0x000001d7cd2204b0 JavaThread "Cache worker for file hash cache (C:\Users\ceiv0\OneDrive\Documentos\GitHub\SkulfulHarmony\.gradle\8.11.1\fileHashes)" [_thread_blocked, id=11680, stack(0x000000821fc00000,0x000000821fd00000)]
  0x000001d7cd2209c0 JavaThread "Cache worker for Build Output Cleanup Cache (C:\Users\ceiv0\OneDrive\Documentos\GitHub\SkulfulHarmony\.gradle\buildOutputCleanup)" [_thread_blocked, id=19592, stack(0x000000821fd00000,0x000000821fe00000)]
  0x000001d7cd2213e0 JavaThread "File watcher server" daemon [_thread_blocked, id=13332, stack(0x000000821ff00000,0x0000008220000000)]
  0x000001d7d0651ea0 JavaThread "File watcher consumer" daemon [_thread_blocked, id=19280, stack(0x0000008220000000,0x0000008220100000)]
  0x000001d7d0650f70 JavaThread "Cache worker for checksums cache (C:\Users\ceiv0\OneDrive\Documentos\GitHub\SkulfulHarmony\.gradle\8.11.1\checksums)" [_thread_blocked, id=11372, stack(0x0000008220100000,0x0000008220200000)]
  0x000001d7d0651990 JavaThread "Cache worker for cache directory md-rule (C:\Users\ceiv0\.gradle\caches\8.11.1\md-rule)" [_thread_blocked, id=12348, stack(0x0000008220200000,0x0000008220300000)]
  0x000001d7d0651480 JavaThread "Cache worker for cache directory md-supplier (C:\Users\ceiv0\.gradle\caches\8.11.1\md-supplier)" [_thread_blocked, id=9840, stack(0x0000008220300000,0x0000008220400000)]
  0x000001d7d0650550 JavaThread "Unconstrained build operations" [_thread_blocked, id=19792, stack(0x0000008220500000,0x0000008220600000)]
  0x000001d7d06523b0 JavaThread "Unconstrained build operations Thread 2" [_thread_blocked, id=8416, stack(0x0000008220600000,0x0000008220700000)]
  0x000001d7d064b450 JavaThread "Unconstrained build operations Thread 3" [_thread_blocked, id=15620, stack(0x0000008220700000,0x0000008220800000)]
  0x000001d7d064af40 JavaThread "Unconstrained build operations Thread 4" [_thread_blocked, id=17600, stack(0x0000008220800000,0x0000008220900000)]
  0x000001d7d064b960 JavaThread "Unconstrained build operations Thread 5" [_thread_blocked, id=9132, stack(0x0000008220900000,0x0000008220a00000)]
  0x000001d7d064c380 JavaThread "Unconstrained build operations Thread 6" [_thread_blocked, id=13160, stack(0x0000008220a00000,0x0000008220b00000)]
  0x000001d7d064e1e0 JavaThread "Unconstrained build operations Thread 7" [_thread_blocked, id=13008, stack(0x0000008220b00000,0x0000008220c00000)]
  0x000001d7d0650040 JavaThread "Unconstrained build operations Thread 8" [_thread_blocked, id=1380, stack(0x0000008220c00000,0x0000008220d00000)]
  0x000001d7d064e6f0 JavaThread "Unconstrained build operations Thread 9" [_thread_blocked, id=13888, stack(0x0000008220d00000,0x0000008220e00000)]
  0x000001d7d0650a60 JavaThread "Unconstrained build operations Thread 10" [_thread_blocked, id=19392, stack(0x0000008220e00000,0x0000008220f00000)]
  0x000001d7d064ec00 JavaThread "Unconstrained build operations Thread 11" [_thread_blocked, id=19696, stack(0x0000008220f00000,0x0000008221000000)]
  0x000001d7d064be70 JavaThread "Unconstrained build operations Thread 12" [_thread_blocked, id=5544, stack(0x0000008221000000,0x0000008221100000)]
  0x000001d7d064c890 JavaThread "Unconstrained build operations Thread 13" [_thread_blocked, id=6536, stack(0x0000008221100000,0x0000008221200000)]
  0x000001d7d064f110 JavaThread "Unconstrained build operations Thread 14" [_thread_blocked, id=17728, stack(0x0000008221200000,0x0000008221300000)]
  0x000001d7d064d2b0 JavaThread "Unconstrained build operations Thread 15" [_thread_blocked, id=20344, stack(0x0000008221300000,0x0000008221400000)]
  0x000001d7d064d7c0 JavaThread "Unconstrained build operations Thread 16" [_thread_blocked, id=20148, stack(0x0000008221400000,0x0000008221500000)]
  0x000001d7d064dcd0 JavaThread "Unconstrained build operations Thread 17" [_thread_blocked, id=14924, stack(0x0000008221500000,0x0000008221600000)]
  0x000001d7d064f620 JavaThread "Unconstrained build operations Thread 18" [_thread_blocked, id=8776, stack(0x0000008221600000,0x0000008221700000)]
  0x000001d7ceab4730 JavaThread "Unconstrained build operations Thread 19" [_thread_blocked, id=16512, stack(0x0000008221700000,0x0000008221800000)]
  0x000001d7ceab5b70 JavaThread "Unconstrained build operations Thread 20" [_thread_blocked, id=9088, stack(0x0000008221800000,0x0000008221900000)]
  0x000001d7ceab23c0 JavaThread "Unconstrained build operations Thread 21" [_thread_blocked, id=5352, stack(0x0000008221900000,0x0000008221a00000)]
  0x000001d7ceab5150 JavaThread "Memory manager" [_thread_blocked, id=7640, stack(0x0000008221a00000,0x0000008221b00000)]
  0x000001d7ceab3d10 JavaThread "included builds" [_thread_blocked, id=14500, stack(0x000000821e600000,0x000000821e700000)]
  0x000001d7ceab8e10 JavaThread "Execution worker" [_thread_blocked, id=18564, stack(0x0000008221b00000,0x0000008221c00000)]
  0x000001d7ceab4220 JavaThread "Execution worker Thread 2" [_thread_blocked, id=18868, stack(0x0000008221c00000,0x0000008221d00000)]
  0x000001d7d064aa30 JavaThread "Execution worker Thread 3" [_thread_blocked, id=16924, stack(0x0000008221d00000,0x0000008221e00000)]
  0x000001d7d28a51c0 JavaThread "Execution worker Thread 4" [_thread_blocked, id=17516, stack(0x0000008221e00000,0x0000008221f00000)]
  0x000001d7d28a56d0 JavaThread "Execution worker Thread 5" [_thread_blocked, id=20096, stack(0x0000008221f00000,0x0000008222000000)]
  0x000001d7d28a60f0 JavaThread "Execution worker Thread 6" [_thread_blocked, id=4192, stack(0x0000008222000000,0x0000008222100000)]
  0x000001d7d28a5be0 JavaThread "Execution worker Thread 7" [_thread_blocked, id=16516, stack(0x0000008222100000,0x0000008222200000)]
  0x000001d7d28a6600 JavaThread "Cache worker for execution history cache (C:\Users\ceiv0\OneDrive\Documentos\GitHub\SkulfulHarmony\.gradle\8.11.1\executionHistory)" [_thread_blocked, id=17868, stack(0x0000008222200000,0x0000008222300000)]
  0x000001d7d28a6b10 JavaThread "Unconstrained build operations Thread 22" [_thread_blocked, id=12824, stack(0x0000008222300000,0x0000008222400000)]
  0x000001d7d28a7530 JavaThread "Unconstrained build operations Thread 23" [_thread_blocked, id=2332, stack(0x0000008222400000,0x0000008222500000)]
  0x000001d7d28a7020 JavaThread "WorkerExecutor Queue" [_thread_blocked, id=17996, stack(0x0000008222500000,0x0000008222600000)]
  0x000001d7d28a0ae0 JavaThread "Unconstrained build operations Thread 24" [_thread_blocked, id=15596, stack(0x0000008222600000,0x0000008222700000)]
  0x000001d7d28a2e50 JavaThread "Unconstrained build operations Thread 25" [_thread_blocked, id=19204, stack(0x0000008222700000,0x0000008222800000)]
  0x000001d7d28a1500 JavaThread "Unconstrained build operations Thread 26" [_thread_blocked, id=9592, stack(0x0000008222800000,0x0000008222900000)]
  0x000001d7d28a4290 JavaThread "Unconstrained build operations Thread 27" [_thread_blocked, id=8508, stack(0x0000008222900000,0x0000008222a00000)]
  0x000001d7d28a0ff0 JavaThread "Unconstrained build operations Thread 28" [_thread_blocked, id=10716, stack(0x0000008222a00000,0x0000008222b00000)]
  0x000001d7d28a05d0 JavaThread "Unconstrained build operations Thread 29" [_thread_blocked, id=7452, stack(0x0000008222b00000,0x0000008222c00000)]
  0x000001d7d28a4cb0 JavaThread "Unconstrained build operations Thread 30" [_thread_blocked, id=15352, stack(0x0000008222c00000,0x0000008222d00000)]

Other Threads:
=>0x000001d78617a870 VMThread "VM Thread" [stack: 0x000000821d900000,0x000000821da00000] [id=19084]
  0x000001d7864b3980 WatcherThread [stack: 0x000000821e500000,0x000000821e600000] [id=12108]
  0x000001d7e7cc7b90 GCTaskThread "GC Thread#0" [stack: 0x000000821d400000,0x000000821d500000] [id=18400]
  0x000001d7869d25b0 GCTaskThread "GC Thread#1" [stack: 0x000000821e800000,0x000000821e900000] [id=17736]
  0x000001d78658dbf0 GCTaskThread "GC Thread#2" [stack: 0x000000821e900000,0x000000821ea00000] [id=17084]
  0x000001d7cc65a810 GCTaskThread "GC Thread#3" [stack: 0x000000821ea00000,0x000000821eb00000] [id=18496]
  0x000001d7cc4996f0 GCTaskThread "GC Thread#4" [stack: 0x000000821eb00000,0x000000821ec00000] [id=15080]
  0x000001d7cc7945f0 GCTaskThread "GC Thread#5" [stack: 0x000000821f500000,0x000000821f600000] [id=7460]
  0x000001d7cd2cde50 GCTaskThread "GC Thread#6" [stack: 0x000000821f600000,0x000000821f700000] [id=19336]
  0x000001d7cd4f1160 GCTaskThread "GC Thread#7" [stack: 0x000000821f700000,0x000000821f800000] [id=3940]
  0x000001d7e7cd8ae0 ConcurrentGCThread "G1 Main Marker" [stack: 0x000000821d500000,0x000000821d600000] [id=3908]
  0x000001d7e7cd9500 ConcurrentGCThread "G1 Conc#0" [stack: 0x000000821d600000,0x000000821d700000] [id=7136]
  0x000001d7cd5e4070 ConcurrentGCThread "G1 Conc#1" [stack: 0x000000821fe00000,0x000000821ff00000] [id=19564]
  0x000001d7860320c0 ConcurrentGCThread "G1 Refine#0" [stack: 0x000000821d700000,0x000000821d800000] [id=18440]
  0x000001d7cfc3ad20 ConcurrentGCThread "G1 Refine#1" [stack: 0x0000008220400000,0x0000008220500000] [id=20156]
  0x000001d786032af0 ConcurrentGCThread "G1 Service" [stack: 0x000000821d800000,0x000000821d900000] [id=1880]

Threads with active compile tasks:
C2 CompilerThread0    26281 10946       4       org.gradle.api.internal.attributes.DefaultImmutableAttributesFactory::lambda$doConcatIsolatable$0 (118 bytes)
C1 CompilerThread0    26281 11415       2       org.gradle.internal.execution.steps.UpToDateResult::<init> (29 bytes)

VM state: at safepoint (normal execution)

VM Mutex/Monitor currently owned by a thread:  ([mutex/lock_event])
[0x000001d7e7c69c40] Threads_lock - owner thread: 0x000001d78617a870
[0x000001d7e7c6a1e0] Heap_lock - owner thread: 0x000001d7d28a4290

Heap address: 0x0000000080000000, size: 2048 MB, Compressed Oops mode: 32-bit

CDS archive(s) mapped at: [0x000001d787000000-0x000001d787bb0000-0x000001d787bb0000), size 12255232, SharedBaseAddress: 0x000001d787000000, ArchiveRelocationMode: 1.
Compressed class space mapped at: 0x000001d788000000-0x000001d7c8000000, reserved size: 1073741824
Narrow klass base: 0x000001d787000000, Narrow klass shift: 0, Narrow klass range: 0x100000000

GC Precious Log:
 CPUs: 8 total, 8 available
 Memory: 6005M
 Large Page Support: Disabled
 NUMA Support: Disabled
 Compressed Oops: Enabled (32-bit)
 Heap Region Size: 1M
 Heap Min Capacity: 8M
 Heap Initial Capacity: 94M
 Heap Max Capacity: 2G
 Pre-touch: Disabled
 Parallel Workers: 8
 Concurrent Workers: 2
 Concurrent Refinement Workers: 8
 Periodic GC: Disabled

Heap:
 garbage-first heap   total 153600K, used 91177K [0x0000000080000000, 0x0000000100000000)
  region size 1024K, 3 young (3072K), 3 survivors (3072K)
 Metaspace       used 89149K, committed 90048K, reserved 1179648K
  class space    used 12474K, committed 12928K, reserved 1048576K

Heap Regions: E=young(eden), S=young(survivor), O=old, HS=humongous(starts), HC=humongous(continues), CS=collection set, F=free, OA=open archive, CA=closed archive, TAMS=top-at-mark-start (previous, next)
|   0|0x0000000080000000, 0x0000000080100000, 0x0000000080100000|100%| O|  |TAMS 0x0000000080100000, 0x0000000080100000| Untracked 
|   1|0x0000000080100000, 0x0000000080200000, 0x0000000080200000|100%|HS|  |TAMS 0x0000000080200000, 0x0000000080200000| Complete 
|   2|0x0000000080200000, 0x0000000080300000, 0x0000000080300000|100%|HC|  |TAMS 0x0000000080300000, 0x0000000080300000| Complete 
|   3|0x0000000080300000, 0x0000000080400000, 0x0000000080400000|100%|HC|  |TAMS 0x0000000080400000, 0x0000000080400000| Complete 
|   4|0x0000000080400000, 0x0000000080500000, 0x0000000080500000|100%| O|  |TAMS 0x0000000080500000, 0x0000000080500000| Untracked 
|   5|0x0000000080500000, 0x0000000080600000, 0x0000000080600000|100%| O|  |TAMS 0x0000000080600000, 0x0000000080600000| Untracked 
|   6|0x0000000080600000, 0x0000000080700000, 0x0000000080700000|100%| O|  |TAMS 0x0000000080700000, 0x0000000080700000| Untracked 
|   7|0x0000000080700000, 0x0000000080800000, 0x0000000080800000|100%|HS|  |TAMS 0x0000000080800000, 0x0000000080800000| Complete 
|   8|0x0000000080800000, 0x0000000080900000, 0x0000000080900000|100%| O|  |TAMS 0x0000000080900000, 0x0000000080900000| Untracked 
|   9|0x0000000080900000, 0x0000000080a00000, 0x0000000080a00000|100%| O|  |TAMS 0x0000000080a00000, 0x0000000080a00000| Untracked 
|  10|0x0000000080a00000, 0x0000000080b00000, 0x0000000080b00000|100%| O|  |TAMS 0x0000000080b00000, 0x0000000080b00000| Untracked 
|  11|0x0000000080b00000, 0x0000000080c00000, 0x0000000080c00000|100%| O|  |TAMS 0x0000000080c00000, 0x0000000080c00000| Untracked 
|  12|0x0000000080c00000, 0x0000000080d00000, 0x0000000080d00000|100%| O|  |TAMS 0x0000000080d00000, 0x0000000080d00000| Untracked 
|  13|0x0000000080d00000, 0x0000000080e00000, 0x0000000080e00000|100%| O|  |TAMS 0x0000000080e00000, 0x0000000080e00000| Untracked 
|  14|0x0000000080e00000, 0x0000000080f00000, 0x0000000080f00000|100%| O|  |TAMS 0x0000000080f00000, 0x0000000080f00000| Untracked 
|  15|0x0000000080f00000, 0x0000000081000000, 0x0000000081000000|100%| O|  |TAMS 0x0000000081000000, 0x0000000081000000| Untracked 
|  16|0x0000000081000000, 0x0000000081100000, 0x0000000081100000|100%| O|  |TAMS 0x0000000081100000, 0x0000000081100000| Untracked 
|  17|0x0000000081100000, 0x0000000081200000, 0x0000000081200000|100%| O|  |TAMS 0x0000000081200000, 0x0000000081200000| Untracked 
|  18|0x0000000081200000, 0x0000000081300000, 0x0000000081300000|100%| O|  |TAMS 0x0000000081300000, 0x0000000081300000| Untracked 
|  19|0x0000000081300000, 0x0000000081300000, 0x0000000081400000|  0%| F|  |TAMS 0x0000000081300000, 0x0000000081300000| Untracked 
|  20|0x0000000081400000, 0x0000000081500000, 0x0000000081500000|100%| O|  |TAMS 0x0000000081500000, 0x0000000081500000| Untracked 
|  21|0x0000000081500000, 0x0000000081600000, 0x0000000081600000|100%| O|  |TAMS 0x0000000081600000, 0x0000000081600000| Untracked 
|  22|0x0000000081600000, 0x0000000081700000, 0x0000000081700000|100%| O|  |TAMS 0x0000000081700000, 0x0000000081700000| Untracked 
|  23|0x0000000081700000, 0x0000000081800000, 0x0000000081800000|100%| O|  |TAMS 0x0000000081800000, 0x0000000081800000| Untracked 
|  24|0x0000000081800000, 0x0000000081900000, 0x0000000081900000|100%| O|  |TAMS 0x0000000081900000, 0x0000000081900000| Untracked 
|  25|0x0000000081900000, 0x0000000081a00000, 0x0000000081a00000|100%| O|  |TAMS 0x0000000081a00000, 0x0000000081a00000| Untracked 
|  26|0x0000000081a00000, 0x0000000081b00000, 0x0000000081b00000|100%| O|  |TAMS 0x0000000081b00000, 0x0000000081b00000| Untracked 
|  27|0x0000000081b00000, 0x0000000081c00000, 0x0000000081c00000|100%| O|  |TAMS 0x0000000081c00000, 0x0000000081c00000| Untracked 
|  28|0x0000000081c00000, 0x0000000081d00000, 0x0000000081d00000|100%| O|  |TAMS 0x0000000081d00000, 0x0000000081d00000| Untracked 
|  29|0x0000000081d00000, 0x0000000081e00000, 0x0000000081e00000|100%| O|  |TAMS 0x0000000081e00000, 0x0000000081e00000| Untracked 
|  30|0x0000000081e00000, 0x0000000081f00000, 0x0000000081f00000|100%| O|  |TAMS 0x0000000081f00000, 0x0000000081f00000| Untracked 
|  31|0x0000000081f00000, 0x0000000082000000, 0x0000000082000000|100%| O|  |TAMS 0x0000000082000000, 0x0000000082000000| Untracked 
|  32|0x0000000082000000, 0x0000000082100000, 0x0000000082100000|100%| O|  |TAMS 0x0000000082100000, 0x0000000082100000| Untracked 
|  33|0x0000000082100000, 0x0000000082200000, 0x0000000082200000|100%| O|  |TAMS 0x0000000082200000, 0x0000000082200000| Untracked 
|  34|0x0000000082200000, 0x0000000082300000, 0x0000000082300000|100%| O|  |TAMS 0x0000000082300000, 0x0000000082300000| Untracked 
|  35|0x0000000082300000, 0x0000000082400000, 0x0000000082400000|100%| O|  |TAMS 0x0000000082400000, 0x0000000082400000| Untracked 
|  36|0x0000000082400000, 0x0000000082500000, 0x0000000082500000|100%| O|  |TAMS 0x0000000082500000, 0x0000000082500000| Untracked 
|  37|0x0000000082500000, 0x0000000082600000, 0x0000000082600000|100%| O|  |TAMS 0x0000000082600000, 0x0000000082600000| Untracked 
|  38|0x0000000082600000, 0x0000000082700000, 0x0000000082700000|100%| O|  |TAMS 0x0000000082700000, 0x0000000082700000| Untracked 
|  39|0x0000000082700000, 0x0000000082800000, 0x0000000082800000|100%| O|  |TAMS 0x0000000082800000, 0x0000000082800000| Untracked 
|  40|0x0000000082800000, 0x0000000082900000, 0x0000000082900000|100%|HS|  |TAMS 0x0000000082900000, 0x0000000082900000| Complete 
|  41|0x0000000082900000, 0x0000000082a00000, 0x0000000082a00000|100%|HS|  |TAMS 0x0000000082a00000, 0x0000000082a00000| Complete 
|  42|0x0000000082a00000, 0x0000000082b00000, 0x0000000082b00000|100%|HS|  |TAMS 0x0000000082b00000, 0x0000000082b00000| Complete 
|  43|0x0000000082b00000, 0x0000000082c00000, 0x0000000082c00000|100%|HS|  |TAMS 0x0000000082c00000, 0x0000000082c00000| Complete 
|  44|0x0000000082c00000, 0x0000000082d00000, 0x0000000082d00000|100%|HS|  |TAMS 0x0000000082d00000, 0x0000000082d00000| Complete 
|  45|0x0000000082d00000, 0x0000000082e00000, 0x0000000082e00000|100%| O|  |TAMS 0x0000000082d00000, 0x0000000082e00000| Untracked 
|  46|0x0000000082e00000, 0x0000000082f00000, 0x0000000082f00000|100%| O|  |TAMS 0x0000000082f00000, 0x0000000082f00000| Untracked 
|  47|0x0000000082f00000, 0x0000000083000000, 0x0000000083000000|100%| O|  |TAMS 0x0000000083000000, 0x0000000083000000| Untracked 
|  48|0x0000000083000000, 0x0000000083100000, 0x0000000083100000|100%| O|  |TAMS 0x0000000083100000, 0x0000000083100000| Untracked 
|  49|0x0000000083100000, 0x0000000083200000, 0x0000000083200000|100%| O|  |TAMS 0x0000000083200000, 0x0000000083200000| Untracked 
|  50|0x0000000083200000, 0x0000000083300000, 0x0000000083300000|100%| O|  |TAMS 0x0000000083300000, 0x0000000083300000| Untracked 
|  51|0x0000000083300000, 0x0000000083400000, 0x0000000083400000|100%| O|  |TAMS 0x0000000083400000, 0x0000000083400000| Untracked 
|  52|0x0000000083400000, 0x0000000083500000, 0x0000000083500000|100%| O|  |TAMS 0x0000000083500000, 0x0000000083500000| Untracked 
|  53|0x0000000083500000, 0x0000000083600000, 0x0000000083600000|100%| O|  |TAMS 0x0000000083600000, 0x0000000083600000| Untracked 
|  54|0x0000000083600000, 0x0000000083700000, 0x0000000083700000|100%|HS|  |TAMS 0x0000000083700000, 0x0000000083700000| Complete 
|  55|0x0000000083700000, 0x0000000083800000, 0x0000000083800000|100%| O|  |TAMS 0x0000000083800000, 0x0000000083800000| Untracked 
|  56|0x0000000083800000, 0x0000000083900000, 0x0000000083900000|100%| O|  |TAMS 0x0000000083900000, 0x0000000083900000| Untracked 
|  57|0x0000000083900000, 0x0000000083a00000, 0x0000000083a00000|100%| O|  |TAMS 0x0000000083a00000, 0x0000000083a00000| Untracked 
|  58|0x0000000083a00000, 0x0000000083b00000, 0x0000000083b00000|100%| O|  |TAMS 0x0000000083b00000, 0x0000000083b00000| Untracked 
|  59|0x0000000083b00000, 0x0000000083c00000, 0x0000000083c00000|100%| O|  |TAMS 0x0000000083c00000, 0x0000000083c00000| Untracked 
|  60|0x0000000083c00000, 0x0000000083d00000, 0x0000000083d00000|100%| O|  |TAMS 0x0000000083d00000, 0x0000000083d00000| Untracked 
|  61|0x0000000083d00000, 0x0000000083e00000, 0x0000000083e00000|100%|HS|  |TAMS 0x0000000083e00000, 0x0000000083e00000| Complete 
|  62|0x0000000083e00000, 0x0000000083f00000, 0x0000000083f00000|100%| O|  |TAMS 0x0000000083f00000, 0x0000000083f00000| Untracked 
|  63|0x0000000083f00000, 0x0000000084000000, 0x0000000084000000|100%| O|  |TAMS 0x0000000084000000, 0x0000000084000000| Untracked 
|  64|0x0000000084000000, 0x0000000084100000, 0x0000000084100000|100%| O|  |TAMS 0x0000000084100000, 0x0000000084100000| Untracked 
|  65|0x0000000084100000, 0x0000000084200000, 0x0000000084200000|100%| O|  |TAMS 0x0000000084200000, 0x0000000084200000| Untracked 
|  66|0x0000000084200000, 0x0000000084300000, 0x0000000084300000|100%| O|  |TAMS 0x0000000084300000, 0x0000000084300000| Untracked 
|  67|0x0000000084300000, 0x0000000084400000, 0x0000000084400000|100%| O|  |TAMS 0x0000000084400000, 0x0000000084400000| Untracked 
|  68|0x0000000084400000, 0x0000000084500000, 0x0000000084500000|100%| O|  |TAMS 0x0000000084500000, 0x0000000084500000| Untracked 
|  69|0x0000000084500000, 0x0000000084600000, 0x0000000084600000|100%| O|  |TAMS 0x0000000084600000, 0x0000000084600000| Untracked 
|  70|0x0000000084600000, 0x0000000084700000, 0x0000000084700000|100%| O|  |TAMS 0x0000000084700000, 0x0000000084700000| Untracked 
|  71|0x0000000084700000, 0x0000000084800000, 0x0000000084800000|100%| O|  |TAMS 0x0000000084800000, 0x0000000084800000| Untracked 
|  72|0x0000000084800000, 0x0000000084900000, 0x0000000084900000|100%| O|  |TAMS 0x0000000084900000, 0x0000000084900000| Untracked 
|  73|0x0000000084900000, 0x0000000084a00000, 0x0000000084a00000|100%| O|  |TAMS 0x0000000084a00000, 0x0000000084a00000| Untracked 
|  74|0x0000000084a00000, 0x0000000084b00000, 0x0000000084b00000|100%| O|  |TAMS 0x0000000084b00000, 0x0000000084b00000| Untracked 
|  75|0x0000000084b00000, 0x0000000084c00000, 0x0000000084c00000|100%| O|  |TAMS 0x0000000084c00000, 0x0000000084c00000| Untracked 
|  76|0x0000000084c00000, 0x0000000084d00000, 0x0000000084d00000|100%| O|  |TAMS 0x0000000084d00000, 0x0000000084d00000| Untracked 
|  77|0x0000000084d00000, 0x0000000084e00000, 0x0000000084e00000|100%| O|  |TAMS 0x0000000084e00000, 0x0000000084e00000| Untracked 
|  78|0x0000000084e00000, 0x0000000084f00000, 0x0000000084f00000|100%| O|  |TAMS 0x0000000084e2c800, 0x0000000084f00000| Untracked 
|  79|0x0000000084f00000, 0x0000000085000000, 0x0000000085000000|100%| O|  |TAMS 0x0000000084f00000, 0x0000000085000000| Untracked 
|  80|0x0000000085000000, 0x0000000085100000, 0x0000000085100000|100%| O|  |TAMS 0x0000000085000000, 0x0000000085100000| Untracked 
|  81|0x0000000085100000, 0x0000000085200000, 0x0000000085200000|100%| O|  |TAMS 0x0000000085100000, 0x0000000085200000| Untracked 
|  82|0x0000000085200000, 0x0000000085300000, 0x0000000085300000|100%| O|  |TAMS 0x0000000085200000, 0x0000000085300000| Untracked 
|  83|0x0000000085300000, 0x0000000085400000, 0x0000000085400000|100%| O|  |TAMS 0x0000000085300000, 0x0000000085400000| Untracked 
|  84|0x0000000085400000, 0x0000000085500000, 0x0000000085500000|100%| O|  |TAMS 0x0000000085400000, 0x0000000085500000| Untracked 
|  85|0x0000000085500000, 0x0000000085600000, 0x0000000085600000|100%| O|  |TAMS 0x0000000085500000, 0x0000000085600000| Untracked 
|  86|0x0000000085600000, 0x0000000085700000, 0x0000000085700000|100%| O|  |TAMS 0x0000000085600000, 0x0000000085700000| Untracked 
|  87|0x0000000085700000, 0x0000000085715a00, 0x0000000085800000|  8%| O|  |TAMS 0x0000000085700000, 0x0000000085715a00| Untracked 
|  88|0x0000000085800000, 0x0000000085800000, 0x0000000085900000|  0%| F|  |TAMS 0x0000000085800000, 0x0000000085800000| Untracked 
|  89|0x0000000085900000, 0x0000000085900000, 0x0000000085a00000|  0%| F|  |TAMS 0x0000000085900000, 0x0000000085900000| Untracked 
|  90|0x0000000085a00000, 0x0000000085a00000, 0x0000000085b00000|  0%| F|  |TAMS 0x0000000085a00000, 0x0000000085a00000| Untracked 
|  91|0x0000000085b00000, 0x0000000085b00000, 0x0000000085c00000|  0%| F|  |TAMS 0x0000000085b00000, 0x0000000085b00000| Untracked 
|  92|0x0000000085c00000, 0x0000000085c00000, 0x0000000085d00000|  0%| F|  |TAMS 0x0000000085c00000, 0x0000000085c00000| Untracked 
|  93|0x0000000085d00000, 0x0000000085d00000, 0x0000000085e00000|  0%| F|  |TAMS 0x0000000085d00000, 0x0000000085d00000| Untracked 
|  94|0x0000000085e00000, 0x0000000085e00000, 0x0000000085f00000|  0%| F|  |TAMS 0x0000000085e00000, 0x0000000085e00000| Untracked 
|  95|0x0000000085f00000, 0x0000000085f00000, 0x0000000086000000|  0%| F|  |TAMS 0x0000000085f00000, 0x0000000085f00000| Untracked 
|  96|0x0000000086000000, 0x0000000086000000, 0x0000000086100000|  0%| F|  |TAMS 0x0000000086000000, 0x0000000086000000| Untracked 
|  97|0x0000000086100000, 0x0000000086100000, 0x0000000086200000|  0%| F|  |TAMS 0x0000000086100000, 0x0000000086100000| Untracked 
|  98|0x0000000086200000, 0x0000000086200000, 0x0000000086300000|  0%| F|  |TAMS 0x0000000086200000, 0x0000000086200000| Untracked 
|  99|0x0000000086300000, 0x0000000086300000, 0x0000000086400000|  0%| F|  |TAMS 0x0000000086300000, 0x0000000086300000| Untracked 
| 100|0x0000000086400000, 0x0000000086400000, 0x0000000086500000|  0%| F|  |TAMS 0x0000000086400000, 0x0000000086400000| Untracked 
| 101|0x0000000086500000, 0x0000000086500000, 0x0000000086600000|  0%| F|  |TAMS 0x0000000086500000, 0x0000000086500000| Untracked 
| 102|0x0000000086600000, 0x0000000086600000, 0x0000000086700000|  0%| F|  |TAMS 0x0000000086600000, 0x0000000086600000| Untracked 
| 103|0x0000000086700000, 0x0000000086700000, 0x0000000086800000|  0%| F|  |TAMS 0x0000000086700000, 0x0000000086700000| Untracked 
| 104|0x0000000086800000, 0x0000000086800000, 0x0000000086900000|  0%| F|  |TAMS 0x0000000086800000, 0x0000000086800000| Untracked 
| 105|0x0000000086900000, 0x0000000086900000, 0x0000000086a00000|  0%| F|  |TAMS 0x0000000086900000, 0x0000000086900000| Untracked 
| 106|0x0000000086a00000, 0x0000000086a00000, 0x0000000086b00000|  0%| F|  |TAMS 0x0000000086a00000, 0x0000000086a00000| Untracked 
| 107|0x0000000086b00000, 0x0000000086b00000, 0x0000000086c00000|  0%| F|  |TAMS 0x0000000086b00000, 0x0000000086b00000| Untracked 
| 108|0x0000000086c00000, 0x0000000086c00000, 0x0000000086d00000|  0%| F|  |TAMS 0x0000000086c00000, 0x0000000086c00000| Untracked 
| 109|0x0000000086d00000, 0x0000000086d00000, 0x0000000086e00000|  0%| F|  |TAMS 0x0000000086d00000, 0x0000000086d00000| Untracked 
| 110|0x0000000086e00000, 0x0000000086ef4a28, 0x0000000086f00000| 95%| S|CS|TAMS 0x0000000086e00000, 0x0000000086e00000| Complete 
| 111|0x0000000086f00000, 0x0000000087000000, 0x0000000087000000|100%| S|CS|TAMS 0x0000000086f00000, 0x0000000086f00000| Complete 
| 112|0x0000000087000000, 0x0000000087100000, 0x0000000087100000|100%| S|CS|TAMS 0x0000000087000000, 0x0000000087000000| Complete 
| 113|0x0000000087100000, 0x0000000087100000, 0x0000000087200000|  0%| F|  |TAMS 0x0000000087100000, 0x0000000087100000| Untracked 
| 114|0x0000000087200000, 0x0000000087200000, 0x0000000087300000|  0%| F|  |TAMS 0x0000000087200000, 0x0000000087200000| Untracked 
| 115|0x0000000087300000, 0x0000000087300000, 0x0000000087400000|  0%| F|  |TAMS 0x0000000087300000, 0x0000000087300000| Untracked 
| 116|0x0000000087400000, 0x0000000087400000, 0x0000000087500000|  0%| F|  |TAMS 0x0000000087400000, 0x0000000087400000| Untracked 
| 117|0x0000000087500000, 0x0000000087500000, 0x0000000087600000|  0%| F|  |TAMS 0x0000000087500000, 0x0000000087500000| Untracked 
| 118|0x0000000087600000, 0x0000000087600000, 0x0000000087700000|  0%| F|  |TAMS 0x0000000087600000, 0x0000000087600000| Untracked 
| 119|0x0000000087700000, 0x0000000087700000, 0x0000000087800000|  0%| F|  |TAMS 0x0000000087700000, 0x0000000087700000| Untracked 
| 120|0x0000000087800000, 0x0000000087800000, 0x0000000087900000|  0%| F|  |TAMS 0x0000000087800000, 0x0000000087800000| Untracked 
| 121|0x0000000087900000, 0x0000000087900000, 0x0000000087a00000|  0%| F|  |TAMS 0x0000000087900000, 0x0000000087900000| Untracked 
| 122|0x0000000087a00000, 0x0000000087a00000, 0x0000000087b00000|  0%| F|  |TAMS 0x0000000087a00000, 0x0000000087a00000| Untracked 
| 123|0x0000000087b00000, 0x0000000087b00000, 0x0000000087c00000|  0%| F|  |TAMS 0x0000000087b00000, 0x0000000087b00000| Untracked 
| 124|0x0000000087c00000, 0x0000000087c00000, 0x0000000087d00000|  0%| F|  |TAMS 0x0000000087c00000, 0x0000000087c00000| Untracked 
| 125|0x0000000087d00000, 0x0000000087d00000, 0x0000000087e00000|  0%| F|  |TAMS 0x0000000087d00000, 0x0000000087d00000| Untracked 
| 126|0x0000000087e00000, 0x0000000087e00000, 0x0000000087f00000|  0%| F|  |TAMS 0x0000000087e00000, 0x0000000087e00000| Untracked 
| 127|0x0000000087f00000, 0x0000000087f00000, 0x0000000088000000|  0%| F|  |TAMS 0x0000000087f00000, 0x0000000087f00000| Untracked 
| 128|0x0000000088000000, 0x0000000088000000, 0x0000000088100000|  0%| F|  |TAMS 0x0000000088000000, 0x0000000088000000| Untracked 
| 129|0x0000000088100000, 0x0000000088100000, 0x0000000088200000|  0%| F|  |TAMS 0x0000000088100000, 0x0000000088100000| Untracked 
| 130|0x0000000088200000, 0x0000000088200000, 0x0000000088300000|  0%| F|  |TAMS 0x0000000088200000, 0x0000000088200000| Untracked 
| 131|0x0000000088300000, 0x0000000088300000, 0x0000000088400000|  0%| F|  |TAMS 0x0000000088300000, 0x0000000088300000| Untracked 
| 132|0x0000000088400000, 0x0000000088400000, 0x0000000088500000|  0%| F|  |TAMS 0x0000000088400000, 0x0000000088400000| Untracked 
| 133|0x0000000088500000, 0x0000000088500000, 0x0000000088600000|  0%| F|  |TAMS 0x0000000088500000, 0x0000000088500000| Untracked 
| 134|0x0000000088600000, 0x0000000088600000, 0x0000000088700000|  0%| F|  |TAMS 0x0000000088600000, 0x0000000088600000| Untracked 
| 135|0x0000000088700000, 0x0000000088700000, 0x0000000088800000|  0%| F|  |TAMS 0x0000000088700000, 0x0000000088700000| Untracked 
| 136|0x0000000088800000, 0x0000000088800000, 0x0000000088900000|  0%| F|  |TAMS 0x0000000088800000, 0x0000000088800000| Untracked 
| 137|0x0000000088900000, 0x0000000088900000, 0x0000000088a00000|  0%| F|  |TAMS 0x0000000088900000, 0x0000000088900000| Untracked 
| 138|0x0000000088a00000, 0x0000000088a00000, 0x0000000088b00000|  0%| F|  |TAMS 0x0000000088a00000, 0x0000000088a00000| Untracked 
| 139|0x0000000088b00000, 0x0000000088b00000, 0x0000000088c00000|  0%| F|  |TAMS 0x0000000088b00000, 0x0000000088b00000| Untracked 
| 140|0x0000000088c00000, 0x0000000088c00000, 0x0000000088d00000|  0%| F|  |TAMS 0x0000000088c00000, 0x0000000088c00000| Untracked 
| 141|0x0000000088d00000, 0x0000000088d00000, 0x0000000088e00000|  0%| F|  |TAMS 0x0000000088d00000, 0x0000000088d00000| Untracked 
| 142|0x0000000088e00000, 0x0000000088e00000, 0x0000000088f00000|  0%| F|  |TAMS 0x0000000088e00000, 0x0000000088e00000| Untracked 
| 143|0x0000000088f00000, 0x0000000088f00000, 0x0000000089000000|  0%| F|  |TAMS 0x0000000088f00000, 0x0000000088f00000| Untracked 
| 144|0x0000000089000000, 0x0000000089000000, 0x0000000089100000|  0%| F|  |TAMS 0x0000000089000000, 0x0000000089000000| Untracked 
| 145|0x0000000089100000, 0x0000000089100000, 0x0000000089200000|  0%| F|  |TAMS 0x0000000089100000, 0x0000000089100000| Untracked 
| 146|0x0000000089200000, 0x0000000089200000, 0x0000000089300000|  0%| F|  |TAMS 0x0000000089200000, 0x0000000089200000| Untracked 
| 147|0x0000000089300000, 0x0000000089300000, 0x0000000089400000|  0%| F|  |TAMS 0x0000000089300000, 0x0000000089300000| Untracked 
| 148|0x0000000089400000, 0x0000000089400000, 0x0000000089500000|  0%| F|  |TAMS 0x0000000089400000, 0x0000000089400000| Untracked 
| 149|0x0000000089500000, 0x0000000089500000, 0x0000000089600000|  0%| F|  |TAMS 0x0000000089500000, 0x0000000089500000| Untracked 

Card table byte_map: [0x000001d7feed0000,0x000001d7ff2d0000] _byte_map_base: 0x000001d7fead0000

Marking Bits (Prev, Next): (CMBitMap*) 0x000001d7e7cc81b0, (CMBitMap*) 0x000001d7e7cc81f0
 Prev Bits: [0x000001d780000000, 0x000001d782000000)
 Next Bits: [0x000001d782000000, 0x000001d784000000)

Polling page: 0x000001d7e5bb0000

Metaspace:

Usage:
  Non-class:     74.88 MB used.
      Class:     12.18 MB used.
       Both:     87.06 MB used.

Virtual space:
  Non-class space:      128.00 MB reserved,      75.31 MB ( 59%) committed,  2 nodes.
      Class space:        1.00 GB reserved,      12.62 MB (  1%) committed,  1 nodes.
             Both:        1.12 GB reserved,      87.94 MB (  8%) committed. 

Chunk freelists:
   Non-Class:  4.67 MB
       Class:  3.29 MB
        Both:  7.97 MB

MaxMetaspaceSize: unlimited
CompressedClassSpaceSize: 1.00 GB
Initial GC threshold: 21.00 MB
Current GC threshold: 141.56 MB
CDS: on
MetaspaceReclaimPolicy: balanced
 - commit_granule_bytes: 65536.
 - commit_granule_words: 8192.
 - virtual_space_node_default_size: 8388608.
 - enlarge_chunks_in_place: 1.
 - new_chunks_are_fully_committed: 0.
 - uncommit_free_chunks: 1.
 - use_allocation_guard: 0.
 - handle_deallocations: 1.


Internal statistics:

num_allocs_failed_limit: 6.
num_arena_births: 1180.
num_arena_deaths: 0.
num_vsnodes_births: 3.
num_vsnodes_deaths: 0.
num_space_committed: 1406.
num_space_uncommitted: 0.
num_chunks_returned_to_freelist: 6.
num_chunks_taken_from_freelist: 5005.
num_chunk_merges: 6.
num_chunk_splits: 3262.
num_chunks_enlarged: 2143.
num_inconsistent_stats: 0.

CodeHeap 'non-profiled nmethods': size=120000Kb used=5347Kb max_used=5389Kb free=114652Kb
 bounds [0x000001d7f7270000, 0x000001d7f77c0000, 0x000001d7fe7a0000]
CodeHeap 'profiled nmethods': size=120000Kb used=18878Kb max_used=18878Kb free=101121Kb
 bounds [0x000001d7ef7a0000, 0x000001d7f0a20000, 0x000001d7f6cd0000]
CodeHeap 'non-nmethods': size=5760Kb used=1763Kb max_used=1764Kb free=3996Kb
 bounds [0x000001d7f6cd0000, 0x000001d7f6f40000, 0x000001d7f7270000]
 total_blobs=10724 nmethods=9903 adapters=731
 compilation: enabled
              stopped_count=0, restarted_count=0
 full_count=0

Compilation events (20 events):
Event: 26.135 Thread 0x000001d78619ac80 nmethod 11403 0x000001d7f0a0c910 code [0x000001d7f0a0cae0, 0x000001d7f0a0cef8]
Event: 26.135 Thread 0x000001d78619ac80 11404       2       org.gradle.internal.execution.steps.WorkspaceResult::<init> (11 bytes)
Event: 26.136 Thread 0x000001d78619ac80 nmethod 11404 0x000001d7f0a0d110 code [0x000001d7f0a0d2c0, 0x000001d7f0a0d4c8]
Event: 26.136 Thread 0x000001d78619ac80 11405       2       org.gradle.internal.execution.ExecutionEngine$Execution$1::getOutput (11 bytes)
Event: 26.136 Thread 0x000001d78619ac80 nmethod 11405 0x000001d7f0a0d610 code [0x000001d7f0a0d7a0, 0x000001d7f0a0d8c8]
Event: 26.137 Thread 0x000001d78619ac80 11406       2       org.gradle.internal.execution.steps.IdentityCacheStep::executeInCache (45 bytes)
Event: 26.138 Thread 0x000001d78619ac80 nmethod 11406 0x000001d7f0a0d990 code [0x000001d7f0a0dbe0, 0x000001d7f0a0e278]
Event: 26.139 Thread 0x000001d78619ac80 11407       2       org.gradle.internal.execution.steps.IdentityCacheStep$$Lambda$1026/0x000001d78874f498::get (16 bytes)
Event: 26.140 Thread 0x000001d78619ac80 nmethod 11407 0x000001d7f0a0e690 code [0x000001d7f0a0e820, 0x000001d7f0a0e968]
Event: 26.140 Thread 0x000001d78619ac80 11408       2       org.gradle.internal.execution.steps.ExecuteWorkBuildOperationFiringStep$$Lambda$1027/0x000001d78874f6b8::apply (20 bytes)
Event: 26.140 Thread 0x000001d78619ac80 nmethod 11408 0x000001d7f0a0ea90 code [0x000001d7f0a0ec40, 0x000001d7f0a0ede8]
Event: 26.142 Thread 0x000001d78619ac80 11409       2       org.gradle.internal.execution.steps.AssignImmutableWorkspaceStep::loadImmutableWorkspace (47 bytes)
Event: 26.143 Thread 0x000001d78619ac80 nmethod 11409 0x000001d7f0a0ef10 code [0x000001d7f0a0f0e0, 0x000001d7f0a0f5d8]
Event: 26.143 Thread 0x000001d78619ac80 11411       2       org.gradle.api.internal.artifacts.transform.AbstractTransformExecution::visitOutputs (78 bytes)
Event: 26.144 Thread 0x000001d78619ac80 nmethod 11411 0x000001d7f0a0f810 code [0x000001d7f0a0fa40, 0x000001d7f0a10358]
Event: 26.144 Thread 0x000001d78619ac80 11410       2       org.gradle.internal.execution.steps.WorkspaceResult$$Lambda$591/0x000001d788517808::apply (12 bytes)
Event: 26.145 Thread 0x000001d78619ac80 nmethod 11410 0x000001d7f0a10710 code [0x000001d7f0a108c0, 0x000001d7f0a10a48]
Event: 26.145 Thread 0x000001d78619ac80 11412       2       org.gradle.internal.execution.steps.AfterExecutionResult::<init> (17 bytes)
Event: 26.145 Thread 0x000001d78619ac80 nmethod 11412 0x000001d7f0a10b90 code [0x000001d7f0a10d40, 0x000001d7f0a110b8]
Event: 26.230 Thread 0x000001d78619ac80 11415       2       org.gradle.internal.execution.steps.UpToDateResult::<init> (29 bytes)

GC Heap History (20 events):
Event: 19.833 GC heap after
{Heap after GC invocations=33 (full 0):
 garbage-first heap   total 153600K, used 71142K [0x0000000080000000, 0x0000000100000000)
  region size 1024K, 2 young (2048K), 2 survivors (2048K)
 Metaspace       used 68654K, committed 69248K, reserved 1114112K
  class space    used 9500K, committed 9792K, reserved 1048576K
}
Event: 20.904 GC heap before
{Heap before GC invocations=33 (full 0):
 garbage-first heap   total 153600K, used 118246K [0x0000000080000000, 0x0000000100000000)
  region size 1024K, 48 young (49152K), 2 survivors (2048K)
 Metaspace       used 72273K, committed 72896K, reserved 1114112K
  class space    used 10150K, committed 10432K, reserved 1048576K
}
Event: 20.910 GC heap after
{Heap after GC invocations=34 (full 0):
 garbage-first heap   total 153600K, used 72484K [0x0000000080000000, 0x0000000100000000)
  region size 1024K, 3 young (3072K), 3 survivors (3072K)
 Metaspace       used 72273K, committed 72896K, reserved 1114112K
  class space    used 10150K, committed 10432K, reserved 1048576K
}
Event: 21.950 GC heap before
{Heap before GC invocations=35 (full 0):
 garbage-first heap   total 153600K, used 121636K [0x0000000080000000, 0x0000000100000000)
  region size 1024K, 51 young (52224K), 3 survivors (3072K)
 Metaspace       used 75591K, committed 76288K, reserved 1179648K
  class space    used 10670K, committed 11008K, reserved 1048576K
}
Event: 21.958 GC heap after
{Heap after GC invocations=36 (full 0):
 garbage-first heap   total 153600K, used 75289K [0x0000000080000000, 0x0000000100000000)
  region size 1024K, 6 young (6144K), 6 survivors (6144K)
 Metaspace       used 75591K, committed 76288K, reserved 1179648K
  class space    used 10670K, committed 11008K, reserved 1048576K
}
Event: 21.978 GC heap before
{Heap before GC invocations=36 (full 0):
 garbage-first heap   total 153600K, used 76313K [0x0000000080000000, 0x0000000100000000)
  region size 1024K, 7 young (7168K), 6 survivors (6144K)
 Metaspace       used 75623K, committed 76288K, reserved 1179648K
  class space    used 10675K, committed 11008K, reserved 1048576K
}
Event: 21.985 GC heap after
{Heap after GC invocations=37 (full 0):
 garbage-first heap   total 153600K, used 75241K [0x0000000080000000, 0x0000000100000000)
  region size 1024K, 1 young (1024K), 1 survivors (1024K)
 Metaspace       used 75623K, committed 76288K, reserved 1179648K
  class space    used 10675K, committed 11008K, reserved 1048576K
}
Event: 23.195 GC heap before
{Heap before GC invocations=37 (full 0):
 garbage-first heap   total 153600K, used 123369K [0x0000000080000000, 0x0000000100000000)
  region size 1024K, 48 young (49152K), 1 survivors (1024K)
 Metaspace       used 80052K, committed 80768K, reserved 1179648K
  class space    used 11314K, committed 11648K, reserved 1048576K
}
Event: 23.201 GC heap after
{Heap after GC invocations=38 (full 0):
 garbage-first heap   total 153600K, used 76678K [0x0000000080000000, 0x0000000100000000)
  region size 1024K, 3 young (3072K), 3 survivors (3072K)
 Metaspace       used 80052K, committed 80768K, reserved 1179648K
  class space    used 11314K, committed 11648K, reserved 1048576K
}
Event: 24.067 GC heap before
{Heap before GC invocations=39 (full 0):
 garbage-first heap   total 153600K, used 123782K [0x0000000080000000, 0x0000000100000000)
  region size 1024K, 49 young (50176K), 3 survivors (3072K)
 Metaspace       used 83202K, committed 83968K, reserved 1179648K
  class space    used 11724K, committed 12096K, reserved 1048576K
}
Event: 24.074 GC heap after
{Heap after GC invocations=40 (full 0):
 garbage-first heap   total 153600K, used 79441K [0x0000000080000000, 0x0000000100000000)
  region size 1024K, 5 young (5120K), 5 survivors (5120K)
 Metaspace       used 83202K, committed 83968K, reserved 1179648K
  class space    used 11724K, committed 12096K, reserved 1048576K
}
Event: 24.108 GC heap before
{Heap before GC invocations=40 (full 0):
 garbage-first heap   total 153600K, used 81489K [0x0000000080000000, 0x0000000100000000)
  region size 1024K, 7 young (7168K), 5 survivors (5120K)
 Metaspace       used 83454K, committed 84224K, reserved 1179648K
  class space    used 11749K, committed 12160K, reserved 1048576K
}
Event: 24.113 GC heap after
{Heap after GC invocations=41 (full 0):
 garbage-first heap   total 153600K, used 79370K [0x0000000080000000, 0x0000000100000000)
  region size 1024K, 1 young (1024K), 1 survivors (1024K)
 Metaspace       used 83454K, committed 84224K, reserved 1179648K
  class space    used 11749K, committed 12160K, reserved 1048576K
}
Event: 24.917 GC heap before
{Heap before GC invocations=41 (full 0):
 garbage-first heap   total 153600K, used 125450K [0x0000000080000000, 0x0000000100000000)
  region size 1024K, 46 young (47104K), 1 survivors (1024K)
 Metaspace       used 85842K, committed 86656K, reserved 1179648K
  class space    used 12058K, committed 12480K, reserved 1048576K
}
Event: 24.923 GC heap after
{Heap after GC invocations=42 (full 0):
 garbage-first heap   total 153600K, used 83135K [0x0000000080000000, 0x0000000100000000)
  region size 1024K, 5 young (5120K), 5 survivors (5120K)
 Metaspace       used 85842K, committed 86656K, reserved 1179648K
  class space    used 12058K, committed 12480K, reserved 1048576K
}
Event: 26.019 GC heap before
{Heap before GC invocations=43 (full 0):
 garbage-first heap   total 153600K, used 129215K [0x0000000080000000, 0x0000000100000000)
  region size 1024K, 46 young (47104K), 5 survivors (5120K)
 Metaspace       used 89143K, committed 89984K, reserved 1179648K
  class space    used 12474K, committed 12928K, reserved 1048576K
}
Event: 26.030 GC heap after
{Heap after GC invocations=44 (full 0):
 garbage-first heap   total 153600K, used 88608K [0x0000000080000000, 0x0000000100000000)
  region size 1024K, 6 young (6144K), 6 survivors (6144K)
 Metaspace       used 89143K, committed 89984K, reserved 1179648K
  class space    used 12474K, committed 12928K, reserved 1048576K
}
Event: 26.035 GC heap before
{Heap before GC invocations=44 (full 0):
 garbage-first heap   total 153600K, used 89632K [0x0000000080000000, 0x0000000100000000)
  region size 1024K, 7 young (7168K), 6 survivors (6144K)
 Metaspace       used 89143K, committed 89984K, reserved 1179648K
  class space    used 12474K, committed 12928K, reserved 1048576K
}
Event: 26.041 GC heap after
{Heap after GC invocations=45 (full 0):
 garbage-first heap   total 153600K, used 89174K [0x0000000080000000, 0x0000000100000000)
  region size 1024K, 1 young (1024K), 1 survivors (1024K)
 Metaspace       used 89143K, committed 89984K, reserved 1179648K
  class space    used 12474K, committed 12928K, reserved 1048576K
}
Event: 26.230 GC heap before
{Heap before GC invocations=45 (full 0):
 garbage-first heap   total 153600K, used 126038K [0x0000000080000000, 0x0000000100000000)
  region size 1024K, 37 young (37888K), 1 survivors (1024K)
 Metaspace       used 89149K, committed 90048K, reserved 1179648K
  class space    used 12474K, committed 12928K, reserved 1048576K
}

Dll operation events (15 events):
Event: 0.016 Loaded shared library C:\Program Files\Eclipse Adoptium\jdk-17.0.14.7-hotspot\bin\java.dll
Event: 0.044 Loaded shared library C:\Program Files\Eclipse Adoptium\jdk-17.0.14.7-hotspot\bin\jsvml.dll
Event: 0.118 Loaded shared library C:\Program Files\Eclipse Adoptium\jdk-17.0.14.7-hotspot\bin\zip.dll
Event: 0.121 Loaded shared library C:\Program Files\Eclipse Adoptium\jdk-17.0.14.7-hotspot\bin\instrument.dll
Event: 0.129 Loaded shared library C:\Program Files\Eclipse Adoptium\jdk-17.0.14.7-hotspot\bin\net.dll
Event: 0.132 Loaded shared library C:\Program Files\Eclipse Adoptium\jdk-17.0.14.7-hotspot\bin\nio.dll
Event: 0.135 Loaded shared library C:\Program Files\Eclipse Adoptium\jdk-17.0.14.7-hotspot\bin\zip.dll
Event: 0.551 Loaded shared library C:\Program Files\Eclipse Adoptium\jdk-17.0.14.7-hotspot\bin\jimage.dll
Event: 0.801 Loaded shared library C:\Program Files\Eclipse Adoptium\jdk-17.0.14.7-hotspot\bin\verify.dll
Event: 1.062 Loaded shared library C:\Users\ceiv0\.gradle\native\c067742578af261105cb4f569cf0c3c89f3d7b1fecec35dd04571415982c5e48\windows-amd64\native-platform.dll
Event: 1.079 Loaded shared library C:\Users\ceiv0\.gradle\native\100fb08df4bc3b14c8652ba06237920a3bd2aa13389f12d3474272988ae205f9\windows-amd64\native-platform-file-events.dll
Event: 3.145 Loaded shared library C:\Program Files\Eclipse Adoptium\jdk-17.0.14.7-hotspot\bin\management.dll
Event: 3.148 Loaded shared library C:\Program Files\Eclipse Adoptium\jdk-17.0.14.7-hotspot\bin\management_ext.dll
Event: 3.453 Loaded shared library C:\Program Files\Eclipse Adoptium\jdk-17.0.14.7-hotspot\bin\extnet.dll
Event: 3.822 Loaded shared library C:\Program Files\Eclipse Adoptium\jdk-17.0.14.7-hotspot\bin\sunmscapi.dll

Deoptimization events (20 events):
Event: 25.416 Thread 0x000001d7d0651ea0 Uncommon trap: trap_request=0xffffff45 fr.pc=0x000001d7f74a85c8 relative=0x0000000000000288
Event: 25.416 Thread 0x000001d7d0651ea0 Uncommon trap: reason=unstable_if action=reinterpret pc=0x000001d7f74a85c8 method=org.gradle.internal.file.FileHierarchySet$Node.isChildOfOrThis(Ljava/lang/String;I)Z @ 35 c2
Event: 25.416 Thread 0x000001d7d0651ea0 DEOPT PACKING pc=0x000001d7f74a85c8 sp=0x00000082200fed70
Event: 25.416 Thread 0x000001d7d0651ea0 DEOPT UNPACKING pc=0x000001d7f6d269a3 sp=0x00000082200fed10 mode 2
Event: 25.439 Thread 0x000001d7d0651ea0 Uncommon trap: trap_request=0xffffff45 fr.pc=0x000001d7f7505a74 relative=0x0000000000000074
Event: 25.439 Thread 0x000001d7d0651ea0 Uncommon trap: reason=unstable_if action=reinterpret pc=0x000001d7f7505a74 method=java.util.concurrent.locks.AbstractQueuedSynchronizer$ConditionObject.canReacquire(Ljava/util/concurrent/locks/AbstractQueuedSynchronizer$ConditionNode;)Z @ 18 c2
Event: 25.439 Thread 0x000001d7d0651ea0 DEOPT PACKING pc=0x000001d7f7505a74 sp=0x00000082200fef60
Event: 25.439 Thread 0x000001d7d0651ea0 DEOPT UNPACKING pc=0x000001d7f6d269a3 sp=0x00000082200feef0 mode 2
Event: 25.998 Thread 0x000001d7d28a2e50 Uncommon trap: trap_request=0xffffff45 fr.pc=0x000001d7f7479cf0 relative=0x0000000000000530
Event: 25.998 Thread 0x000001d7d28a2e50 Uncommon trap: reason=unstable_if action=reinterpret pc=0x000001d7f7479cf0 method=java.lang.StringLatin1.compareToCI([B[B)I @ 68 c2
Event: 25.998 Thread 0x000001d7d28a2e50 DEOPT PACKING pc=0x000001d7f7479cf0 sp=0x00000082227fc010
Event: 25.998 Thread 0x000001d7d28a2e50 DEOPT UNPACKING pc=0x000001d7f6d269a3 sp=0x00000082227fbf00 mode 2
Event: 26.004 Thread 0x000001d7d28a1500 Uncommon trap: trap_request=0xffffff45 fr.pc=0x000001d7f7382780 relative=0x00000000000004c0
Event: 26.004 Thread 0x000001d7d28a1500 Uncommon trap: reason=unstable_if action=reinterpret pc=0x000001d7f7382780 method=java.lang.StringLatin1.compareToCI([B[B)I @ 68 c2
Event: 26.004 Thread 0x000001d7d28a1500 DEOPT PACKING pc=0x000001d7f7382780 sp=0x00000082228fc080
Event: 26.004 Thread 0x000001d7d28a1500 DEOPT UNPACKING pc=0x000001d7f6d269a3 sp=0x00000082228fc008 mode 2
Event: 26.127 Thread 0x000001d7d28a0ae0 DEOPT PACKING pc=0x000001d7f09ee701 sp=0x00000082226fbe00
Event: 26.127 Thread 0x000001d7d28a0ae0 DEOPT UNPACKING pc=0x000001d7f6d27143 sp=0x00000082226fb2c8 mode 0
Event: 26.191 Thread 0x000001d7d28a0ae0 DEOPT PACKING pc=0x000001d7f09ee701 sp=0x00000082226fbdf0
Event: 26.191 Thread 0x000001d7d28a0ae0 DEOPT UNPACKING pc=0x000001d7f6d27143 sp=0x00000082226fb2b8 mode 0

Classes loaded (20 events):
Event: 24.280 Loading class sun/management/BaseOperatingSystemImpl done
Event: 24.280 Loading class com/sun/management/internal/OperatingSystemImpl done
Event: 24.438 Loading class java/io/NotSerializableException
Event: 24.438 Loading class java/io/NotSerializableException done
Event: 24.795 Loading class sun/reflect/generics/scope/DummyScope
Event: 24.796 Loading class sun/reflect/generics/scope/DummyScope done
Event: 24.972 Loading class java/util/TreeMap$KeySpliterator
Event: 24.973 Loading class java/util/TreeMap$TreeMapSpliterator
Event: 24.973 Loading class java/util/TreeMap$TreeMapSpliterator done
Event: 24.973 Loading class java/util/TreeMap$KeySpliterator done
Event: 25.340 Loading class java/io/SerialCallbackContext
Event: 25.340 Loading class java/io/SerialCallbackContext done
Event: 25.350 Loading class java/time/Instant$1
Event: 25.351 Loading class java/time/Instant$1 done
Event: 25.402 Loading class java/io/CharArrayWriter
Event: 25.402 Loading class java/io/CharArrayWriter done
Event: 25.416 Loading class java/io/SequenceInputStream
Event: 25.416 Loading class java/io/SequenceInputStream done
Event: 25.438 Loading class java/util/function/IntUnaryOperator
Event: 25.438 Loading class java/util/function/IntUnaryOperator done

Classes unloaded (0 events):
No events

Classes redefined (0 events):
No events

Internal exceptions (20 events):
Event: 24.560 Thread 0x000001d7cd222820 Exception <a 'java/lang/NoClassDefFoundError'{0x0000000087c89c58}: org/jetbrains/kotlin/gradle/plugin/KotlinBasePluginWrapper> (0x0000000087c89c58) 
thrown [s\src\hotspot\share\oops\constantPool.cpp, line 837]
Event: 24.566 Thread 0x000001d7cd222820 Exception <a 'java/lang/NoClassDefFoundError'{0x0000000087cb9910}: org/jetbrains/kotlin/gradle/plugin/KotlinBasePluginWrapper> (0x0000000087cb9910) 
thrown [s\src\hotspot\share\oops\constantPool.cpp, line 837]
Event: 24.576 Thread 0x000001d7cd222820 Exception <a 'java/lang/NoClassDefFoundError'{0x0000000087b548d8}: org/jetbrains/kotlin/gradle/plugin/KotlinBasePluginWrapper> (0x0000000087b548d8) 
thrown [s\src\hotspot\share\oops\constantPool.cpp, line 837]
Event: 24.590 Thread 0x000001d7cd222820 Exception <a 'java/lang/NoClassDefFoundError'{0x0000000087bee5d0}: org/jetbrains/kotlin/gradle/plugin/KotlinBasePluginWrapper> (0x0000000087bee5d0) 
thrown [s\src\hotspot\share\oops\constantPool.cpp, line 837]
Event: 24.613 Thread 0x000001d7cd222820 Exception <a 'java/lang/NoSuchMethodError'{0x0000000087919460}: 'void java.lang.invoke.DirectMethodHandle$Holder.invokeStatic(java.lang.Object, java.lang.Object, java.lang.Object, java.lang.Object, java.lang.Object, java.lang.Object, java.lang.Object, java.lang.Object)'> (0x0000000087919460) 
thrown [s\src\hotspot\share\interpreter\linkResolver.cpp, line 759]
Event: 24.672 Thread 0x000001d7cd222820 Exception <a 'java/lang/IncompatibleClassChangeError'{0x00000000876dedc8}: Found class java.lang.Object, but interface was expected> (0x00000000876dedc8) 
thrown [s\src\hotspot\share\interpreter\linkResolver.cpp, line 826]
Event: 24.797 Thread 0x000001d7cd222820 Implicit null exception at 0x000001d7f7756173 to 0x000001d7f7758a8c
Event: 25.007 Thread 0x000001d7ceab3d10 Exception <a 'java/lang/NoSuchMethodError'{0x0000000089139ea0}: 'java.lang.Object java.lang.invoke.DirectMethodHandle$Holder.newInvokeSpecial(java.lang.Object, java.lang.Object, int, java.lang.Object, java.lang.Object)'> (0x0000000089139ea0) 
thrown [s\src\hotspot\share\interpreter\linkResolver.cpp, line 759]
Event: 25.110 Thread 0x000001d7ceab4220 Exception <a 'java/lang/NoSuchMethodError'{0x0000000088df8178}: 'void java.lang.invoke.DirectMethodHandle$Holder.invokeSpecial(java.lang.Object, java.lang.Object, java.lang.Object, java.lang.Object, int, java.lang.Object, java.lang.Object)'> (0x0000000088df8178) 
thrown [s\src\hotspot\share\interpreter\linkResolver.cpp, line 759]
Event: 25.121 Thread 0x000001d7ceab4220 Exception <a 'java/lang/NoSuchMethodError'{0x0000000088c3db20}: 'void java.lang.invoke.DirectMethodHandle$Holder.invokeInterface(java.lang.Object, java.lang.Object, java.lang.Object, java.lang.Object)'> (0x0000000088c3db20) 
thrown [s\src\hotspot\share\interpreter\linkResolver.cpp, line 759]
Event: 25.143 Thread 0x000001d7ceab4220 Exception <a 'sun/nio/fs/WindowsException'{0x0000000088cc0518}> (0x0000000088cc0518) 
thrown [s\src\hotspot\share\prims\jni.cpp, line 516]
Event: 25.172 Thread 0x000001d7d28a60f0 Exception <a 'sun/nio/fs/WindowsException'{0x00000000890adde8}> (0x00000000890adde8) 
thrown [s\src\hotspot\share\prims\jni.cpp, line 516]
Event: 25.185 Thread 0x000001d7d28a60f0 Exception <a 'java/lang/IncompatibleClassChangeError'{0x0000000088b8f900}: Found class java.lang.Object, but interface was expected> (0x0000000088b8f900) 
thrown [s\src\hotspot\share\interpreter\linkResolver.cpp, line 826]
Event: 25.314 Thread 0x000001d7d28a60f0 Exception <a 'sun/nio/fs/WindowsException'{0x0000000088549d88}> (0x0000000088549d88) 
thrown [s\src\hotspot\share\prims\jni.cpp, line 516]
Event: 25.314 Thread 0x000001d7d28a60f0 Exception <a 'sun/nio/fs/WindowsException'{0x000000008854add8}> (0x000000008854add8) 
thrown [s\src\hotspot\share\prims\jni.cpp, line 516]
Event: 25.314 Thread 0x000001d7d28a60f0 Exception <a 'sun/nio/fs/WindowsException'{0x000000008854af98}> (0x000000008854af98) 
thrown [s\src\hotspot\share\prims\jni.cpp, line 516]
Event: 25.339 Thread 0x000001d7d28a60f0 Exception <a 'java/lang/NoSuchMethodError'{0x0000000088472f38}: static Lcom/android/build/gradle/tasks/SerializableArtifact;.<clinit>()V> (0x0000000088472f38) 
thrown [s\src\hotspot\share\prims\jni.cpp, line 1112]
Event: 25.355 Thread 0x000001d7ceab4220 Exception <a 'sun/nio/fs/WindowsException'{0x0000000088b646a0}> (0x0000000088b646a0) 
thrown [s\src\hotspot\share\prims\jni.cpp, line 516]
Event: 25.370 Thread 0x000001d7d28a7020 Exception <a 'sun/nio/fs/WindowsException'{0x00000000883fbfa0}> (0x00000000883fbfa0) 
thrown [s\src\hotspot\share\prims\jni.cpp, line 516]
Event: 25.439 Thread 0x000001d7ceab4220 Exception <a 'java/lang/NoSuchMethodError'{0x00000000880c4660}: 'int java.lang.invoke.DirectMethodHandle$Holder.invokeSpecial(java.lang.Object, java.lang.Object, int)'> (0x00000000880c4660) 
thrown [s\src\hotspot\share\interpreter\linkResolver.cpp, line 759]

VM Operations (20 events):
Event: 25.238 Executing VM operation: HandshakeAllThreads done
Event: 25.387 Executing VM operation: HandshakeAllThreads
Event: 25.387 Executing VM operation: HandshakeAllThreads done
Event: 25.428 Executing VM operation: HandshakeAllThreads
Event: 25.428 Executing VM operation: HandshakeAllThreads done
Event: 25.429 Executing VM operation: HandshakeAllThreads
Event: 25.429 Executing VM operation: HandshakeAllThreads done
Event: 25.435 Executing VM operation: HandshakeAllThreads
Event: 25.435 Executing VM operation: HandshakeAllThreads done
Event: 25.481 Executing VM operation: HandshakeAllThreads
Event: 25.481 Executing VM operation: HandshakeAllThreads done
Event: 25.501 Executing VM operation: ICBufferFull
Event: 25.502 Executing VM operation: ICBufferFull done
Event: 25.982 Executing VM operation: ICBufferFull
Event: 25.982 Executing VM operation: ICBufferFull done
Event: 26.019 Executing VM operation: G1CollectForAllocation
Event: 26.030 Executing VM operation: G1CollectForAllocation done
Event: 26.035 Executing VM operation: G1CollectForAllocation
Event: 26.041 Executing VM operation: G1CollectForAllocation done
Event: 26.230 Executing VM operation: G1CollectForAllocation

Memory protections (0 events):
No events

Nmethod flushes (20 events):
Event: 23.139 Thread 0x000001d78619d690 flushing  nmethod 0x000001d7f0518810
Event: 23.139 Thread 0x000001d78619d690 flushing  nmethod 0x000001d7f051bb90
Event: 23.139 Thread 0x000001d78619d690 flushing  nmethod 0x000001d7f0526310
Event: 23.139 Thread 0x000001d78619d690 flushing  nmethod 0x000001d7f0527610
Event: 23.140 Thread 0x000001d78619d690 flushing  nmethod 0x000001d7f05bfd10
Event: 23.140 Thread 0x000001d78619d690 flushing  nmethod 0x000001d7f05dc490
Event: 23.140 Thread 0x000001d78619d690 flushing  nmethod 0x000001d7f05e0510
Event: 23.140 Thread 0x000001d78619d690 flushing  nmethod 0x000001d7f05f2a10
Event: 23.140 Thread 0x000001d78619d690 flushing  nmethod 0x000001d7f05f7210
Event: 23.140 Thread 0x000001d78619d690 flushing  nmethod 0x000001d7f05fa390
Event: 23.141 Thread 0x000001d78619d690 flushing  nmethod 0x000001d7f067e010
Event: 23.141 Thread 0x000001d78619d690 flushing  nmethod 0x000001d7f0680e10
Event: 23.141 Thread 0x000001d78619d690 flushing  nmethod 0x000001d7f0682d10
Event: 23.141 Thread 0x000001d78619d690 flushing  nmethod 0x000001d7f06ada10
Event: 23.141 Thread 0x000001d78619d690 flushing  nmethod 0x000001d7f06b4210
Event: 23.141 Thread 0x000001d78619d690 flushing  nmethod 0x000001d7f06cb990
Event: 23.141 Thread 0x000001d78619d690 flushing  nmethod 0x000001d7f074a890
Event: 23.142 Thread 0x000001d78619d690 flushing  nmethod 0x000001d7f07a2c10
Event: 23.142 Thread 0x000001d78619d690 flushing  nmethod 0x000001d7f07df510
Event: 23.142 Thread 0x000001d78619d690 flushing  nmethod 0x000001d7f07f4190

Events (20 events):
Event: 24.000 Thread 0x000001d7d028ab40 Thread exited: 0x000001d7d028ab40
Event: 25.000 Thread 0x000001d7cd222820 Thread added: 0x000001d7ceab3d10
Event: 25.010 Thread 0x000001d7ceab3d10 Thread added: 0x000001d7ceab8e10
Event: 25.010 Thread 0x000001d7ceab3d10 Thread added: 0x000001d7ceab4220
Event: 25.010 Thread 0x000001d7ceab3d10 Thread added: 0x000001d7d064aa30
Event: 25.011 Thread 0x000001d7ceab3d10 Thread added: 0x000001d7d28a51c0
Event: 25.011 Thread 0x000001d7ceab3d10 Thread added: 0x000001d7d28a56d0
Event: 25.011 Thread 0x000001d7ceab3d10 Thread added: 0x000001d7d28a60f0
Event: 25.011 Thread 0x000001d7ceab3d10 Thread added: 0x000001d7d28a5be0
Event: 25.057 Thread 0x000001d7ceab4220 Thread added: 0x000001d7d28a6600
Event: 25.201 Thread 0x000001d7d28a60f0 Thread added: 0x000001d7d28a6b10
Event: 25.201 Thread 0x000001d7d28a60f0 Thread added: 0x000001d7d28a7530
Event: 25.344 Thread 0x000001d7d28a60f0 Thread added: 0x000001d7d28a7020
Event: 25.980 Thread 0x000001d7ceab4220 Thread added: 0x000001d7d28a0ae0
Event: 25.980 Thread 0x000001d7ceab4220 Thread added: 0x000001d7d28a2e50
Event: 25.980 Thread 0x000001d7ceab4220 Thread added: 0x000001d7d28a1500
Event: 25.980 Thread 0x000001d7ceab4220 Thread added: 0x000001d7d28a4290
Event: 25.981 Thread 0x000001d7ceab4220 Thread added: 0x000001d7d28a0ff0
Event: 25.981 Thread 0x000001d7ceab4220 Thread added: 0x000001d7d28a05d0
Event: 25.981 Thread 0x000001d7ceab4220 Thread added: 0x000001d7d28a4cb0


Dynamic libraries:
0x00007ff7e7e40000 - 0x00007ff7e7e4e000 	C:\Program Files\Eclipse Adoptium\jdk-17.0.14.7-hotspot\bin\java.exe
0x00007ffa7bd10000 - 0x00007ffa7bf27000 	C:\WINDOWS\SYSTEM32\ntdll.dll
0x00007ffa7a520000 - 0x00007ffa7a5e4000 	C:\WINDOWS\System32\KERNEL32.DLL
0x00007ffa78e20000 - 0x00007ffa791f3000 	C:\WINDOWS\System32\KERNELBASE.dll
0x00007ffa79360000 - 0x00007ffa79471000 	C:\WINDOWS\System32\ucrtbase.dll
0x00007ffa5c9c0000 - 0x00007ffa5c9d7000 	C:\Program Files\Eclipse Adoptium\jdk-17.0.14.7-hotspot\bin\jli.dll
0x00007ffa5d1b0000 - 0x00007ffa5d1ce000 	C:\Program Files\Eclipse Adoptium\jdk-17.0.14.7-hotspot\bin\VCRUNTIME140.dll
0x00007ffa79d20000 - 0x00007ffa79ed1000 	C:\WINDOWS\System32\USER32.dll
0x00007ffa63420000 - 0x00007ffa636b8000 	C:\WINDOWS\WinSxS\amd64_microsoft.windows.common-controls_6595b64144ccf1df_6.0.22621.5124_none_270e8f4f7386d69d\COMCTL32.dll
0x00007ffa794b0000 - 0x00007ffa794d6000 	C:\WINDOWS\System32\win32u.dll
0x00007ffa79a30000 - 0x00007ffa79ad7000 	C:\WINDOWS\System32\msvcrt.dll
0x00007ffa7bca0000 - 0x00007ffa7bcc9000 	C:\WINDOWS\System32\GDI32.dll
0x00007ffa79620000 - 0x00007ffa7973b000 	C:\WINDOWS\System32\gdi32full.dll
0x00007ffa79200000 - 0x00007ffa7929a000 	C:\WINDOWS\System32\msvcp_win.dll
0x00007ffa7a320000 - 0x00007ffa7a351000 	C:\WINDOWS\System32\IMM32.DLL
0x00007ffa68db0000 - 0x00007ffa68dbc000 	C:\Program Files\Eclipse Adoptium\jdk-17.0.14.7-hotspot\bin\vcruntime140_1.dll
0x00007ffa59ab0000 - 0x00007ffa59b3d000 	C:\Program Files\Eclipse Adoptium\jdk-17.0.14.7-hotspot\bin\msvcp140.dll
0x00007ffa22ac0000 - 0x00007ffa2372b000 	C:\Program Files\Eclipse Adoptium\jdk-17.0.14.7-hotspot\bin\server\jvm.dll
0x00007ffa7b6c0000 - 0x00007ffa7b771000 	C:\WINDOWS\System32\ADVAPI32.dll
0x00007ffa7b4e0000 - 0x00007ffa7b588000 	C:\WINDOWS\System32\sechost.dll
0x00007ffa79480000 - 0x00007ffa794a8000 	C:\WINDOWS\System32\bcrypt.dll
0x00007ffa7a3f0000 - 0x00007ffa7a504000 	C:\WINDOWS\System32\RPCRT4.dll
0x00007ffa799b0000 - 0x00007ffa79a21000 	C:\WINDOWS\System32\WS2_32.dll
0x00007ffa78cf0000 - 0x00007ffa78d3d000 	C:\WINDOWS\SYSTEM32\POWRPROF.dll
0x00007ffa71260000 - 0x00007ffa7126a000 	C:\WINDOWS\SYSTEM32\VERSION.dll
0x00007ffa767f0000 - 0x00007ffa76824000 	C:\WINDOWS\SYSTEM32\WINMM.dll
0x00007ffa78cd0000 - 0x00007ffa78ce3000 	C:\WINDOWS\SYSTEM32\UMPDC.dll
0x00007ffa77e20000 - 0x00007ffa77e38000 	C:\WINDOWS\SYSTEM32\kernel.appcore.dll
0x00007ffa68d80000 - 0x00007ffa68d8a000 	C:\Program Files\Eclipse Adoptium\jdk-17.0.14.7-hotspot\bin\jimage.dll
0x00007ffa76560000 - 0x00007ffa76792000 	C:\WINDOWS\SYSTEM32\DBGHELP.DLL
0x00007ffa79f70000 - 0x00007ffa7a302000 	C:\WINDOWS\System32\combase.dll
0x00007ffa7bbc0000 - 0x00007ffa7bc97000 	C:\WINDOWS\System32\OLEAUT32.dll
0x00007ffa767b0000 - 0x00007ffa767e2000 	C:\WINDOWS\SYSTEM32\dbgcore.DLL
0x00007ffa798b0000 - 0x00007ffa7992b000 	C:\WINDOWS\System32\bcryptPrimitives.dll
0x00007ffa611c0000 - 0x00007ffa611ce000 	C:\Program Files\Eclipse Adoptium\jdk-17.0.14.7-hotspot\bin\instrument.dll
0x00007ffa5c7f0000 - 0x00007ffa5c815000 	C:\Program Files\Eclipse Adoptium\jdk-17.0.14.7-hotspot\bin\java.dll
0x00007ffa2b770000 - 0x00007ffa2b847000 	C:\Program Files\Eclipse Adoptium\jdk-17.0.14.7-hotspot\bin\jsvml.dll
0x00007ffa7ac40000 - 0x00007ffa7b4d6000 	C:\WINDOWS\System32\SHELL32.dll
0x00007ffa794e0000 - 0x00007ffa7961f000 	C:\WINDOWS\System32\wintypes.dll
0x00007ffa76cf0000 - 0x00007ffa7760a000 	C:\WINDOWS\SYSTEM32\windows.storage.dll
0x00007ffa7ab30000 - 0x00007ffa7ac3a000 	C:\WINDOWS\System32\SHCORE.dll
0x00007ffa7b650000 - 0x00007ffa7b6b3000 	C:\WINDOWS\System32\shlwapi.dll
0x00007ffa78d50000 - 0x00007ffa78d7b000 	C:\WINDOWS\SYSTEM32\profapi.dll
0x00007ffa5c6b0000 - 0x00007ffa5c6c8000 	C:\Program Files\Eclipse Adoptium\jdk-17.0.14.7-hotspot\bin\zip.dll
0x00007ffa5c7d0000 - 0x00007ffa5c7e9000 	C:\Program Files\Eclipse Adoptium\jdk-17.0.14.7-hotspot\bin\net.dll
0x00007ffa710a0000 - 0x00007ffa711cc000 	C:\WINDOWS\SYSTEM32\WINHTTP.dll
0x00007ffa782d0000 - 0x00007ffa7833a000 	C:\WINDOWS\system32\mswsock.dll
0x00007ffa5c740000 - 0x00007ffa5c756000 	C:\Program Files\Eclipse Adoptium\jdk-17.0.14.7-hotspot\bin\nio.dll
0x00007ffa63410000 - 0x00007ffa63420000 	C:\Program Files\Eclipse Adoptium\jdk-17.0.14.7-hotspot\bin\verify.dll
0x00007ffa68dc0000 - 0x00007ffa68de7000 	C:\Users\ceiv0\.gradle\native\c067742578af261105cb4f569cf0c3c89f3d7b1fecec35dd04571415982c5e48\windows-amd64\native-platform.dll
0x00007ffa2ae10000 - 0x00007ffa2af54000 	C:\Users\ceiv0\.gradle\native\100fb08df4bc3b14c8652ba06237920a3bd2aa13389f12d3474272988ae205f9\windows-amd64\native-platform-file-events.dll
0x00007ffa624f0000 - 0x00007ffa624fa000 	C:\Program Files\Eclipse Adoptium\jdk-17.0.14.7-hotspot\bin\management.dll
0x00007ffa623f0000 - 0x00007ffa623fb000 	C:\Program Files\Eclipse Adoptium\jdk-17.0.14.7-hotspot\bin\management_ext.dll
0x00007ffa7b5f0000 - 0x00007ffa7b5f8000 	C:\WINDOWS\System32\PSAPI.DLL
0x00007ffa78530000 - 0x00007ffa7854b000 	C:\WINDOWS\SYSTEM32\CRYPTSP.dll
0x00007ffa77d80000 - 0x00007ffa77db7000 	C:\WINDOWS\system32\rsaenh.dll
0x00007ffa783c0000 - 0x00007ffa783e8000 	C:\WINDOWS\SYSTEM32\USERENV.dll
0x00007ffa78520000 - 0x00007ffa7852c000 	C:\WINDOWS\SYSTEM32\CRYPTBASE.dll
0x00007ffa77870000 - 0x00007ffa7789d000 	C:\WINDOWS\SYSTEM32\IPHLPAPI.DLL
0x00007ffa7a510000 - 0x00007ffa7a519000 	C:\WINDOWS\System32\NSI.dll
0x00007ffa71270000 - 0x00007ffa71289000 	C:\WINDOWS\SYSTEM32\dhcpcsvc6.DLL
0x00007ffa71230000 - 0x00007ffa7124f000 	C:\WINDOWS\SYSTEM32\dhcpcsvc.DLL
0x00007ffa77930000 - 0x00007ffa77a32000 	C:\WINDOWS\SYSTEM32\DNSAPI.dll
0x00007ffa61510000 - 0x00007ffa61519000 	C:\Program Files\Eclipse Adoptium\jdk-17.0.14.7-hotspot\bin\extnet.dll
0x00007ffa5f0b0000 - 0x00007ffa5f0be000 	C:\Program Files\Eclipse Adoptium\jdk-17.0.14.7-hotspot\bin\sunmscapi.dll
0x00007ffa79740000 - 0x00007ffa798a7000 	C:\WINDOWS\System32\CRYPT32.dll
0x00007ffa786e0000 - 0x00007ffa7870d000 	C:\WINDOWS\SYSTEM32\ncrypt.dll
0x00007ffa786a0000 - 0x00007ffa786d7000 	C:\WINDOWS\SYSTEM32\NTASN1.dll
0x00007ff9e9b80000 - 0x00007ff9e9b88000 	C:\WINDOWS\system32\wshunix.dll

dbghelp: loaded successfully - version: 4.0.5 - missing functions: none
symbol engine: initialized successfully - sym options: 0x614 - pdb path: .;C:\Program Files\Eclipse Adoptium\jdk-17.0.14.7-hotspot\bin;C:\WINDOWS\SYSTEM32;C:\WINDOWS\WinSxS\amd64_microsoft.windows.common-controls_6595b64144ccf1df_6.0.22621.5124_none_270e8f4f7386d69d;C:\Program Files\Eclipse Adoptium\jdk-17.0.14.7-hotspot\bin\server;C:\Users\ceiv0\.gradle\native\c067742578af261105cb4f569cf0c3c89f3d7b1fecec35dd04571415982c5e48\windows-amd64;C:\Users\ceiv0\.gradle\native\100fb08df4bc3b14c8652ba06237920a3bd2aa13389f12d3474272988ae205f9\windows-amd64

VM Arguments:
jvm_args: --add-opens=java.base/java.lang=ALL-UNNAMED --add-opens=java.base/java.lang.invoke=ALL-UNNAMED --add-opens=java.base/java.util=ALL-UNNAMED --add-opens=java.prefs/java.util.prefs=ALL-UNNAMED --add-exports=jdk.compiler/com.sun.tools.javac.api=ALL-UNNAMED --add-exports=jdk.compiler/com.sun.tools.javac.util=ALL-UNNAMED --add-opens=java.base/java.util=ALL-UNNAMED --add-opens=java.prefs/java.util.prefs=ALL-UNNAMED --add-opens=java.base/java.nio.charset=ALL-UNNAMED --add-opens=java.base/java.net=ALL-UNNAMED --add-opens=java.base/java.util.concurrent.atomic=ALL-UNNAMED --add-opens=java.xml/javax.xml.namespace=ALL-UNNAMED -Xmx2048m -Dfile.encoding=UTF-8 -Duser.country=MX -Duser.language=es -Duser.variant -javaagent:C:\Users\ceiv0\.gradle\wrapper\dists\gradle-8.11.1-bin\bpt9gzteqjrbo1mjrsomdt32c\gradle-8.11.1\lib\agents\gradle-instrumentation-agent-8.11.1.jar 
java_command: org.gradle.launcher.daemon.bootstrap.GradleDaemon 8.11.1
java_class_path (initial): C:\Users\ceiv0\.gradle\wrapper\dists\gradle-8.11.1-bin\bpt9gzteqjrbo1mjrsomdt32c\gradle-8.11.1\lib\gradle-daemon-main-8.11.1.jar
Launcher Type: SUN_STANDARD

[Global flags]
     intx CICompilerCount                          = 4                                         {product} {ergonomic}
     uint ConcGCThreads                            = 2                                         {product} {ergonomic}
     uint G1ConcRefinementThreads                  = 8                                         {product} {ergonomic}
   size_t G1HeapRegionSize                         = 1048576                                   {product} {ergonomic}
    uintx GCDrainStackTargetSize                   = 64                                        {product} {ergonomic}
   size_t InitialHeapSize                          = 98566144                                  {product} {ergonomic}
   size_t MarkStackSize                            = 4194304                                   {product} {ergonomic}
   size_t MaxHeapSize                              = 2147483648                                {product} {command line}
   size_t MaxNewSize                               = 1287651328                                {product} {ergonomic}
   size_t MinHeapDeltaBytes                        = 1048576                                   {product} {ergonomic}
   size_t MinHeapSize                              = 8388608                                   {product} {ergonomic}
    uintx NonNMethodCodeHeapSize                   = 5839372                                {pd product} {ergonomic}
    uintx NonProfiledCodeHeapSize                  = 122909434                              {pd product} {ergonomic}
    uintx ProfiledCodeHeapSize                     = 122909434                              {pd product} {ergonomic}
    uintx ReservedCodeCacheSize                    = 251658240                              {pd product} {ergonomic}
     bool SegmentedCodeCache                       = true                                      {product} {ergonomic}
   size_t SoftMaxHeapSize                          = 2147483648                             {manageable} {ergonomic}
     bool UseCompressedClassPointers               = true                           {product lp64_product} {ergonomic}
     bool UseCompressedOops                        = true                           {product lp64_product} {ergonomic}
     bool UseG1GC                                  = true                                      {product} {ergonomic}
     bool UseLargePagesIndividualAllocation        = false                                  {pd product} {ergonomic}

Logging:
Log output configuration:
 #0: stdout all=warning uptime,level,tags
 #1: stderr all=off uptime,level,tags

Environment Variables:
JAVA_HOME=C:\Program Files\Eclipse Adoptium\jdk-17.0.14.7-hotspot\
CLASSPATH=C:\Users\ceiv0\OneDrive\Documentos\GitHub\SkulfulHarmony\\gradle\wrapper\gradle-wrapper.jar
PATH=C:\Program Files\Python310\Scripts\;C:\Program Files\Python310\;C:\Program Files\Eclipse Adoptium\jdk-17.0.14.7-hotspot\bin;C:\Program Files\Common Files\Oracle\Java\javapath;C:\Program Files (x86)\Common Files\Oracle\Java\java8path;C:\Program Files (x86)\Common Files\Oracle\Java\javapath;C:\Python313\Scripts\;C:\Python313\;C:\Program Files\Microsoft\jdk-11.0.16.101-hotspot\bin;C:\WINDOWS\system32;C:\WINDOWS;C:\WINDOWS\System32\Wbem;C:\WINDOWS\System32\WindowsPowerShell\v1.0\;C:\WINDOWS\System32\OpenSSH\;C:\Program Files\dotnet\;C:\PROGRA~2\PICC;C:\Program Files\Git\cmd;C:\ProgramData\chocolatey\bin;C:\Program Files\nodejs\;C:\Program Files (x86)\Gpg4win\..\GnuPG\bin;C:\Users\ceiv0\AppData\Local\Microsoft\WindowsApps;C:\Users\ceiv0\AppData\Local\Muse Hub\lib;C:\Users\ceiv0\AppData\Local\Programs\Microsoft VS Code\bin;C:\Users\ceiv0\AppData\Local\GitHubDesktop\bin;C:\Users\ceiv0\AppData\Roaming\npm
USERNAME=ceiv0
OS=Windows_NT
PROCESSOR_IDENTIFIER=AMD64 Family 23 Model 104 Stepping 1, AuthenticAMD
TMP=C:\Users\ceiv0\AppData\Local\Temp
TEMP=C:\Users\ceiv0\AppData\Local\Temp



Periodic native trim disabled


---------------  S Y S T E M  ---------------

OS:
 Windows 11 , 64 bit Build 22621 (10.0.22621.5124)
OS uptime: 1 days 4:37 hours
Hyper-V role detected

CPU: total 8 (initial active 8) (8 cores per cpu, 2 threads per core) family 23 model 104 stepping 1 microcode 0x0, cx8, cmov, fxsr, ht, mmx, 3dnowpref, sse, sse2, sse3, ssse3, sse4a, sse4.1, sse4.2, popcnt, lzcnt, tsc, tscinvbit, avx, avx2, aes, clmul, bmi1, bmi2, adx, sha, fma, vzeroupper, clflush, clflushopt, hv
Processor Information for processor 0
  Max Mhz: 2600, Current Mhz: 1789, Mhz Limit: 2600
Processor Information for processor 1
  Max Mhz: 2600, Current Mhz: 1789, Mhz Limit: 2600
Processor Information for processor 2
  Max Mhz: 2600, Current Mhz: 1896, Mhz Limit: 2600
Processor Information for processor 3
  Max Mhz: 2600, Current Mhz: 1789, Mhz Limit: 2600
Processor Information for processor 4
  Max Mhz: 2600, Current Mhz: 1789, Mhz Limit: 2600
Processor Information for processor 5
  Max Mhz: 2600, Current Mhz: 1789, Mhz Limit: 2600
Processor Information for processor 6
  Max Mhz: 2600, Current Mhz: 1896, Mhz Limit: 2600
Processor Information for processor 7
  Max Mhz: 2600, Current Mhz: 1789, Mhz Limit: 2600

Memory: 4k page, system-wide physical 6005M (359M free)
TotalPageFile size 24437M (AvailPageFile size 142M)
current process WorkingSet (physical memory assigned to process): 379M, peak: 390M
current process commit charge ("private bytes"): 435M, peak: 693M

vm_info: OpenJDK 64-Bit Server VM (17.0.14+7) for windows-amd64 JRE (17.0.14+7), built on Jan 21 2025 23:40:15 by "admin" with MS VC++ 17.7 (VS2022)

END.
